Log file open, 12/08/21 22:32:55
LogInit:Display: Running engine for game: BlackBoxAudioRoom
LogPlatformFile: Not using cached read wrapper
LogInit:Display: RandInit(-1583688494) SRandInit(-1583688494).
LogInit: Using version manifest at CL 0 with build ID '3c5fb4d8-2571-4905-9aa2-9294a62d95ca'
LogTaskGraph: Started task graph with 5 named threads and 8 total threads with 1 sets of task threads.
LogStats: Stats thread started at 0.104684
LogInit: Using libcurl 7.47.1
LogInit:  - built for x86_64-pc-win32
LogInit:  - supports SSL with OpenSSL/1.0.2g
LogInit:  - supports HTTP deflate (compression) using libz 1.2.8
LogInit:  - other features:
LogInit:      CURL_VERSION_SSL
LogInit:      CURL_VERSION_LIBZ
LogInit:      CURL_VERSION_IPV6
LogInit:      CURL_VERSION_ASYNCHDNS
LogInit:      CURL_VERSION_LARGEFILE
LogInit:      CURL_VERSION_IDN
LogInit:  CurlRequestOptions (configurable via config and command line):
LogInit:  - bVerifyPeer = false  - Libcurl will NOT verify peer certificate
LogInit:  - bUseHttpProxy = false  - Libcurl will NOT use HTTP proxy
LogInit:  - bDontReuseConnections = false  - Libcurl will reuse connections
LogInit:  - CertBundlePath = nullptr  - Libcurl will use whatever was configured at build time.
LogInit: Build: ++UE4+Release-4.15-CL-0
LogInit: Engine Version: 4.15.1-0+++UE4+Release-4.15
LogInit: Compatible Engine Version: 4.15.0-0+++UE4+Release-4.15
LogInit: Net CL: 0
LogDevObjectVersion: Number of dev versions registered: 14
LogDevObjectVersion:   Dev-Blueprints (B0D832E4-1F89-4F0D-ACCF-7EB736FD4AA2): 8
LogDevObjectVersion:   Dev-Build (E1C64328-A22C-4D53-A36C-8E866417BD8C): 0
LogDevObjectVersion:   Dev-Core (375EC13C-06E4-48FB-B500-84F0262A717E): 2
LogDevObjectVersion:   Dev-Editor (E4B068ED-F494-42E9-A231-DA0B2E46BB41): 14
LogDevObjectVersion:   Dev-Framework (CFFC743F-43B0-4480-9391-14DF171D2073): 22
LogDevObjectVersion:   Dev-Mobile (B02B49B5-BB20-44E9-A304-32B752E40360): 0
LogDevObjectVersion:   Dev-Networking (A4E4105C-59A1-49B5-A7C5-40C4547EDFEE): 0
LogDevObjectVersion:   Dev-Online (39C831C9-5AE6-47DC-9A44-9C173E1C8E7C): 0
LogDevObjectVersion:   Dev-Physics (78F01B33-EBEA-4F98-B9B4-84EACCB95AA2): 0
LogDevObjectVersion:   Dev-Platform (6631380F-2D4D-43E0-8009-CF276956A95A): 0
LogDevObjectVersion:   Dev-Rendering (12F88B9F-8875-4AFC-A67C-D90C383ABD29): 12
LogDevObjectVersion:   Dev-Sequencer (7B5AE74C-D270-4C10-A958-57980B212A5A): 3
LogDevObjectVersion:   Dev-VR (D7296918-1DD6-4BDD-9DE2-64A83CC13884): 0
LogDevObjectVersion:   Dev-LoadTimes (C2A15278-BFE7-4AFE-6C17-90FF531DF755): 1
LogInit: Compiled (64-bit): Dec  2 2021 04:36:23
LogInit: Compiled with Visual C++: 19.00.24215.01
LogInit: Build Configuration: Development
LogInit: Branch Name: ++UE4+Release-4.15
LogInit: Command line:  
LogInit: Base directory: C:/Users/erica/Thesis/UE-Aud-4.15.1/Engine/Binaries/Win64/
LogInit: Installed Engine Build: 0
LogInit: Presizing for max 8388607 objects, including 0 objects not considered by GC, pre-allocating 0 bytes for permanent pool.
LogInit: Object subsystem initialized
[2021.12.09-03.32.55:780][  0]LogInit: Selected Device Profile: [Windows]
[2021.12.09-03.32.55:780][  0]LogInit: Applying CVar settings loaded from the selected device profile: [Windows]
[2021.12.09-03.32.55:787][  0]LogInit: Computer: DESKTOP-C4KBQ2T
[2021.12.09-03.32.55:787][  0]LogInit: User: erica
[2021.12.09-03.32.55:787][  0]LogInit: CPU Page size=65536, Cores=4
[2021.12.09-03.32.55:787][  0]LogInit: High frequency timer resolution =10.000000 MHz
[2021.12.09-03.32.55:787][  0]LogMemory: Memory total: Physical=31.9GB (32GB approx)
[2021.12.09-03.32.55:787][  0]LogMemory: Platform Memory Stats for Windows
[2021.12.09-03.32.55:787][  0]LogMemory: Process Physical Memory: 264.59 MB used, 264.60 MB peak
[2021.12.09-03.32.55:787][  0]LogMemory: Process Virtual Memory: 262.13 MB used, 262.13 MB peak
[2021.12.09-03.32.55:787][  0]LogMemory: Physical Memory: 17743.78 MB used,  14951.87 MB free, 32695.64 MB total
[2021.12.09-03.32.55:788][  0]LogMemory: Virtual Memory: 4752.39 MB used,  14951.87 MB free, 134217728.00 MB total
[2021.12.09-03.32.56:878][  0]LogTextLocalizationManager: No specific translations for ('en-US') exist, so ('en') translations will be used.
[2021.12.09-03.32.57:568][  0]LogD3D11RHI: D3D11 adapters:
[2021.12.09-03.32.57:671][  0]LogD3D11RHI:    0. 'NVIDIA GeForce RTX 3070' (Feature Level 11_0)
[2021.12.09-03.32.57:671][  0]LogD3D11RHI:       8043/0/16347 MB DedicatedVideo/DedicatedSystem/SharedSystem, Outputs:1, VendorId:0x10de
[2021.12.09-03.32.57:674][  0]LogD3D11RHI:    1. 'Microsoft Basic Render Driver' (Feature Level 11_0)
[2021.12.09-03.32.57:674][  0]LogD3D11RHI:       0/0/16347 MB DedicatedVideo/DedicatedSystem/SharedSystem, Outputs:0, VendorId:0x1414
[2021.12.09-03.32.57:674][  0]LogD3D11RHI: Chosen D3D11 Adapter: 0
[2021.12.09-03.32.57:685][  0]LogD3D11RHI: Creating new Direct3DDevice
[2021.12.09-03.32.57:686][  0]LogD3D11RHI:     GPU DeviceId: 0x2484 (for the marketing name, search the web for "GPU Device Id")
[2021.12.09-03.32.57:686][  0]LogWindows: EnumDisplayDevices:
[2021.12.09-03.32.57:686][  0]LogWindows:    0. 'NVIDIA GeForce RTX 3070' (P:1 D:1)
[2021.12.09-03.32.57:686][  0]LogWindows:    1. 'NVIDIA GeForce RTX 3070' (P:0 D:0)
[2021.12.09-03.32.57:686][  0]LogWindows:    2. 'NVIDIA GeForce RTX 3070' (P:0 D:0)
[2021.12.09-03.32.57:686][  0]LogWindows:    3. 'NVIDIA GeForce RTX 3070' (P:0 D:0)
[2021.12.09-03.32.57:686][  0]LogWindows: DebugString: GetVideoDriverDetailsInvalid PrimaryIsNotTheChoosenAdapter GetVideoDriverDetailsInvalid PrimaryIsNotTheChoosenAdapter GetVideoDriverDetailsInvalid PrimaryIsNotTheChoosenAdapter GetVideoDriverDetailsInvalid PrimaryIsNotTheChoosenAdapter FoundDriverCount:0 
[2021.12.09-03.32.57:686][  0]LogD3D11RHI:     Adapter Name: NVIDIA GeForce RTX 3070
[2021.12.09-03.32.57:686][  0]LogD3D11RHI:   Driver Version: Unknown (internal:Unknown, unified:Unknown)
[2021.12.09-03.32.57:686][  0]LogD3D11RHI:      Driver Date: Unknown
[2021.12.09-03.32.57:686][  0]LogRHI: Texture pool is 1361 MB (70% of 1945 MB)
[2021.12.09-03.32.57:765][  0]LogD3D11RHI: Async texture creation enabled
[2021.12.09-03.32.57:784][  0]LogD3D11RHI: GPU Timing Frequency: 1000.000000 (Debug: 2 2)
[2021.12.09-03.32.57:785][  0]LogShaderCompilers: Guid format shader working directory is -14 characters bigger than the processId version (../../../../../Info-Vis-FinalProject/BlackBoxAudioRoom 4.15/Intermediate/Shaders/WorkingDirectory/46712/).
[2021.12.09-03.32.57:785][  0]LogShaderCompilers: Cleaned the shader compiler working directory 'C:/Users/erica/AppData/Local/Temp/UnrealShaderWorkingDir/58905A504F6709218AD1EEB60BF39F2F/'.
[2021.12.09-03.32.57:785][  0]LogShaderCompilers:Display: Using Local Shader Compiler.
[2021.12.09-03.32.58:780][  0]LogTemp:Display: Loaded TP MacTargetPlatform
[2021.12.09-03.32.58:867][  0]LogTemp:Display: Loaded TP MacNoEditorTargetPlatform
[2021.12.09-03.32.58:952][  0]LogTemp:Display: Loaded TP MacServerTargetPlatform
[2021.12.09-03.32.59:039][  0]LogTemp:Display: Loaded TP MacClientTargetPlatform
[2021.12.09-03.32.59:119][  0]LogTemp:Display: Loaded TP WindowsTargetPlatform
[2021.12.09-03.32.59:205][  0]LogTemp:Display: Loaded TP WindowsNoEditorTargetPlatform
[2021.12.09-03.32.59:291][  0]LogTemp:Display: Loaded TP WindowsServerTargetPlatform
[2021.12.09-03.32.59:377][  0]LogTemp:Display: Loaded TP WindowsClientTargetPlatform
[2021.12.09-03.32.59:456][  0]LogTemp:Display: Loaded TP AllDesktopTargetPlatform
[2021.12.09-03.32.59:548][  0]LogTemp:Display: Loaded TP AndroidTargetPlatform
[2021.12.09-03.32.59:633][  0]LogTemp:Display: Loaded TP Android_PVRTCTargetPlatform
[2021.12.09-03.32.59:720][  0]LogTemp:Display: Loaded TP Android_ATCTargetPlatform
[2021.12.09-03.32.59:803][  0]LogTemp:Display: Loaded TP Android_DXTTargetPlatform
[2021.12.09-03.32.59:892][  0]LogTemp:Display: Loaded TP Android_ETC1TargetPlatform
[2021.12.09-03.32.59:976][  0]LogTemp:Display: Loaded TP Android_ETC2TargetPlatform
[2021.12.09-03.33.00:071][  0]LogTemp:Display: Loaded TP Android_ASTCTargetPlatform
[2021.12.09-03.33.00:157][  0]LogTemp:Display: Loaded TP Android_MultiTargetPlatform
[2021.12.09-03.33.00:235][  0]LogTemp:Display: Loaded TP HTML5TargetPlatform
[2021.12.09-03.33.00:384][  0]LogTemp:Display: Loaded TP IOSTargetPlatform
[2021.12.09-03.33.00:434][  0]LogTemp:Display: Loaded TP TVOSTargetPlatform
[2021.12.09-03.33.00:434][  0]LogTargetPlatformManager:Display: Building Assets For Windows
[2021.12.09-03.33.01:226][  0]LogDerivedDataCache:Display: Max Cache Size: 512 MB
[2021.12.09-03.33.01:262][  0]LogDerivedDataCache: Loaded boot cache 0.04s 50MB ../../../../../Info-Vis-FinalProject/BlackBoxAudioRoom 4.15/DerivedDataCache/Boot.ddc.
[2021.12.09-03.33.01:262][  0]LogDerivedDataCache:Display: Loaded Boot cache: ../../../../../Info-Vis-FinalProject/BlackBoxAudioRoom 4.15/DerivedDataCache/Boot.ddc
[2021.12.09-03.33.01:262][  0]LogDerivedDataCache: FDerivedDataBackendGraph:  Pak pak cache file ../../../../../Info-Vis-FinalProject/BlackBoxAudioRoom 4.15/DerivedDataCache/DDC.ddp not found, will not use a pak cache.
[2021.12.09-03.33.01:262][  0]LogDerivedDataCache: Unable to find inner node Pak for hierarchical cache Hierarchy.
[2021.12.09-03.33.01:262][  0]LogDerivedDataCache: FDerivedDataBackendGraph:  EnginePak pak cache file ../../../Engine/DerivedDataCache/DDC.ddp not found, will not use a pak cache.
[2021.12.09-03.33.01:262][  0]LogDerivedDataCache: Unable to find inner node EnginePak for hierarchical cache Hierarchy.
[2021.12.09-03.33.01:276][  0]LogDerivedDataCache: Using Local data cache path ../../../Engine/DerivedDataCache: Writable
[2021.12.09-03.33.01:276][  0]LogDerivedDataCache: Shared data cache path not found in *engine.ini, will not use an Shared cache.
[2021.12.09-03.33.01:276][  0]LogDerivedDataCache: Unable to find inner node Shared for hierarchical cache Hierarchy.
[2021.12.09-03.33.01:283][  0]LogSlate: Using Freetype 2.6.0
[2021.12.09-03.33.01:284][  0]LogSlate: SlateFontCache - WITH_FREETYPE: 1, WITH_HARFBUZZ: 1
[2021.12.09-03.33.01:284][  0]LogSlate: SlateFontCache - WITH_FREETYPE: 1, WITH_HARFBUZZ: 1
[2021.12.09-03.33.01:579][  0]LogInit: Selected Device Profile: [Windows]
[2021.12.09-03.33.01:582][  0]LogContentStreaming: Texture pool size is 0.00 MB
[2021.12.09-03.33.01:874][  0]LogMeshUtilities: Using QuadricMeshReduction for automatic static mesh reduction
[2021.12.09-03.33.01:892][  0]LogMeshUtilities: No automatic skeletal mesh reduction module available
[2021.12.09-03.33.01:892][  0]LogMeshUtilities: No automatic mesh merging module available
[2021.12.09-03.33.01:892][  0]LogMeshUtilities: No distributed automatic mesh merging module available
[2021.12.09-03.33.02:518][  0]LogNetVersion: GetLocalNetworkVersion: CL: 0, ProjectName: blackboxaudioroom, ProjectVersion: , EngineNetworkVersion: 2, GameNetworkVersion: 0, NetworkChecksum: 2902508691
[2021.12.09-03.33.02:583][  0]LogAssetRegistry: FAssetRegistry took 0.0222 seconds to start up
[2021.12.09-03.33.02:664][  0]LogPackageLocalizationCache: Processed 3 localized package path(s) for 2 prioritized culture(s) in 0.040714 seconds
[2021.12.09-03.33.02:669][  0]LogUObjectArray: 32472 objects as part of root set at end of initial load.
[2021.12.09-03.33.02:669][  0]LogUObjectAllocator: 7075552 out of 0 bytes used by permanent object pool.
[2021.12.09-03.33.02:669][  0]LogUObjectArray: CloseDisregardForGC: 0/0 objects in disregard for GC pool
[2021.12.09-03.33.02:792][  0]LogInit: WinSock: version 1.1 (2.2), MaxSocks=32767, MaxUdp=65467
[2021.12.09-03.33.05:569][  0]LogTcpMessaging: Initializing TcpMessaging bridge
[2021.12.09-03.33.05:640][  0]LogUdpMessaging: Initializing bridge on interface 0.0.0.0:0 to multicast group 230.0.0.1:6666.
[2021.12.09-03.33.05:641][  0]FUdpSocketBuilder: Failed to subscribe UdpMessageMulticastSocket to multicast group 230.0.0.1
[2021.12.09-03.33.05:641][  0]FUdpSocketBuilder: Failed to create and initialize socket UdpMessageMulticastSocket (last error: 0)
[2021.12.09-03.33.05:641][  0]LogUdpMessaging:Warning: StartTransport failed to create multicast socket on 0.0.0.0:0, joined to 230.0.0.1:6666 with TTL 1
[2021.12.09-03.33.05:874][  0]LogNvAudioFn:Display: FNvAcousticRayTracer::FNvAcousticRayTracer

[2021.12.09-03.33.05:874][  0]LogNvAudioFn:Display: FNvAcousticRayTracer::StartupModule

[2021.12.09-03.33.05:989][  0]LogNvXAudio2Fn:Display: FSpatializationPlugin::FSpatializationPlugin

[2021.12.09-03.33.06:632][  0]LogMaterial: Uniform references updated for custom material expression Custom.
[2021.12.09-03.33.07:300][  0]SourceControl: Info Source control is disabled
[2021.12.09-03.33.07:357][  0]SourceControl: Info Source control is disabled
[2021.12.09-03.33.07:452][  0]SourceControl: Info Source control is disabled
[2021.12.09-03.33.07:547][  0]SourceControl: Info Source control is disabled
[2021.12.09-03.33.10:021][  0]LogEngine: Initializing Engine...
[2021.12.09-03.33.10:022][  0]LogHMD: Failed to initialize OpenVR with code 110
[2021.12.09-03.33.10:341][  0]LogAIModule: Creating AISystem for world Untitled
[2021.12.09-03.33.10:407][  0]LogInit: XAudio2 using 'Headset Earphone (SteelSeries Arctis Pro Chat)' : 2 channels at 48 kHz using 16 bits per sample (channel mask 0x3)
[2021.12.09-03.33.10:431][  0]LogNvXAudio2Fn:Display: FSpatializationPlugin::Initialize

[2021.12.09-03.33.10:431][  0]LogNvXAudio2Fn:Display: FSpatializationPlugin::LoadModule

[2021.12.09-03.33.10:445][  0]LogNvXAudio2Fn:Display: NVARContext::NVARContext

[2021.12.09-03.33.10:747][  0]LogNvXAudio2:Display: nvar context created/retrived successfully: 0000021EA5B286C0

[2021.12.09-03.33.10:747][  0]LogNvXAudio2Fn:Display: FSpatializationPlugin::GetNewSpatializationAlgorithm

[2021.12.09-03.33.10:747][  0]LogNvXAudio2Fn:Display: FHrtfSpatializationAlgorithmXAudio2::FHrtfSpatializationAlgorithmXAudio2

[2021.12.09-03.33.10:747][  0]LogInit: FAudioDevice initialized.
[2021.12.09-03.33.10:768][  0]LogDerivedDataCache: Saved boot cache 0.02s 50MB ../../../../../Info-Vis-FinalProject/BlackBoxAudioRoom 4.15/DerivedDataCache/Boot.ddc.
[2021.12.09-03.33.10:773][  0]LogInit: Texture streaming: Enabled
[2021.12.09-03.33.11:019][  0]LogEngineSessionManager: EngineSessionManager initialized
[2021.12.09-03.33.11:198][  0]LogInit: Transaction tracking system initialized
[2021.12.09-03.33.11:866][  0]BlueprintLog: New page: Editor Load
[2021.12.09-03.33.13:550][  0]LocalizationService: Info Localization service is disabled
[2021.12.09-03.33.14:849][  0]LogConsoleResponse:Display: 
[2021.12.09-03.33.14:986][  0]LogCook:Display: Max memory allowance for cook 16384mb min free memory 0mb
[2021.12.09-03.33.14:986][  0]LogCook:Display: Mobile HDR setting 1
[2021.12.09-03.33.15:768][  0]LogFileCache: Scanning file cache for directory 'C:/Users/erica/Info-Vis-FinalProject/BlackBoxAudioRoom 4.15/Content/' took 0.01s
[2021.12.09-03.33.16:997][  0]SourceControl: Info Source control is disabled
[2021.12.09-03.33.16:997][  0]Cmd: MAP LOAD FILE="../../../../../Info-Vis-FinalProject/BlackBoxAudioRoom 4.15/Content/CustomContent/tworoomsmultisource.umap" TEMPLATE=0 SHOWPROGRESS=1 FEATURELEVEL=3
[2021.12.09-03.33.16:998][  0]LightingResults: New page: Lighting Build
[2021.12.09-03.33.17:071][  0]LogNvAudioFn:Display: FNvAcousticRayTracer::OnFWorldCleanupEvent

[2021.12.09-03.33.17:072][  0]MapCheck: New page: Map Check
[2021.12.09-03.33.17:072][  0]LightingResults: New page: Lighting Build
[2021.12.09-03.33.17:414][  0]LogAIModule: Creating AISystem for world tworoomsmultisource
[2021.12.09-03.33.17:445][  0]LogEditorServer: Finished looking for orphan Actors (0.000 secs)
[2021.12.09-03.33.17:445][  0]Cmd: MAP CHECKDEP NOCLEARLOG
[2021.12.09-03.33.17:532][  0]MapCheck: Info Map check complete: 0 Error(s), 0 Warning(s), took 87.262ms to complete.
[2021.12.09-03.33.17:532][  0]LogFileHelpers: Loading map 'tworoomsmultisource' took 0.536
[2021.12.09-03.33.17:701][  0]LogCollectionManager: Loaded 0 collections in 0.000715 seconds
[2021.12.09-03.33.17:814][  0]LogFileCache: Scanning file cache for directory 'C:/Users/erica/Info-Vis-FinalProject/BlackBoxAudioRoom 4.15/Saved/Collections/' took 0.01s
[2021.12.09-03.33.17:814][  0]LogFileCache: Scanning file cache for directory 'C:/Users/erica/Info-Vis-FinalProject/BlackBoxAudioRoom 4.15/Content/Developers/erica/Collections/' took 0.01s
[2021.12.09-03.33.17:814][  0]LogFileCache: Scanning file cache for directory 'C:/Users/erica/Info-Vis-FinalProject/BlackBoxAudioRoom 4.15/Content/Collections/' took 0.01s
[2021.12.09-03.33.17:814][  0]LogCollectionManager: Rebuilt the GUID cache for 0 collections in 0.000002 seconds
[2021.12.09-03.33.17:820][  0]LogContentBrowser: Native class hierarchy populated in 0.0062 seconds. Added 2244 classes and 451 folders.
[2021.12.09-03.33.17:822][  0]LogStats: UGameplayTagsManager::ConstructGameplayTagTree: Construct from data asset -  0.000 s
[2021.12.09-03.33.17:822][  0]LogStats: UGameplayTagsManager::ConstructGameplayTagTree: GameplayTagTreeChangedEvent.Broadcast -  0.000 s
[2021.12.09-03.33.17:936][  0]LogContentBrowser: Native class hierarchy updated for 'WidgetCarousel' in 0.0004 seconds. Added 0 classes and 0 folders.
[2021.12.09-03.33.17:990][  0]LogContentBrowser: Native class hierarchy updated for 'AddContentDialog' in 0.0004 seconds. Added 0 classes and 0 folders.
[2021.12.09-03.33.18:066][  0]LogContentBrowser: Native class hierarchy updated for 'SceneOutliner' in 0.0004 seconds. Added 1 classes and 2 folders.
[2021.12.09-03.33.18:131][  0]LogCrashTracker: Crashtracker disabled due to settings.
[2021.12.09-03.33.18:139][  0]LogUObjectGlobals:Warning: Failed to find object 'Class None.'
[2021.12.09-03.33.18:240][  0]LogContentBrowser: Native class hierarchy updated for 'HierarchicalLODOutliner' in 0.0004 seconds. Added 1 classes and 2 folders.
[2021.12.09-03.33.18:240][  0]LogLoad: (Engine Initialization) Total time: 24.55 seconds
[2021.12.09-03.33.18:240][  0]LogLoad: (Engine Initialization) Total Blueprint compile time: 0.19 seconds
[2021.12.09-03.33.18:240][  0]LogExternalProfiler: No external profilers were discovered.  External profiling features will not be available.
[2021.12.09-03.33.18:579][  0]LogOcInput: OculusInput pre-init called
[2021.12.09-03.33.18:593][  0]LogAssetRegistry: Asset discovery search completed in 16.0343 seconds
[2021.12.09-03.33.18:593][  0]LogCollectionManager: Rebuilt the object cache for 0 collections in 0.000000 seconds (found 0 objects)
[2021.12.09-03.33.18:593][  0]LogCollectionManager: Fixed up redirectors for 0 collections in 0.000015 seconds (updated 0 objects)
[2021.12.09-03.33.18:595][  0]LogContentStreaming: Texture pool size now 1000 MB
[2021.12.09-03.33.18:613][  0]LogSlate: Took 0.000339 seconds to synchronously load lazily loaded font '../../../Engine/Content/Slate/Fonts/Roboto-Regular.ttf' (155K)
[2021.12.09-03.33.18:616][  0]LogSlate: Took 0.000522 seconds to synchronously load lazily loaded font '../../../Engine/Content/Slate/Fonts/Roboto-Bold.ttf' (160K)
[2021.12.09-03.33.18:619][  0]LogSlate: Took 0.000351 seconds to synchronously load lazily loaded font '../../../Engine/Content/Editor/Slate/Fonts/FontAwesome.ttf' (139K)
[2021.12.09-03.33.18:720][  0]LogRenderer: Reallocating scene render targets to support 848x596 NumSamples 1 (Frame:2).
[2021.12.09-03.33.26:769][408]LogSlate: Took 0.000426 seconds to synchronously load lazily loaded font '../../../Engine/Content/Editor/Slate/Fonts/Roboto-Italic.ttf' (157K)
[2021.12.09-03.33.47:976][423]LogSlate: Took 0.000302 seconds to synchronously load lazily loaded font '../../../Engine/Content/Slate/Fonts/Roboto-Light.ttf' (159K)
[2021.12.09-03.33.48:258][423]LogSavePackage: Save=151.49ms
[2021.12.09-03.33.48:258][423]LogSavePackage: Moving '../../../../../Info-Vis-FinalProject/BlackBoxAudioRoom 4.15/Saved/tworoomsmultisource848C97294CB636F91F1008ADBF190D5D.tmp' to '../../../../../Info-Vis-FinalProject/BlackBoxAudioRoom 4.15/Content/CustomContent/tworoomsmultisource.umap'
[2021.12.09-03.33.48:264][423]LogSavePackage:Display: Finished SavePackage ../../../../../Info-Vis-FinalProject/BlackBoxAudioRoom 4.15/Content/CustomContent/tworoomsmultisource.umap
[2021.12.09-03.33.48:281][423]LogFileHelpers: Saving map 'tworoomsmultisource' took 0.297
[2021.12.09-03.34.03:505][560]LogMaterial: Missing cached shader map for material M_Ground_Moss, compiling. 
[2021.12.09-03.34.03:515][560]LogTemp:Display: Added material ShaderMap 0x0000021EB7ABA780 with Material 0x0000021ECAC6BD80 to ShaderMapsBeingCompiled
[2021.12.09-03.34.03:530][560]LogTemp:Display: Kicking off shader compilation for M_Ground_Moss, GameThreadShaderMap 0x0000021EB7ABA780
[2021.12.09-03.34.03:608][560]LogMaterial: Missing cached shader map for material M_Ground_Moss, compiling. 
[2021.12.09-03.34.03:609][560]LogTemp:Display: Added material ShaderMap 0x0000021F16D24800 with Material 0x0000021ECAC6BD80 to ShaderMapsBeingCompiled
[2021.12.09-03.34.03:617][560]LogTemp:Display: Kicking off shader compilation for M_Ground_Moss, GameThreadShaderMap 0x0000021F16D24800
[2021.12.09-03.34.03:617][560]LogMaterial: 0.00 seconds spent updating 1 materials, 1 interfaces, 0 instances, 0 with static permutations.
[2021.12.09-03.34.03:644][560]LogMaterial: Missing cached shader map for material FMatExpressionPreview MaterialExpressionTextureSample_1, compiling. 
[2021.12.09-03.34.03:644][560]LogTemp:Display: Added material ShaderMap 0x0000021F16B2EE80 with Material 0x0000021F16C97A00 to ShaderMapsBeingCompiled
[2021.12.09-03.34.03:647][560]LogTemp:Display: Kicking off shader compilation for FMatExpressionPreview MaterialExpressionTextureSample_1, GameThreadShaderMap 0x0000021F16B2EE80
[2021.12.09-03.34.03:647][560]LogMaterial: Missing cached shader map for material FMatExpressionPreview MaterialExpressionTextureSample_4, compiling. 
[2021.12.09-03.34.03:648][560]LogTemp:Display: Added material ShaderMap 0x0000021F16B2D600 with Material 0x0000021F16C95F00 to ShaderMapsBeingCompiled
[2021.12.09-03.34.03:649][560]LogTemp:Display: Kicking off shader compilation for FMatExpressionPreview MaterialExpressionTextureSample_4, GameThreadShaderMap 0x0000021F16B2D600
[2021.12.09-03.34.03:650][560]LogMaterial: Missing cached shader map for material FMatExpressionPreview MaterialExpressionTextureSample_12, compiling. 
[2021.12.09-03.34.03:651][560]LogTemp:Display: Added material ShaderMap 0x0000021EF2F69600 with Material 0x0000021F16C95C00 to ShaderMapsBeingCompiled
[2021.12.09-03.34.03:653][560]LogTemp:Display: Kicking off shader compilation for FMatExpressionPreview MaterialExpressionTextureSample_12, GameThreadShaderMap 0x0000021EF2F69600
[2021.12.09-03.34.03:654][560]LogMaterial: Missing cached shader map for material FMatExpressionPreview MaterialExpressionConstant3Vector_5, compiling. 
[2021.12.09-03.34.03:655][560]LogTemp:Display: Added material ShaderMap 0x0000021F16AD7C80 with Material 0x0000021F16C94A00 to ShaderMapsBeingCompiled
[2021.12.09-03.34.03:658][560]LogTemp:Display: Kicking off shader compilation for FMatExpressionPreview MaterialExpressionConstant3Vector_5, GameThreadShaderMap 0x0000021F16AD7C80
[2021.12.09-03.34.03:660][560]LogMaterial: Missing cached shader map for material FMatExpressionPreview MaterialExpressionTextureSample_13, compiling. 
[2021.12.09-03.34.03:660][560]LogTemp:Display: Added material ShaderMap 0x0000021F16AD6400 with Material 0x0000021EF2FF1F00 to ShaderMapsBeingCompiled
[2021.12.09-03.34.03:663][560]LogTemp:Display: Kicking off shader compilation for FMatExpressionPreview MaterialExpressionTextureSample_13, GameThreadShaderMap 0x0000021F16AD6400
[2021.12.09-03.34.03:665][560]LogMaterial: Missing cached shader map for material FMatExpressionPreview MaterialExpressionTextureSample_14, compiling. 
[2021.12.09-03.34.03:665][560]LogTemp:Display: Added material ShaderMap 0x0000021F16AD4B80 with Material 0x0000021E885E4700 to ShaderMapsBeingCompiled
[2021.12.09-03.34.03:668][560]LogTemp:Display: Kicking off shader compilation for FMatExpressionPreview MaterialExpressionTextureSample_14, GameThreadShaderMap 0x0000021F16AD4B80
[2021.12.09-03.34.03:669][560]LogMaterial: Missing cached shader map for material FMatExpressionPreview MaterialExpressionTextureSample_15, compiling. 
[2021.12.09-03.34.03:670][560]LogTemp:Display: Added material ShaderMap 0x0000021F16A82E80 with Material 0x0000021F07F4D600 to ShaderMapsBeingCompiled
[2021.12.09-03.34.03:673][560]LogTemp:Display: Kicking off shader compilation for FMatExpressionPreview MaterialExpressionTextureSample_15, GameThreadShaderMap 0x0000021F16A82E80
[2021.12.09-03.34.03:682][560]LogSlate: Took 0.000370 seconds to synchronously load lazily loaded font '../../../Engine/Content/Editor/Slate/Fonts/Roboto-BoldCondensed.ttf' (158K)
[2021.12.09-03.34.05:061][633]LogTemp:Display: Finished compile of shader map 0x0000021F16D24800
[2021.12.09-03.34.05:061][633]LogTemp:Display: Shader map M_Ground_Moss complete, GameThreadShaderMap 0x0000021F16D24800, marking material M_Ground_Moss as finished
[2021.12.09-03.34.05:061][633]LogTemp:Display: Marking material as finished 0x0000021ECAC6BD80
[2021.12.09-03.34.05:176][640]LogTemp:Display: Finished compile of shader map 0x0000021F16B2EE80
[2021.12.09-03.34.05:176][640]LogTemp:Display: Shader map FMatExpressionPreview MaterialExpressionTextureSample_1 complete, GameThreadShaderMap 0x0000021F16B2EE80, marking material FMatExpressionPreview MaterialExpressionTextureSample_1 as finished
[2021.12.09-03.34.05:176][640]LogTemp:Display: Marking material as finished 0x0000021F16C97A00
[2021.12.09-03.34.05:309][649]LogTemp:Display: Finished compile of shader map 0x0000021F16B2D600
[2021.12.09-03.34.05:309][649]LogTemp:Display: Shader map FMatExpressionPreview MaterialExpressionTextureSample_4 complete, GameThreadShaderMap 0x0000021F16B2D600, marking material FMatExpressionPreview MaterialExpressionTextureSample_4 as finished
[2021.12.09-03.34.05:309][649]LogTemp:Display: Marking material as finished 0x0000021F16C95F00
[2021.12.09-03.34.05:376][654]LogTemp:Display: Finished compile of shader map 0x0000021EF2F69600
[2021.12.09-03.34.05:376][654]LogTemp:Display: Shader map FMatExpressionPreview MaterialExpressionTextureSample_12 complete, GameThreadShaderMap 0x0000021EF2F69600, marking material FMatExpressionPreview MaterialExpressionTextureSample_12 as finished
[2021.12.09-03.34.05:376][654]LogTemp:Display: Marking material as finished 0x0000021F16C95C00
[2021.12.09-03.34.05:526][665]LogTemp:Display: Finished compile of shader map 0x0000021F16AD7C80
[2021.12.09-03.34.05:526][665]LogTemp:Display: Shader map FMatExpressionPreview MaterialExpressionConstant3Vector_5 complete, GameThreadShaderMap 0x0000021F16AD7C80, marking material FMatExpressionPreview MaterialExpressionConstant3Vector_5 as finished
[2021.12.09-03.34.05:526][665]LogTemp:Display: Marking material as finished 0x0000021F16C94A00
[2021.12.09-03.34.05:577][669]LogTemp:Display: Finished compile of shader map 0x0000021F16AD6400
[2021.12.09-03.34.05:577][669]LogTemp:Display: Shader map FMatExpressionPreview MaterialExpressionTextureSample_13 complete, GameThreadShaderMap 0x0000021F16AD6400, marking material FMatExpressionPreview MaterialExpressionTextureSample_13 as finished
[2021.12.09-03.34.05:577][669]LogTemp:Display: Marking material as finished 0x0000021EF2FF1F00
[2021.12.09-03.34.05:729][679]LogTemp:Display: Finished compile of shader map 0x0000021F16AD4B80
[2021.12.09-03.34.05:729][679]LogTemp:Display: Shader map FMatExpressionPreview MaterialExpressionTextureSample_14 complete, GameThreadShaderMap 0x0000021F16AD4B80, marking material FMatExpressionPreview MaterialExpressionTextureSample_14 as finished
[2021.12.09-03.34.05:729][679]LogTemp:Display: Marking material as finished 0x0000021E885E4700
[2021.12.09-03.34.05:795][684]LogTemp:Display: Finished compile of shader map 0x0000021F16A82E80
[2021.12.09-03.34.05:795][684]LogTemp:Display: Shader map FMatExpressionPreview MaterialExpressionTextureSample_15 complete, GameThreadShaderMap 0x0000021F16A82E80, marking material FMatExpressionPreview MaterialExpressionTextureSample_15 as finished
[2021.12.09-03.34.05:795][684]LogTemp:Display: Marking material as finished 0x0000021F07F4D600
[2021.12.09-03.34.24:617][749]LogNvAudioFn:Display: FNvAcousticRayTracer::OnFWorldCleanupEvent

[2021.12.09-03.34.25:906][897]LogMaterial: Missing cached shader map for material M_Basic_Wall, compiling. 
[2021.12.09-03.34.25:907][897]LogTemp:Display: Added material ShaderMap 0x0000021EDD309980 with Material 0x0000021F16C8D580 to ShaderMapsBeingCompiled
[2021.12.09-03.34.25:913][897]LogTemp:Display: Kicking off shader compilation for M_Basic_Wall, GameThreadShaderMap 0x0000021EDD309980
[2021.12.09-03.34.25:983][897]LogMaterial: Missing cached shader map for material M_Basic_Wall, compiling. 
[2021.12.09-03.34.25:983][897]LogTemp:Display: Added material ShaderMap 0x0000021F1A534800 with Material 0x0000021F16C8D580 to ShaderMapsBeingCompiled
[2021.12.09-03.34.25:990][897]LogTemp:Display: Kicking off shader compilation for M_Basic_Wall, GameThreadShaderMap 0x0000021F1A534800
[2021.12.09-03.34.25:990][897]LogMaterial: 0.00 seconds spent updating 1 materials, 1 interfaces, 0 instances, 0 with static permutations.
[2021.12.09-03.34.26:014][897]LogMaterial: Missing cached shader map for material FMatExpressionPreview MaterialExpressionVectorParameter_1, compiling. 
[2021.12.09-03.34.26:015][897]LogTemp:Display: Added material ShaderMap 0x0000021F13E9C100 with Material 0x0000021F1B0B7400 to ShaderMapsBeingCompiled
[2021.12.09-03.34.26:016][897]LogTemp:Display: Kicking off shader compilation for FMatExpressionPreview MaterialExpressionVectorParameter_1, GameThreadShaderMap 0x0000021F13E9C100
[2021.12.09-03.34.27:289][984]LogTemp:Display: Finished compile of shader map 0x0000021F1A534800
[2021.12.09-03.34.27:289][984]LogTemp:Display: Shader map M_Basic_Wall complete, GameThreadShaderMap 0x0000021F1A534800, marking material M_Basic_Wall as finished
[2021.12.09-03.34.27:289][984]LogTemp:Display: Marking material as finished 0x0000021F16C8D580
[2021.12.09-03.34.27:355][989]LogTemp:Display: Finished compile of shader map 0x0000021F13E9C100
[2021.12.09-03.34.27:355][989]LogTemp:Display: Shader map FMatExpressionPreview MaterialExpressionVectorParameter_1 complete, GameThreadShaderMap 0x0000021F13E9C100, marking material FMatExpressionPreview MaterialExpressionVectorParameter_1 as finished
[2021.12.09-03.34.27:355][989]LogTemp:Display: Marking material as finished 0x0000021F1B0B7400
[2021.12.09-03.34.42:373][656]LogNvAudioFn:Display: FNvAcousticRayTracer::OnFWorldCleanupEvent

[2021.12.09-03.34.43:821][826]LogTemp: Repeting last play command: Selected Viewport
[2021.12.09-03.34.43:830][826]LogBlueprintUserMessages: Early PlayInEditor Detection: Level '/Game/CustomContent/tworoomsmultisource.tworoomsmultisource:PersistentLevel' has LevelScriptBlueprint '/Game/CustomContent/tworoomsmultisource.tworoomsmultisource:PersistentLevel.tworoomsmultisource' with GeneratedClass '/Game/CustomContent/tworoomsmultisource.tworoomsmultisource_C' with ClassGeneratedBy '/Game/CustomContent/tworoomsmultisource.tworoomsmultisource:PersistentLevel.tworoomsmultisource'
[2021.12.09-03.34.43:830][826]LogPlayLevel: PlayLevel: No blueprints needed recompiling
[2021.12.09-03.34.43:830][826]PIE: New page: PIE session: tworoomsmultisource (Dec 8, 2021, 5:34:43 PM)
[2021.12.09-03.34.43:830][826]LogPlayLevel: Creating play world package: /Game/CustomContent/UEDPIE_0_tworoomsmultisource
[2021.12.09-03.34.43:837][826]LogPlayLevel: PIE: StaticDuplicateObject took: (0.007123s)
[2021.12.09-03.34.43:838][826]LogAIModule: Creating AISystem for world tworoomsmultisource
[2021.12.09-03.34.43:838][826]LogNvAudio:Display: NVAR Version: 1000

[2021.12.09-03.34.43:838][826]LogNvAudio:Display: Creating NVAR. Preset: 0

[2021.12.09-03.34.43:838][826]LogNvAudio:Display: nvarCreate success. nvar handle: 0000021EA5B286C0

[2021.12.09-03.34.43:838][826]LogNvAudio:Display: ReverbLength: 1.000000

[2021.12.09-03.34.43:838][826]LogNvAudioMeshLoad:Display: PreCreateMaterials(8 count)

[2021.12.09-03.34.43:838][826]LogNvAudio:Display: UnitsPerMeter: 100.000000

[2021.12.09-03.34.43:838][826]LogNvAudio:Display: nvarGetSourceFilterArraySize: 384000

[2021.12.09-03.34.43:838][826]LogPlayLevel: PIE: World Init took: (0.000591s)
[2021.12.09-03.34.43:838][826]LogPlayLevel: PIE: Created PIE world by copying editor world from /Game/CustomContent/tworoomsmultisource.tworoomsmultisource to /Game/CustomContent/UEDPIE_0_tworoomsmultisource.tworoomsmultisource (0.007878s)
[2021.12.09-03.34.43:846][826]LogTemp:Display: Removed shader map 0x0000021EDD309980 from material 0x0000021F16C8D580
[2021.12.09-03.34.43:846][826]LogTemp:Display: Removed shader map 0x0000021EB7ABA780 from material 0x0000021ECAC6BD80
[2021.12.09-03.34.43:907][826]LogInit: XAudio2 using 'Headset Earphone (SteelSeries Arctis Pro Chat)' : 2 channels at 48 kHz using 16 bits per sample (channel mask 0x3)
[2021.12.09-03.34.43:923][826]LogNvXAudio2Fn:Display: FSpatializationPlugin::Initialize

[2021.12.09-03.34.43:923][826]LogNvXAudio2Fn:Display: FSpatializationPlugin::GetNewSpatializationAlgorithm

[2021.12.09-03.34.43:923][826]LogNvXAudio2Fn:Display: FHrtfSpatializationAlgorithmXAudio2::FHrtfSpatializationAlgorithmXAudio2

[2021.12.09-03.34.43:923][826]LogInit: FAudioDevice initialized.
[2021.12.09-03.34.43:969][826]LogLoad: Game class is 'GameModeBase'
[2021.12.09-03.34.43:971][826]LogWorld: Bringing World /Game/CustomContent/UEDPIE_0_tworoomsmultisource.tworoomsmultisource up for play (max tick rate 0) at 2021.12.08-22.34.43
[2021.12.09-03.34.43:971][826]LogNvAudioFn:Display: FNvAcousticRayTracer::OnPostActorsInitialization

[2021.12.09-03.34.43:971][826]LogNvAudioFn:Display: FNvAcousticRayTracerScene::CommitWorldGeometry (RENDERSTATE)

[2021.12.09-03.34.43:971][826]LogNvAudioMeshLoad:Display: Actor count: 78

[2021.12.09-03.34.43:971][826]LogNvAudioMeshLoad:Display: Actor Wall_400x400_2 Movable 0, components: 1

[2021.12.09-03.34.43:971][826]LogNvAudioMeshLoad:Display: Loading static mesh Wall_400x400_2.StaticMeshComponent0 Wall_400x400 to nvar: 24 verts 12 faces, SImulatePhysics = 0,  staticMeshComponent = 0000021F1A65B580

[2021.12.09-03.34.43:971][826]LogNvAudioMeshLoad:Warning: Unknown material 9 passed. Using NVAR_PREDEFINED_MATERIAL_CONCRETE

[2021.12.09-03.34.43:971][826]LogNvAudioMeshLoad:Display: Material: 0

[2021.12.09-03.34.43:971][826]LogNvAudioMeshLoad:Display: Actor Wall_400x401 Movable 0, components: 1

[2021.12.09-03.34.43:971][826]LogNvAudioMeshLoad:Display: Loading static mesh Wall_400x401.StaticMeshComponent0 Wall_400x400 to nvar: 24 verts 12 faces, SImulatePhysics = 0,  staticMeshComponent = 0000021F1B0B2080

[2021.12.09-03.34.43:971][826]LogNvAudioMeshLoad:Warning: Unknown material 9 passed. Using NVAR_PREDEFINED_MATERIAL_CONCRETE

[2021.12.09-03.34.43:971][826]LogNvAudioMeshLoad:Display: Material: 0

[2021.12.09-03.34.43:971][826]LogNvAudioMeshLoad:Display: Actor Wall_Door_400x400_6 Movable 0, components: 1

[2021.12.09-03.34.43:971][826]LogNvAudioMeshLoad:Display: Loading static mesh Wall_Door_400x400_6.StaticMeshComponent0 Wall_Door_400x400 to nvar: 64 verts 44 faces, SImulatePhysics = 0,  staticMeshComponent = 0000021F1B0B1600

[2021.12.09-03.34.43:971][826]LogNvAudioMeshLoad:Warning: Unknown material 9 passed. Using NVAR_PREDEFINED_MATERIAL_CONCRETE

[2021.12.09-03.34.43:971][826]LogNvAudioMeshLoad:Display: Material: 0

[2021.12.09-03.34.43:971][826]LogNvAudioMeshLoad:Display: Actor Wall_400x402 Movable 0, components: 1

[2021.12.09-03.34.43:971][826]LogNvAudioMeshLoad:Display: Loading static mesh Wall_400x402.StaticMeshComponent0 Wall_400x400 to nvar: 24 verts 12 faces, SImulatePhysics = 0,  staticMeshComponent = 0000021F1B0B0B80

[2021.12.09-03.34.43:971][826]LogNvAudioMeshLoad:Warning: Unknown material 9 passed. Using NVAR_PREDEFINED_MATERIAL_CONCRETE

[2021.12.09-03.34.43:971][826]LogNvAudioMeshLoad:Display: Material: 0

[2021.12.09-03.34.43:971][826]LogNvAudioMeshLoad:Display: Actor Wall_400x403 Movable 0, components: 1

[2021.12.09-03.34.43:971][826]LogNvAudioMeshLoad:Display: Loading static mesh Wall_400x403.StaticMeshComponent0 Wall_400x400 to nvar: 24 verts 12 faces, SImulatePhysics = 0,  staticMeshComponent = 0000021F1B0B0100

[2021.12.09-03.34.43:971][826]LogNvAudioMeshLoad:Warning: Unknown material 9 passed. Using NVAR_PREDEFINED_MATERIAL_CONCRETE

[2021.12.09-03.34.43:971][826]LogNvAudioMeshLoad:Display: Material: 0

[2021.12.09-03.34.43:971][826]LogNvAudioMeshLoad:Display: Actor Wall_400x404 Movable 0, components: 1

[2021.12.09-03.34.43:971][826]LogNvAudioMeshLoad:Display: Loading static mesh Wall_400x404.StaticMeshComponent0 Wall_400x400 to nvar: 24 verts 12 faces, SImulatePhysics = 0,  staticMeshComponent = 0000021F1B0B2B00

[2021.12.09-03.34.43:971][826]LogNvAudioMeshLoad:Warning: Unknown material 9 passed. Using NVAR_PREDEFINED_MATERIAL_CONCRETE

[2021.12.09-03.34.43:971][826]LogNvAudioMeshLoad:Display: Material: 0

[2021.12.09-03.34.43:971][826]LogNvAudioMeshLoad:Display: Actor Sphere_12 Movable 0, components: 1

[2021.12.09-03.34.43:971][826]LogNvAudioMeshLoad:Display: NOT LOADING Mesh Sphere_12 to NVAR

[2021.12.09-03.34.43:971][826]LogNvAudioMeshLoad:Display: Actor Wall_400x405 Movable 0, components: 1

[2021.12.09-03.34.43:971][826]LogNvAudioMeshLoad:Display: Loading static mesh Wall_400x405.StaticMeshComponent0 Wall_400x400 to nvar: 24 verts 12 faces, SImulatePhysics = 0,  staticMeshComponent = 0000021F1A9B1600

[2021.12.09-03.34.43:971][826]LogNvAudioMeshLoad:Warning: Unknown material 9 passed. Using NVAR_PREDEFINED_MATERIAL_CONCRETE

[2021.12.09-03.34.43:971][826]LogNvAudioMeshLoad:Display: Material: 0

[2021.12.09-03.34.43:971][826]LogNvAudioMeshLoad:Display: Actor Wall_400x406 Movable 0, components: 1

[2021.12.09-03.34.43:971][826]LogNvAudioMeshLoad:Display: Loading static mesh Wall_400x406.StaticMeshComponent0 Wall_400x400 to nvar: 24 verts 12 faces, SImulatePhysics = 0,  staticMeshComponent = 0000021F1A9B2B00

[2021.12.09-03.34.43:971][826]LogNvAudioMeshLoad:Warning: Unknown material 9 passed. Using NVAR_PREDEFINED_MATERIAL_CONCRETE

[2021.12.09-03.34.43:971][826]LogNvAudioMeshLoad:Display: Material: 0

[2021.12.09-03.34.43:971][826]LogNvAudioMeshLoad:Display: Actor Wall_Door_400x401 Movable 0, components: 1

[2021.12.09-03.34.43:971][826]LogNvAudioMeshLoad:Display: Loading static mesh Wall_Door_400x401.StaticMeshComponent0 Wall_Door_400x400 to nvar: 64 verts 44 faces, SImulatePhysics = 0,  staticMeshComponent = 0000021F1A9B3580

[2021.12.09-03.34.43:971][826]LogNvAudioMeshLoad:Warning: Unknown material 9 passed. Using NVAR_PREDEFINED_MATERIAL_CONCRETE

[2021.12.09-03.34.43:971][826]LogNvAudioMeshLoad:Display: Material: 0

[2021.12.09-03.34.43:971][826]LogNvAudioMeshLoad:Display: Actor Wall_400x407 Movable 0, components: 1

[2021.12.09-03.34.43:971][826]LogNvAudioMeshLoad:Display: Loading static mesh Wall_400x407.StaticMeshComponent0 Wall_400x400 to nvar: 24 verts 12 faces, SImulatePhysics = 0,  staticMeshComponent = 0000021F1A5F0100

[2021.12.09-03.34.43:971][826]LogNvAudioMeshLoad:Warning: Unknown material 9 passed. Using NVAR_PREDEFINED_MATERIAL_CONCRETE

[2021.12.09-03.34.43:971][826]LogNvAudioMeshLoad:Display: Material: 0

[2021.12.09-03.34.43:971][826]LogNvAudioMeshLoad:Display: Actor Wall_400x408 Movable 0, components: 1

[2021.12.09-03.34.43:971][826]LogNvAudioMeshLoad:Display: Loading static mesh Wall_400x408.StaticMeshComponent0 Wall_400x400 to nvar: 24 verts 12 faces, SImulatePhysics = 0,  staticMeshComponent = 0000021F1A5F3580

[2021.12.09-03.34.43:971][826]LogNvAudioMeshLoad:Warning: Unknown material 9 passed. Using NVAR_PREDEFINED_MATERIAL_CONCRETE

[2021.12.09-03.34.43:971][826]LogNvAudioMeshLoad:Display: Material: 0

[2021.12.09-03.34.43:971][826]LogNvAudioMeshLoad:Display: Actor Wall_400x409 Movable 0, components: 1

[2021.12.09-03.34.43:971][826]LogNvAudioMeshLoad:Display: Loading static mesh Wall_400x409.StaticMeshComponent0 Wall_400x400 to nvar: 24 verts 12 faces, SImulatePhysics = 0,  staticMeshComponent = 0000021F1A5F2080

[2021.12.09-03.34.43:971][826]LogNvAudioMeshLoad:Warning: Unknown material 9 passed. Using NVAR_PREDEFINED_MATERIAL_CONCRETE

[2021.12.09-03.34.43:971][826]LogNvAudioMeshLoad:Display: Material: 0

[2021.12.09-03.34.43:971][826]LogNvAudioMeshLoad:Display: Actor Sphere2 Movable 0, components: 1

[2021.12.09-03.34.43:971][826]LogNvAudioMeshLoad:Display: NOT LOADING Mesh Sphere2 to NVAR

[2021.12.09-03.34.43:972][826]LogNvAudioMeshLoad:Display: Actor Sphere3_2 Movable 0, components: 1

[2021.12.09-03.34.43:972][826]LogNvAudioMeshLoad:Display: NOT LOADING Mesh Sphere3_2 to NVAR

[2021.12.09-03.34.43:972][826]LogNvAudioMeshLoad:Display: Actor Sphere4 Movable 0, components: 1

[2021.12.09-03.34.43:972][826]LogNvAudioMeshLoad:Display: NOT LOADING Mesh Sphere4 to NVAR

[2021.12.09-03.34.43:972][826]LogNvAudioMeshLoad:Display: Actor Wall_400x410 Movable 0, components: 1

[2021.12.09-03.34.43:972][826]LogNvAudioMeshLoad:Display: Loading static mesh Wall_400x410.StaticMeshComponent0 Wall_400x400 to nvar: 24 verts 12 faces, SImulatePhysics = 0,  staticMeshComponent = 0000021EF2BF2080

[2021.12.09-03.34.43:972][826]LogNvAudioMeshLoad:Warning: Unknown material 9 passed. Using NVAR_PREDEFINED_MATERIAL_CONCRETE

[2021.12.09-03.34.43:972][826]LogNvAudioMeshLoad:Display: Material: 0

[2021.12.09-03.34.43:972][826]LogNvAudioMeshLoad:Display: Actor Wall_400x411 Movable 0, components: 1

[2021.12.09-03.34.43:972][826]LogNvAudioMeshLoad:Display: Loading static mesh Wall_400x411.StaticMeshComponent0 Wall_400x400 to nvar: 24 verts 12 faces, SImulatePhysics = 0,  staticMeshComponent = 0000021EF2BF1600

[2021.12.09-03.34.43:972][826]LogNvAudioMeshLoad:Warning: Unknown material 9 passed. Using NVAR_PREDEFINED_MATERIAL_CONCRETE

[2021.12.09-03.34.43:972][826]LogNvAudioMeshLoad:Display: Material: 0

[2021.12.09-03.34.43:972][826]LogNvAudioMeshLoad:Display: Actor Wall_Door_400x402 Movable 0, components: 1

[2021.12.09-03.34.43:972][826]LogNvAudioMeshLoad:Display: Loading static mesh Wall_Door_400x402.StaticMeshComponent0 Wall_Door_400x400 to nvar: 64 verts 44 faces, SImulatePhysics = 0,  staticMeshComponent = 0000021EF2BF0B80

[2021.12.09-03.34.43:972][826]LogNvAudioMeshLoad:Warning: Unknown material 9 passed. Using NVAR_PREDEFINED_MATERIAL_CONCRETE

[2021.12.09-03.34.43:972][826]LogNvAudioMeshLoad:Display: Material: 0

[2021.12.09-03.34.43:972][826]LogNvAudioMeshLoad:Display: Actor Wall_400x412 Movable 0, components: 1

[2021.12.09-03.34.43:972][826]LogNvAudioMeshLoad:Display: Loading static mesh Wall_400x412.StaticMeshComponent0 Wall_400x400 to nvar: 24 verts 12 faces, SImulatePhysics = 0,  staticMeshComponent = 0000021E80CA2080

[2021.12.09-03.34.43:972][826]LogNvAudioMeshLoad:Warning: Unknown material 9 passed. Using NVAR_PREDEFINED_MATERIAL_CONCRETE

[2021.12.09-03.34.43:972][826]LogNvAudioMeshLoad:Display: Material: 0

[2021.12.09-03.34.43:972][826]LogNvAudioMeshLoad:Display: Actor Wall_400x413 Movable 0, components: 1

[2021.12.09-03.34.43:972][826]LogNvAudioMeshLoad:Display: Loading static mesh Wall_400x413.StaticMeshComponent0 Wall_400x400 to nvar: 24 verts 12 faces, SImulatePhysics = 0,  staticMeshComponent = 0000021E80CA1600

[2021.12.09-03.34.43:972][826]LogNvAudioMeshLoad:Warning: Unknown material 9 passed. Using NVAR_PREDEFINED_MATERIAL_CONCRETE

[2021.12.09-03.34.43:972][826]LogNvAudioMeshLoad:Display: Material: 0

[2021.12.09-03.34.43:972][826]LogNvAudioMeshLoad:Display: Actor Wall_400x414 Movable 0, components: 1

[2021.12.09-03.34.43:972][826]LogNvAudioMeshLoad:Display: Loading static mesh Wall_400x414.StaticMeshComponent0 Wall_400x400 to nvar: 24 verts 12 faces, SImulatePhysics = 0,  staticMeshComponent = 0000021E80CA0B80

[2021.12.09-03.34.43:972][826]LogNvAudioMeshLoad:Warning: Unknown material 9 passed. Using NVAR_PREDEFINED_MATERIAL_CONCRETE

[2021.12.09-03.34.43:972][826]LogNvAudioMeshLoad:Display: Material: 0

[2021.12.09-03.34.43:972][826]LogNvAudioMeshLoad:Display: Actor Sphere5 Movable 0, components: 1

[2021.12.09-03.34.43:972][826]LogNvAudioMeshLoad:Display: NOT LOADING Mesh Sphere5 to NVAR

[2021.12.09-03.34.43:972][826]LogNvAudioMeshLoad:Display: Actor Cube_19 Movable 0, components: 1

[2021.12.09-03.34.43:972][826]LogNvAudioMeshLoad:Display: Loading static mesh Cube_19.StaticMeshComponent0 Cube to nvar: 54 verts 48 faces, SImulatePhysics = 0,  staticMeshComponent = 0000021F16EBEB00

[2021.12.09-03.34.43:972][826]LogNvAudioMeshLoad:Display: Material: 0

[2021.12.09-03.34.43:972][826]LogNvAudioMeshLoad:Display: Actor Cube2 Movable 0, components: 1

[2021.12.09-03.34.43:972][826]LogNvAudioMeshLoad:Display: Loading static mesh Cube2.StaticMeshComponent0 Cube to nvar: 54 verts 48 faces, SImulatePhysics = 0,  staticMeshComponent = 0000021F16EBC100

[2021.12.09-03.34.43:972][826]LogNvAudioMeshLoad:Display: Material: 0

[2021.12.09-03.34.43:972][826]LogNvAudioMeshLoad:Display: Actor Floor_400x400_2 Movable 0, components: 1

[2021.12.09-03.34.43:972][826]LogNvAudioMeshLoad:Display: NOT LOADING Mesh Floor_400x400_2 to NVAR

[2021.12.09-03.34.43:972][826]LogNvAudioMeshLoad:Display: Actor Sphere6 Movable 0, components: 1

[2021.12.09-03.34.43:972][826]LogNvAudioMeshLoad:Display: NOT LOADING Mesh Sphere6 to NVAR

[2021.12.09-03.34.43:972][826]LogNvAudioMeshLoad:Display: Actor Room1SlidingDoor Movable 1, components: 1

[2021.12.09-03.34.43:972][826]LogNvAudioMeshLoad:Display: Loading static mesh Room1SlidingDoor.StaticMeshComponent0 Cube to nvar: 54 verts 48 faces, SImulatePhysics = 0,  staticMeshComponent = 0000021F1A778B80

[2021.12.09-03.34.43:972][826]LogNvAudioMeshLoad:Display: Material: 0

[2021.12.09-03.34.43:972][826]LogNvAudioMeshLoad:Display: Actor Room2SlidingDoor_6 Movable 1, components: 1

[2021.12.09-03.34.43:972][826]LogNvAudioMeshLoad:Display: Loading static mesh Room2SlidingDoor_6.StaticMeshComponent0 Cube to nvar: 54 verts 48 faces, SImulatePhysics = 0,  staticMeshComponent = 0000021F1A782B00

[2021.12.09-03.34.43:972][826]LogNvAudioMeshLoad:Display: Material: 0

[2021.12.09-03.34.43:972][826]LogNvAudioMeshLoad:Display: Actor SlidingDoor3_2 Movable 1, components: 1

[2021.12.09-03.34.43:972][826]LogNvAudioMeshLoad:Display: Loading static mesh SlidingDoor3_2.StaticMeshComponent0 Cube to nvar: 54 verts 48 faces, SImulatePhysics = 0,  staticMeshComponent = 0000021F16453580

[2021.12.09-03.34.43:972][826]LogNvAudioMeshLoad:Display: Material: 0

[2021.12.09-03.34.43:972][826]LogWorld: Bringing up level for play took: 0.002424
[2021.12.09-03.34.44:054][826]LogContentBrowser: Native class hierarchy updated for 'MovieSceneCapture' in 0.0004 seconds. Added 11 classes and 0 folders.
[2021.12.09-03.34.44:055][826]PIE: Info Play in editor start time for /Game/CustomContent/UEDPIE_0_tworoomsmultisource -0.274
[2021.12.09-03.34.44:056][826]LogBlueprintUserMessages: Late PlayInEditor Detection: Level '/Game/CustomContent/tworoomsmultisource.tworoomsmultisource:PersistentLevel' has LevelScriptBlueprint '/Game/CustomContent/tworoomsmultisource.tworoomsmultisource:PersistentLevel.tworoomsmultisource' with GeneratedClass '/Game/CustomContent/tworoomsmultisource.tworoomsmultisource_C' with ClassGeneratedBy '/Game/CustomContent/tworoomsmultisource.tworoomsmultisource:PersistentLevel.tworoomsmultisource'
[2021.12.09-03.34.45:205][958]LogNvXAudio2:Display: Creating nvar source. Effect Preset: 1

[2021.12.09-03.34.45:205][958]LogNvXAudio2:Display: nvarSetSourceDirectPathGain(): 5.000000

[2021.12.09-03.34.45:205][958]LogNvXAudio2:Display: nvarSetSourceIndirectPathGain(): 5.000000

[2021.12.09-03.34.45:628][  9]LogNvXAudio2:Display: Creating nvar source. Effect Preset: 1

[2021.12.09-03.34.45:630][  9]LogNvXAudio2:Display: nvarSetSourceDirectPathGain(): 5.000000

[2021.12.09-03.34.45:630][  9]LogNvXAudio2:Display: nvarSetSourceIndirectPathGain(): 5.000000

[2021.12.09-03.34.46:147][ 71]LogNvXAudio2:Display: Creating nvar source. Effect Preset: 1

[2021.12.09-03.34.46:150][ 71]LogNvXAudio2:Display: nvarSetSourceDirectPathGain(): 5.000000

[2021.12.09-03.34.46:150][ 71]LogNvXAudio2:Display: nvarSetSourceIndirectPathGain(): 5.000000

[2021.12.09-03.34.46:216][ 79]LogNvXAudio2:Display: Destroying nvar source 0000021F21F477E0

[2021.12.09-03.34.46:612][126]LogNvXAudio2:Display: Creating nvar source. Effect Preset: 1

[2021.12.09-03.34.46:613][126]LogNvXAudio2:Display: nvarSetSourceDirectPathGain(): 5.000000

[2021.12.09-03.34.46:613][126]LogNvXAudio2:Display: nvarSetSourceIndirectPathGain(): 5.000000

[2021.12.09-03.34.46:637][129]LogNvXAudio2:Display: Destroying nvar source 0000021F21F47A20

[2021.12.09-03.34.47:155][191]LogNvXAudio2:Display: Destroying nvar source 0000021F21F471B0

[2021.12.09-03.34.47:172][193]LogNvXAudio2:Display: Creating nvar source. Effect Preset: 1

[2021.12.09-03.34.47:175][193]LogNvXAudio2:Display: nvarSetSourceDirectPathGain(): 5.000000

[2021.12.09-03.34.47:175][193]LogNvXAudio2:Display: nvarSetSourceIndirectPathGain(): 5.000000

[2021.12.09-03.34.47:624][247]LogNvXAudio2:Display: Destroying nvar source 0000021F0F9771A0

[2021.12.09-03.34.48:182][314]LogNvXAudio2:Display: Destroying nvar source 0000021F21F47EA0

[2021.12.09-03.34.48:819][391]LogNvAudio:Display: Audio FPS: 111

[2021.12.09-03.34.50:724][619]LogNvXAudio2:Display: Creating nvar source. Effect Preset: 1

[2021.12.09-03.34.50:724][619]LogNvXAudio2:Display: nvarSetSourceDirectPathGain(): 5.000000

[2021.12.09-03.34.50:724][619]LogNvXAudio2:Display: nvarSetSourceIndirectPathGain(): 5.000000

[2021.12.09-03.34.51:107][665]LogNvXAudio2:Display: Creating nvar source. Effect Preset: 1

[2021.12.09-03.34.51:109][665]LogNvXAudio2:Display: nvarSetSourceDirectPathGain(): 5.000000

[2021.12.09-03.34.51:109][665]LogNvXAudio2:Display: nvarSetSourceIndirectPathGain(): 5.000000

[2021.12.09-03.34.51:735][740]LogNvXAudio2:Display: Destroying nvar source 0000021F22661CF0

[2021.12.09-03.34.51:830][751]LogNvXAudio2:Display: Creating nvar source. Effect Preset: 1

[2021.12.09-03.34.51:832][751]LogNvXAudio2:Display: nvarSetSourceDirectPathGain(): 5.000000

[2021.12.09-03.34.51:832][751]LogNvXAudio2:Display: nvarSetSourceIndirectPathGain(): 5.000000

[2021.12.09-03.34.52:122][786]LogNvXAudio2:Display: Destroying nvar source 0000021F0FF60360

[2021.12.09-03.34.52:480][829]LogBlueprintUserMessages: Early EndPlayMap Detection: Level '/Game/CustomContent/tworoomsmultisource.tworoomsmultisource:PersistentLevel' has LevelScriptBlueprint '/Game/CustomContent/tworoomsmultisource.tworoomsmultisource:PersistentLevel.tworoomsmultisource' with GeneratedClass '/Game/CustomContent/tworoomsmultisource.tworoomsmultisource_C' with ClassGeneratedBy '/Game/CustomContent/tworoomsmultisource.tworoomsmultisource:PersistentLevel.tworoomsmultisource'
[2021.12.09-03.34.52:484][829]LogNvXAudio2:Display: Destroying nvar source 0000021F226616C0

[2021.12.09-03.34.52:487][829]LogNvAudioFn:Display: FNvAcousticRayTracer::OnFWorldCleanupEvent

[2021.12.09-03.34.52:539][829]LogBlueprintUserMessages: Late EndPlayMap Detection: Level '/Game/CustomContent/tworoomsmultisource.tworoomsmultisource:PersistentLevel' has LevelScriptBlueprint '/Game/CustomContent/tworoomsmultisource.tworoomsmultisource:PersistentLevel.tworoomsmultisource' with GeneratedClass '/Game/CustomContent/tworoomsmultisource.tworoomsmultisource_C' with ClassGeneratedBy '/Game/CustomContent/tworoomsmultisource.tworoomsmultisource:PersistentLevel.tworoomsmultisource'
[2021.12.09-03.34.52:547][829]LogNvXAudio2Fn:Display: FHrtfSpatializationAlgorithmXAudio2::~FHrtfSpatializationAlgorithmXAudio2

[2021.12.09-03.34.52:547][829]LogNvXAudio2Fn:Display: FSpatializationPlugin::Shutdown

[2021.12.09-03.34.54:175][991]Cmd: QUIT_EDITOR
[2021.12.09-03.34.54:198][991]LogNvXAudio2Fn:Display: FHrtfSpatializationAlgorithmXAudio2::~FHrtfSpatializationAlgorithmXAudio2

[2021.12.09-03.34.54:198][991]LogNvXAudio2Fn:Display: FSpatializationPlugin::Shutdown

[2021.12.09-03.34.54:198][991]LogNvXAudio2:Display: Destroying nvar context: 0000021EA5B286C0

[2021.12.09-03.34.54:215][991]LogNvXAudio2Fn:Display: FSpatializationPlugin::ReleaseModule

[2021.12.09-03.34.54:699][991]LogWindowsTextInputMethodSystem:Display: IME system now deactivated.
[2021.12.09-03.34.54:718][991]LogExit: Preparing to exit.
[2021.12.09-03.34.54:718][991]LogNvAudioFn:Display: FNvAcousticRayTracer::PreExit

[2021.12.09-03.34.55:716][991]LogNvAudioFn:Display: FNvAcousticRayTracer::OnFWorldCleanupEvent

[2021.12.09-03.34.55:716][991]LogNvAudioFn:Display: FNvAcousticRayTracer::OnFWorldCleanupEvent

[2021.12.09-03.34.55:716][991]LogNvAudioFn:Display: FNvAcousticRayTracer::OnFWorldCleanupEvent

[2021.12.09-03.34.55:716][991]LogNvAudioFn:Display: FNvAcousticRayTracer::OnFWorldCleanupEvent

[2021.12.09-03.34.55:716][991]LogNvAudioFn:Display: FNvAcousticRayTracer::OnFWorldCleanupEvent

[2021.12.09-03.34.55:722][991]LogDirectoryWatcher: A directory notification for 'C:/Users/erica/Info-Vis-FinalProject/BlackBoxAudioRoom 4.15/Content/' was aborted.
[2021.12.09-03.34.55:734][991]LogNvAudioFn:Display: FNvAcousticRayTracer::OnFWorldCleanupEvent

[2021.12.09-03.34.55:734][991]LogExit: Editor shut down
[2021.12.09-03.34.55:735][991]LogExit: Transaction tracking system shut down
[2021.12.09-03.34.55:776][991]LogObj: Freed 0b from 0 cluster array pools.
[2021.12.09-03.34.55:776][991]LogExit: Object subsystem successfully closed.
[2021.12.09-03.34.55:794][991]LogD3D11RHI: Shutdown
[2021.12.09-03.34.55:794][991]LogD3D11RHI: CleanupD3DDevice
[2021.12.09-03.34.55:850][991]LogD3D11RHI: ~FD3D11DynamicRHI
[2021.12.09-03.34.55:874][991]LogModuleManager: Shutting down and abandoning module MovieSceneCapture (490)
[2021.12.09-03.34.55:874][991]LogModuleManager: Shutting down and abandoning module MaterialEditor (488)
[2021.12.09-03.34.55:874][991]LogModuleManager: Shutting down and abandoning module HierarchicalLODOutliner (486)
[2021.12.09-03.34.55:874][991]LogModuleManager: Shutting down and abandoning module CrashTracker (484)
[2021.12.09-03.34.55:874][991]LogModuleManager: Shutting down and abandoning module SceneOutliner (482)
[2021.12.09-03.34.55:874][991]LogModuleManager: Shutting down and abandoning module AddContentDialog (480)
[2021.12.09-03.34.55:874][991]LogDirectoryWatcher: A directory notification for 'C:/Users/erica/Thesis/UE-Aud-4.15.1/FeaturePacks/' was aborted.
[2021.12.09-03.34.55:874][991]LogModuleManager: Shutting down and abandoning module WidgetCarousel (479)
[2021.12.09-03.34.55:874][991]LogModuleManager: Shutting down and abandoning module EditorWidgets (476)
[2021.12.09-03.34.55:874][991]LogModuleManager: Shutting down and abandoning module CollectionManager (474)
[2021.12.09-03.34.55:874][991]LogDirectoryWatcher: A directory notification for 'C:/Users/erica/Info-Vis-FinalProject/BlackBoxAudioRoom 4.15/Content/Collections/' was aborted.
[2021.12.09-03.34.55:874][991]LogDirectoryWatcher: A directory notification for 'C:/Users/erica/Info-Vis-FinalProject/BlackBoxAudioRoom 4.15/Content/Developers/erica/Collections/' was aborted.
[2021.12.09-03.34.55:875][991]LogDirectoryWatcher: A directory notification for 'C:/Users/erica/Info-Vis-FinalProject/BlackBoxAudioRoom 4.15/Saved/Collections/' was aborted.
[2021.12.09-03.34.55:875][991]LogModuleManager: Shutting down and abandoning module StatsViewer (472)
[2021.12.09-03.34.55:875][991]LogModuleManager: Shutting down and abandoning module FoliageEdit (470)
[2021.12.09-03.34.55:875][991]LogModuleManager: Shutting down and abandoning module LandscapeEditor (468)
[2021.12.09-03.34.55:875][991]LogModuleManager: Shutting down and abandoning module SceneDepthPickerMode (466)
[2021.12.09-03.34.55:875][991]LogModuleManager: Shutting down and abandoning module ActorPickerMode (464)
[2021.12.09-03.34.55:875][991]LogModuleManager: Shutting down and abandoning module GeometryMode (462)
[2021.12.09-03.34.55:875][991]LogModuleManager: Shutting down and abandoning module TextureAlignMode (460)
[2021.12.09-03.34.55:875][991]LogModuleManager: Shutting down and abandoning module BspMode (458)
[2021.12.09-03.34.55:875][991]LogModuleManager: Shutting down and abandoning module HardwareSurvey (456)
[2021.12.09-03.34.55:875][991]LogModuleManager: Shutting down and abandoning module SequenceRecorderSections (454)
[2021.12.09-03.34.55:875][991]LogModuleManager: Shutting down and abandoning module AutomationWorker (452)
[2021.12.09-03.34.55:875][991]LogModuleManager: Shutting down and abandoning module MatineeToLevelSequence (450)
[2021.12.09-03.34.55:875][991]LogModuleManager: Shutting down and abandoning module LevelSequenceEditor (448)
[2021.12.09-03.34.55:875][991]LogModuleManager: Shutting down and abandoning module PlacementMode (447)
[2021.12.09-03.34.55:875][991]LogModuleManager: Shutting down and abandoning module WmfMediaFactory (444)
[2021.12.09-03.34.55:875][991]LogModuleManager: Shutting down and abandoning module WmfMediaEditor (442)
[2021.12.09-03.34.55:875][991]LogModuleManager: Shutting down and abandoning module MfMediaFactory (440)
[2021.12.09-03.34.55:875][991]LogModuleManager: Shutting down and abandoning module MfMediaEditor (438)
[2021.12.09-03.34.55:875][991]LogModuleManager: Shutting down and abandoning module AvfMediaFactory (436)
[2021.12.09-03.34.55:875][991]LogModuleManager: Shutting down and abandoning module AvfMediaEditor (434)
[2021.12.09-03.34.55:875][991]LogModuleManager: Shutting down and abandoning module AndroidMediaFactory (432)
[2021.12.09-03.34.55:875][991]LogModuleManager: Shutting down and abandoning module Media (431)
[2021.12.09-03.34.55:875][991]LogModuleManager: Shutting down and abandoning module AndroidMediaEditor (428)
[2021.12.09-03.34.55:875][991]LogModuleManager: Shutting down and abandoning module CharacterAI (426)
[2021.12.09-03.34.55:875][991]LogModuleManager: Shutting down and abandoning module AudioCapture (424)
[2021.12.09-03.34.55:875][991]LogModuleManager: Shutting down and abandoning module SequenceRecorder (423)
[2021.12.09-03.34.55:875][991]LogModuleManager: Shutting down and abandoning module SmartSnapping (420)
[2021.12.09-03.34.55:875][991]LogModuleManager: Shutting down and abandoning module SessionServices (418)
[2021.12.09-03.34.55:875][991]LogModuleManager: Shutting down and abandoning module ViewportSnapping (416)
[2021.12.09-03.34.55:875][991]LogModuleManager: Shutting down and abandoning module ViewportInteraction (414)
[2021.12.09-03.34.55:875][991]LogModuleManager: Shutting down and abandoning module LogVisualizer (412)
[2021.12.09-03.34.55:875][991]LogModuleManager: Shutting down and abandoning module IntroTutorials (410)
[2021.12.09-03.34.55:875][991]LogModuleManager: Shutting down and abandoning module GameProjectGeneration (409)
[2021.12.09-03.34.55:875][991]LogModuleManager: Shutting down and abandoning module EditorLiveStreaming (406)
[2021.12.09-03.34.55:875][991]LogModuleManager: Shutting down and abandoning module IOSPlatformEditor (404)
[2021.12.09-03.34.55:875][991]LogModuleManager: Shutting down and abandoning module HTML5PlatformEditor (402)
[2021.12.09-03.34.55:875][991]LogModuleManager: Shutting down and abandoning module AndroidPlatformEditor (400)
[2021.12.09-03.34.55:875][991]LogModuleManager: Shutting down and abandoning module AndroidDeviceDetection (399)
[2021.12.09-03.34.56:313][991]LogModuleManager: Shutting down and abandoning module IOSRuntimeSettings (396)
[2021.12.09-03.34.56:313][991]LogModuleManager: Shutting down and abandoning module AndroidRuntimeSettings (394)
[2021.12.09-03.34.56:313][991]LogModuleManager: Shutting down and abandoning module InputBindingEditor (392)
[2021.12.09-03.34.56:313][991]LogModuleManager: Shutting down and abandoning module NiagaraEditor (390)
[2021.12.09-03.34.56:313][991]LogModuleManager: Shutting down and abandoning module MergeActors (388)
[2021.12.09-03.34.56:313][991]LogModuleManager: Shutting down and abandoning module SizeMap (386)
[2021.12.09-03.34.56:313][991]LogModuleManager: Shutting down and abandoning module TreeMap (384)
[2021.12.09-03.34.56:313][991]LogModuleManager: Shutting down and abandoning module ReferenceViewer (382)
[2021.12.09-03.34.56:313][991]LogModuleManager: Shutting down and abandoning module LocalizationDashboard (380)
[2021.12.09-03.34.56:313][991]LogModuleManager: Shutting down and abandoning module LocalizationService (379)
[2021.12.09-03.34.56:313][991]LogModuleManager: Shutting down and abandoning module HardwareTargeting (376)
[2021.12.09-03.34.56:313][991]LogModuleManager: Shutting down and abandoning module DeviceProfileEditor (374)
[2021.12.09-03.34.56:313][991]LogModuleManager: Shutting down and abandoning module UndoHistory (372)
[2021.12.09-03.34.56:313][991]LogModuleManager: Shutting down and abandoning module UserFeedback (370)
[2021.12.09-03.34.56:313][991]LogModuleManager: Shutting down and abandoning module XmlParser (368)
[2021.12.09-03.34.56:313][991]LogModuleManager: Shutting down and abandoning module Blutility (366)
[2021.12.09-03.34.56:313][991]LogModuleManager: Shutting down and abandoning module ProjectSettingsViewer (364)
[2021.12.09-03.34.56:313][991]LogModuleManager: Shutting down and abandoning module ProjectTargetPlatformEditor (363)
[2021.12.09-03.34.56:313][991]LogModuleManager: Shutting down and abandoning module EditorSettingsViewer (360)
[2021.12.09-03.34.56:313][991]LogModuleManager: Shutting down and abandoning module SettingsEditor (358)
[2021.12.09-03.34.56:313][991]LogModuleManager: Shutting down and abandoning module ProjectLauncher (356)
[2021.12.09-03.34.56:313][991]LogModuleManager: Shutting down and abandoning module SessionFrontend (354)
[2021.12.09-03.34.56:313][991]LogModuleManager: Shutting down and abandoning module ProfilerClient (352)
[2021.12.09-03.34.56:313][991]LogModuleManager: Shutting down and abandoning module DeviceManager (350)
[2021.12.09-03.34.56:313][991]LogModuleManager: Shutting down and abandoning module TargetDeviceServices (349)
[2021.12.09-03.34.56:368][991]LogModuleManager: Shutting down and abandoning module AutomationController (346)
[2021.12.09-03.34.56:368][991]LogModuleManager: Shutting down and abandoning module AutomationWindow (344)
[2021.12.09-03.34.56:368][991]LogModuleManager: Shutting down and abandoning module Layers (342)
[2021.12.09-03.34.56:368][991]LogModuleManager: Shutting down and abandoning module ComponentVisualizers (340)
[2021.12.09-03.34.56:368][991]LogModuleManager: Shutting down and abandoning module DetailCustomizations (338)
[2021.12.09-03.34.56:368][991]LogModuleManager: Shutting down and abandoning module PackagesDialog (336)
[2021.12.09-03.34.56:368][991]LogModuleManager: Shutting down and abandoning module Persona (334)
[2021.12.09-03.34.56:368][991]LogModuleManager: Shutting down and abandoning module AnimGraph (333)
[2021.12.09-03.34.56:368][991]LogModuleManager: Shutting down and abandoning module Kismet (330)
[2021.12.09-03.34.56:368][991]LogModuleManager: Shutting down and abandoning module GraphEditor (328)
[2021.12.09-03.34.56:368][991]LogModuleManager: Shutting down and abandoning module ClassViewer (326)
[2021.12.09-03.34.56:368][991]LogModuleManager: Shutting down and abandoning module Toolbox (324)
[2021.12.09-03.34.56:368][991]LogModuleManager: Shutting down and abandoning module ModuleUI (322)
[2021.12.09-03.34.56:368][991]LogModuleManager: Shutting down and abandoning module MovieSceneTools (320)
[2021.12.09-03.34.56:369][991]LogModuleManager: Shutting down and abandoning module OutputLog (318)
[2021.12.09-03.34.56:369][991]LogModuleManager: Shutting down and abandoning module GammaUI (316)
[2021.12.09-03.34.56:369][991]LogModuleManager: Shutting down and abandoning module Documentation (314)
[2021.12.09-03.34.56:369][991]LogModuleManager: Shutting down and abandoning module Niagara (312)
[2021.12.09-03.34.56:369][991]LogModuleManager: Shutting down and abandoning module StreamingPauseRendering (310)
[2021.12.09-03.34.56:369][991]LogModuleManager: Shutting down and abandoning module AnalyticsET (308)
[2021.12.09-03.34.56:369][991]LogModuleManager: Shutting down and abandoning module PortalServices (306)
[2021.12.09-03.34.56:369][991]LogModuleManager: Shutting down and abandoning module PortalRpc (304)
[2021.12.09-03.34.56:369][991]LogModuleManager: Shutting down and abandoning module MessagingRpc (302)
[2021.12.09-03.34.56:369][991]LogModuleManager: Shutting down and abandoning module AIModule (300)
[2021.12.09-03.34.56:369][991]LogModuleManager: Shutting down and abandoning module GameplayDebugger (299)
[2021.12.09-03.34.56:369][991]LogModuleManager: Shutting down and abandoning module AITestSuite (297)
[2021.12.09-03.34.56:369][991]LogModuleManager: Shutting down and abandoning module ProfilerService (294)
[2021.12.09-03.34.56:452][991]LogModuleManager: Shutting down and abandoning module TaskGraph (292)
[2021.12.09-03.34.56:452][991]LogModuleManager: Shutting down and abandoning module SteamVRController (290)
[2021.12.09-03.34.56:452][991]LogModuleManager: Shutting down and abandoning module SteamVR (288)
[2021.12.09-03.34.56:452][991]LogModuleManager: Shutting down and abandoning module ProceduralMeshComponentEditor (286)
[2021.12.09-03.34.56:452][991]LogModuleManager: Shutting down and abandoning module ProceduralMeshComponent (284)
[2021.12.09-03.34.56:452][991]LogModuleManager: Shutting down and abandoning module OculusLibrary (282)
[2021.12.09-03.34.56:452][991]LogModuleManager: Shutting down and abandoning module OculusInput (280)
[2021.12.09-03.34.56:452][991]LogModuleManager: Shutting down and abandoning module MobilePatchingUtils (278)
[2021.12.09-03.34.56:452][991]LogModuleManager: Shutting down and abandoning module CustomMeshComponent (276)
[2021.12.09-03.34.56:452][991]LogModuleManager: Shutting down and abandoning module CableComponent (274)
[2021.12.09-03.34.56:452][991]LogModuleManager: Shutting down and abandoning module ArchVisCharacter (272)
[2021.12.09-03.34.56:453][991]LogModuleManager: Shutting down and abandoning module MediaPlayerEditor (268)
[2021.12.09-03.34.56:453][991]LogModuleManager: Shutting down and abandoning module HTML5Networking (266)
[2021.12.09-03.34.56:453][991]LogModuleManager: Shutting down and abandoning module AlembicImporter (264)
[2021.12.09-03.34.56:453][991]LogModuleManager: Shutting down and abandoning module AlembicLibrary (263)
[2021.12.09-03.34.56:453][991]LogModuleManager: Shutting down and abandoning module GeometryCache (262)
[2021.12.09-03.34.56:453][991]LogModuleManager: Shutting down and abandoning module GeometryCacheEd (261)
[2021.12.09-03.34.56:453][991]LogModuleManager: Shutting down and abandoning module SuperSearchEditor (256)
[2021.12.09-03.34.56:453][991]LogModuleManager: Shutting down and abandoning module SuperSearch (255)
[2021.12.09-03.34.56:453][991]LogModuleManager: Shutting down and abandoning module SpeedTreeImporter (252)
[2021.12.09-03.34.56:453][991]LogModuleManager: Shutting down and abandoning module PluginBrowser (250)
[2021.12.09-03.34.56:453][991]LogModuleManager: Shutting down and abandoning module MobileLauncherProfileWizard (248)
[2021.12.09-03.34.56:453][991]LogModuleManager: Shutting down and abandoning module EpicSurvey (246)
[2021.12.09-03.34.56:453][991]LogModuleManager: Shutting down and abandoning module VisualStudioSourceCodeAccess (244)
[2021.12.09-03.34.56:453][991]LogModuleManager: Shutting down and abandoning module DesktopPlatform (243)
[2021.12.09-03.34.56:453][991]LogModuleManager: Shutting down and abandoning module UObjectPlugin (240)
[2021.12.09-03.34.56:453][991]LogModuleManager: Shutting down and abandoning module SubversionSourceControl (238)
[2021.12.09-03.34.56:453][991]LogModuleManager: Shutting down and abandoning module PerforceSourceControl (236)
[2021.12.09-03.34.56:453][991]LogModuleManager: Shutting down and abandoning module GitSourceControl (234)
[2021.12.09-03.34.56:453][991]LogModuleManager: Shutting down and abandoning module SourceControl (233)
[2021.12.09-03.34.56:453][991]LogModuleManager: Shutting down and abandoning module LightPropagationVolumeEditor (230)
[2021.12.09-03.34.56:453][991]LogModuleManager: Shutting down and abandoning module PaperTiledImporter (228)
[2021.12.09-03.34.56:453][991]LogModuleManager: Shutting down and abandoning module PaperSpriteSheetImporter (226)
[2021.12.09-03.34.56:453][991]LogModuleManager: Shutting down and abandoning module Paper2DEditor (224)
[2021.12.09-03.34.56:453][991]LogModuleManager: Shutting down and abandoning module MeshPaint (223)
[2021.12.09-03.34.56:453][991]LogModuleManager: Shutting down and abandoning module LevelEditor (221)
[2021.12.09-03.34.56:453][991]LogModuleManager: Shutting down and abandoning module PixelInspectorModule (220)
[2021.12.09-03.34.56:453][991]LogModuleManager: Shutting down and abandoning module MainFrame (218)
[2021.12.09-03.34.56:454][991]LogModuleManager: Shutting down and abandoning module HotReload (217)
[2021.12.09-03.34.56:454][991]LogModuleManager: Shutting down and abandoning module ContentBrowser (213)
[2021.12.09-03.34.56:455][991]LogModuleManager: Shutting down and abandoning module PhysXVehiclesEditor (210)
[2021.12.09-03.34.56:455][991]LogModuleManager: Shutting down and abandoning module PhysXVehicles (208)
[2021.12.09-03.34.56:455][991]LogModuleManager: Shutting down and abandoning module Spatialization (206)
[2021.12.09-03.34.56:455][991]LogModuleManager: Shutting down and abandoning module AcousticRayTracer (204)
[2021.12.09-03.34.56:455][991]LogNvAudioFn:Display: FNvAcousticRayTracer::ShutdownModule

[2021.12.09-03.34.56:455][991]LogModuleManager: Shutting down and abandoning module LocationServicesBPLibrary (202)
[2021.12.09-03.34.56:455][991]LogModuleManager: Shutting down and abandoning module UdpMessaging (200)
[2021.12.09-03.34.56:555][991]LogModuleManager: Shutting down and abandoning module TcpMessaging (198)
[2021.12.09-03.34.56:663][991]LogModuleManager: Shutting down and abandoning module GameplayTagsEditor (196)
[2021.12.09-03.34.56:663][991]LogModuleManager: Shutting down and abandoning module FacialAnimationEditor (194)
[2021.12.09-03.34.56:663][991]LogModuleManager: Shutting down and abandoning module FacialAnimation (192)
[2021.12.09-03.34.56:663][991]LogModuleManager: Shutting down and abandoning module LightPropagationVolumeRuntime (190)
[2021.12.09-03.34.56:663][991]LogModuleManager: Shutting down and abandoning module Paper2D (188)
[2021.12.09-03.34.56:663][991]LogModuleManager: Shutting down and abandoning module WindowsMoviePlayer (186)
[2021.12.09-03.34.56:663][991]LogModuleManager: Shutting down and abandoning module WmfMedia (184)
[2021.12.09-03.34.56:664][991]LogModuleManager: Shutting down and abandoning module MfMedia (182)
[2021.12.09-03.34.56:664][991]LogModuleManager: Shutting down and abandoning module MediaAssets (180)
[2021.12.09-03.34.56:664][991]LogModuleManager: Shutting down and abandoning module GameLiveStreaming (178)
[2021.12.09-03.34.56:664][991]LogModuleManager: Shutting down and abandoning module VREditor (176)
[2021.12.09-03.34.56:664][991]LogModuleManager: Shutting down and abandoning module GameplayTasksEditor (174)
[2021.12.09-03.34.56:664][991]LogModuleManager: Shutting down and abandoning module BehaviorTreeEditor (172)
[2021.12.09-03.34.56:664][991]LogModuleManager: Shutting down and abandoning module FunctionalTesting (170)
[2021.12.09-03.34.56:664][991]LogModuleManager: Shutting down and abandoning module CollisionAnalyzer (168)
[2021.12.09-03.34.56:664][991]LogModuleManager: Shutting down and abandoning module UMG (166)
[2021.12.09-03.34.56:664][991]LogModuleManager: Shutting down and abandoning module UMGEditor (165)
[2021.12.09-03.34.56:664][991]LogModuleManager: Shutting down and abandoning module Sequencer (164)
[2021.12.09-03.34.56:664][991]LogModuleManager: Shutting down and abandoning module AssetTools (162)
[2021.12.09-03.34.56:664][991]LogModuleManager: Shutting down and abandoning module MessageLog (161)
[2021.12.09-03.34.56:664][991]LogModuleManager: Shutting down and abandoning module WorkspaceMenuStructure (160)
[2021.12.09-03.34.56:664][991]LogModuleManager: Shutting down and abandoning module SlateReflector (154)
[2021.12.09-03.34.56:664][991]LogModuleManager: Shutting down and abandoning module Slate (152)
[2021.12.09-03.34.56:664][991]LogModuleManager: Shutting down and abandoning module EditorStyle (150)
[2021.12.09-03.34.56:666][991]LogModuleManager: Shutting down and abandoning module SourceCodeAccess (148)
[2021.12.09-03.34.56:666][991]LogModuleManager: Shutting down and abandoning module HeadMountedDisplay (146)
[2021.12.09-03.34.56:666][991]LogModuleManager: Shutting down and abandoning module XAudio2 (144)
[2021.12.09-03.34.56:666][991]LogModuleManager: Shutting down and abandoning module Networking (142)
[2021.12.09-03.34.56:666][991]LogModuleManager: Shutting down and abandoning module Core (138)
[2021.12.09-03.34.56:666][991]LogModuleManager: Shutting down and abandoning module AssetRegistry (136)
[2021.12.09-03.34.56:816][991]LogDirectoryWatcher: A directory notification for '../../../Engine/Content/' was aborted.
[2021.12.09-03.34.56:816][991]LogDirectoryWatcher: A directory notification for '../../../../../Info-Vis-FinalProject/BlackBoxAudioRoom 4.15/Content/' was aborted.
[2021.12.09-03.34.56:816][991]LogDirectoryWatcher: A directory notification for '../../../Engine/Plugins/2D/Paper2D/Content/' was aborted.
[2021.12.09-03.34.56:816][991]LogModuleManager: Shutting down and abandoning module DirectoryWatcher (135)
[2021.12.09-03.34.56:816][991]LogModuleManager: Shutting down and abandoning module KismetCompiler (132)
[2021.12.09-03.34.56:816][991]LogModuleManager: Shutting down and abandoning module PhysXFormats (130)
[2021.12.09-03.34.56:816][991]LogModuleManager: Shutting down and abandoning module MeshUtilities (128)
[2021.12.09-03.34.56:816][991]LogModuleManager: Shutting down and abandoning module QuadricMeshReduction (127)
[2021.12.09-03.34.56:816][991]LogModuleManager: Shutting down and abandoning module PropertyEditor (125)
[2021.12.09-03.34.56:816][991]LogModuleManager: Shutting down and abandoning module DerivedDataCache (122)
[2021.12.09-03.34.56:886][991]LogDerivedDataCache: Shutdown
[2021.12.09-03.34.56:886][991]LogModuleManager: Shutting down and abandoning module TargetPlatform (120)
[2021.12.09-03.34.56:886][991]LogModuleManager: Shutting down and abandoning module VulkanShaderFormat (119)
[2021.12.09-03.34.56:886][991]LogModuleManager: Shutting down and abandoning module MetalShaderFormat (117)
[2021.12.09-03.34.56:886][991]LogModuleManager: Shutting down and abandoning module ShaderFormatD3D (115)
[2021.12.09-03.34.56:886][991]LogModuleManager: Shutting down and abandoning module ShaderFormatOpenGL (113)
[2021.12.09-03.34.56:886][991]LogModuleManager: Shutting down and abandoning module TextureFormatUncompressed (111)
[2021.12.09-03.34.56:886][991]LogModuleManager: Shutting down and abandoning module TextureFormatASTC (109)
[2021.12.09-03.34.56:886][991]LogModuleManager: Shutting down and abandoning module ImageWrapper (108)
[2021.12.09-03.34.56:886][991]LogModuleManager: Shutting down and abandoning module TextureFormatPVR (105)
[2021.12.09-03.34.56:886][991]LogModuleManager: Shutting down and abandoning module TextureFormatDXT (103)
[2021.12.09-03.34.56:886][991]LogModuleManager: Shutting down and abandoning module TextureFormatIntelISPCTexComp (101)
[2021.12.09-03.34.56:886][991]LogModuleManager: Shutting down and abandoning module AudioFormatOpus (99)
[2021.12.09-03.34.56:887][991]LogModuleManager: Shutting down and abandoning module AudioFormatOgg (97)
[2021.12.09-03.34.56:887][991]LogModuleManager: Shutting down and abandoning module AudioFormatADPCM (95)
[2021.12.09-03.34.56:887][991]LogModuleManager: Shutting down and abandoning module TVOSTargetPlatform (93)
[2021.12.09-03.34.56:887][991]LogModuleManager: Shutting down and abandoning module Messaging (91)
[2021.12.09-03.34.56:887][991]LogModuleManager: Shutting down and abandoning module IOSTargetPlatform (89)
[2021.12.09-03.34.56:887][991]LogModuleManager: Shutting down and abandoning module HTML5TargetPlatform (87)
[2021.12.09-03.34.56:887][991]LogModuleManager: Shutting down and abandoning module Android_MultiTargetPlatform (85)
[2021.12.09-03.34.56:887][991]LogModuleManager: Shutting down and abandoning module Android_ASTCTargetPlatform (83)
[2021.12.09-03.34.56:887][991]LogModuleManager: Shutting down and abandoning module Android_ETC2TargetPlatform (81)
[2021.12.09-03.34.56:887][991]LogModuleManager: Shutting down and abandoning module Android_ETC1TargetPlatform (79)
[2021.12.09-03.34.56:887][991]LogModuleManager: Shutting down and abandoning module Android_DXTTargetPlatform (77)
[2021.12.09-03.34.56:887][991]LogModuleManager: Shutting down and abandoning module Android_ATCTargetPlatform (75)
[2021.12.09-03.34.56:887][991]LogModuleManager: Shutting down and abandoning module Android_PVRTCTargetPlatform (73)
[2021.12.09-03.34.56:887][991]LogModuleManager: Shutting down and abandoning module AndroidTargetPlatform (71)
[2021.12.09-03.34.56:887][991]LogModuleManager: Shutting down and abandoning module AllDesktopTargetPlatform (69)
[2021.12.09-03.34.56:887][991]LogModuleManager: Shutting down and abandoning module WindowsClientTargetPlatform (67)
[2021.12.09-03.34.56:887][991]LogModuleManager: Shutting down and abandoning module WindowsServerTargetPlatform (65)
[2021.12.09-03.34.56:887][991]LogModuleManager: Shutting down and abandoning module WindowsNoEditorTargetPlatform (63)
[2021.12.09-03.34.56:887][991]LogModuleManager: Shutting down and abandoning module WindowsTargetPlatform (61)
[2021.12.09-03.34.56:887][991]LogModuleManager: Shutting down and abandoning module MacClientTargetPlatform (59)
[2021.12.09-03.34.56:887][991]LogModuleManager: Shutting down and abandoning module MacServerTargetPlatform (57)
[2021.12.09-03.34.56:887][991]LogModuleManager: Shutting down and abandoning module MacNoEditorTargetPlatform (55)
[2021.12.09-03.34.56:887][991]LogModuleManager: Shutting down and abandoning module MacTargetPlatform (53)
[2021.12.09-03.34.56:887][991]LogModuleManager: Shutting down and abandoning module InputCore (50)
[2021.12.09-03.34.56:887][991]LogModuleManager: Shutting down and abandoning module Settings (48)
[2021.12.09-03.34.56:887][991]LogModuleManager: Shutting down and abandoning module OculusRift (46)
[2021.12.09-03.34.56:887][991]LogModuleManager: Shutting down and abandoning module GearVR (44)
[2021.12.09-03.34.56:887][991]LogModuleManager: Shutting down and abandoning module ExampleDeviceProfileSelector (42)
[2021.12.09-03.34.56:887][991]LogModuleManager: Shutting down and abandoning module OnlineBlueprintSupport (40)
[2021.12.09-03.34.56:887][991]LogModuleManager: Shutting down and abandoning module OnlineSubsystem (36)
[2021.12.09-03.34.56:887][991]LogOnline:Display: Unloading online subsystem: NULL
[2021.12.09-03.34.56:887][991]LogModuleManager: Shutting down and abandoning module HTTP (35)
[2021.12.09-03.34.56:887][991]LogHttp:Display: Http module shutting down, but needs to wait on 1 outstanding Http requests:
[2021.12.09-03.34.56:887][991]LogHttp:Display: 	verb=[POST] url=[https://datarouter.ol.epicgames.com/datarouter/api/v1/public/data?SessionID=%7B540E6BB3-49A2-4B39-4FE2-538279C1178D%7D&AppID=UEEditor.UnrealEngine.Release&AppVersion=4.15.1-0%2B%2B%2BUE4%2BRelease-4.15&UserID=b5f17bbd405697261a06edad71bc6c5e%7Cf4ebde72fd134f808a2c6866fa8daec7%7C13eb4d9e-83c8-40c0-ad2b-99ac3c2f0f4a&AppEnvironment=datacollector-source&UploadType=eteventstream] status=Processing
[2021.12.09-03.34.56:888][991]LogModuleManager: Shutting down and abandoning module SSL (34)
[2021.12.09-03.34.56:889][991]LogModuleManager: Shutting down and abandoning module AudioEditor (30)
[2021.12.09-03.34.56:889][991]LogModuleManager: Shutting down and abandoning module TextureCompressor (28)
[2021.12.09-03.34.56:889][991]LogModuleManager: Shutting down and abandoning module ShaderCore (26)
[2021.12.09-03.34.56:889][991]LogModuleManager: Shutting down and abandoning module Landscape (24)
[2021.12.09-03.34.56:889][991]LogModuleManager: Shutting down and abandoning module SlateRHIRenderer (22)
[2021.12.09-03.34.56:890][991]LogModuleManager: Shutting down and abandoning module OpenGLDrv (20)
[2021.12.09-03.34.56:890][991]LogModuleManager: Shutting down and abandoning module D3D11RHI (18)
[2021.12.09-03.34.56:890][991]LogModuleManager: Shutting down and abandoning module AnimGraphRuntime (16)
[2021.12.09-03.34.56:890][991]LogModuleManager: Shutting down and abandoning module Renderer (14)
[2021.12.09-03.34.56:890][991]LogModuleManager: Shutting down and abandoning module Engine (12)
[2021.12.09-03.34.56:890][991]LogModuleManager: Shutting down and abandoning module CoreUObject (10)
[2021.12.09-03.34.56:890][991]LogModuleManager: Shutting down and abandoning module NetworkFile (8)
[2021.12.09-03.34.56:890][991]LogModuleManager: Shutting down and abandoning module StreamingFile (6)
[2021.12.09-03.34.56:890][991]LogModuleManager: Shutting down and abandoning module SandboxFile (4)
[2021.12.09-03.34.56:890][991]LogModuleManager: Shutting down and abandoning module PakFile (2)
[2021.12.09-03.34.56:892][991]LogExit: Exiting.
[2021.12.09-03.34.56:898][991]Log file closed, 12/08/21 22:34:56
