Log file open, 12/08/21 22:50:33
LogInit:Display: Running engine for game: BlackBoxAudioRoom
LogPlatformFile: Not using cached read wrapper
LogInit:Display: RandInit(407271600) SRandInit(407271600).
LogInit: Using version manifest at CL 0 with build ID '3c5fb4d8-2571-4905-9aa2-9294a62d95ca'
LogTaskGraph: Started task graph with 5 named threads and 8 total threads with 1 sets of task threads.
LogStats: Stats thread started at 0.098729
LogInit: Using libcurl 7.47.1
LogInit:  - built for x86_64-pc-win32
LogInit:  - supports SSL with OpenSSL/1.0.2g
LogInit:  - supports HTTP deflate (compression) using libz 1.2.8
LogInit:  - other features:
LogInit:      CURL_VERSION_SSL
LogInit:      CURL_VERSION_LIBZ
LogInit:      CURL_VERSION_IPV6
LogInit:      CURL_VERSION_ASYNCHDNS
LogInit:      CURL_VERSION_LARGEFILE
LogInit:      CURL_VERSION_IDN
LogInit:  CurlRequestOptions (configurable via config and command line):
LogInit:  - bVerifyPeer = false  - Libcurl will NOT verify peer certificate
LogInit:  - bUseHttpProxy = false  - Libcurl will NOT use HTTP proxy
LogInit:  - bDontReuseConnections = false  - Libcurl will reuse connections
LogInit:  - CertBundlePath = nullptr  - Libcurl will use whatever was configured at build time.
LogInit: Build: ++UE4+Release-4.15-CL-0
LogInit: Engine Version: 4.15.1-0+++UE4+Release-4.15
LogInit: Compatible Engine Version: 4.15.0-0+++UE4+Release-4.15
LogInit: Net CL: 0
LogDevObjectVersion: Number of dev versions registered: 14
LogDevObjectVersion:   Dev-Blueprints (B0D832E4-1F89-4F0D-ACCF-7EB736FD4AA2): 8
LogDevObjectVersion:   Dev-Build (E1C64328-A22C-4D53-A36C-8E866417BD8C): 0
LogDevObjectVersion:   Dev-Core (375EC13C-06E4-48FB-B500-84F0262A717E): 2
LogDevObjectVersion:   Dev-Editor (E4B068ED-F494-42E9-A231-DA0B2E46BB41): 14
LogDevObjectVersion:   Dev-Framework (CFFC743F-43B0-4480-9391-14DF171D2073): 22
LogDevObjectVersion:   Dev-Mobile (B02B49B5-BB20-44E9-A304-32B752E40360): 0
LogDevObjectVersion:   Dev-Networking (A4E4105C-59A1-49B5-A7C5-40C4547EDFEE): 0
LogDevObjectVersion:   Dev-Online (39C831C9-5AE6-47DC-9A44-9C173E1C8E7C): 0
LogDevObjectVersion:   Dev-Physics (78F01B33-EBEA-4F98-B9B4-84EACCB95AA2): 0
LogDevObjectVersion:   Dev-Platform (6631380F-2D4D-43E0-8009-CF276956A95A): 0
LogDevObjectVersion:   Dev-Rendering (12F88B9F-8875-4AFC-A67C-D90C383ABD29): 12
LogDevObjectVersion:   Dev-Sequencer (7B5AE74C-D270-4C10-A958-57980B212A5A): 3
LogDevObjectVersion:   Dev-VR (D7296918-1DD6-4BDD-9DE2-64A83CC13884): 0
LogDevObjectVersion:   Dev-LoadTimes (C2A15278-BFE7-4AFE-6C17-90FF531DF755): 1
LogInit: Compiled (64-bit): Dec  2 2021 04:36:23
LogInit: Compiled with Visual C++: 19.00.24215.01
LogInit: Build Configuration: Development
LogInit: Branch Name: ++UE4+Release-4.15
LogInit: Command line: 
LogInit: Base directory: C:/Users/erica/Thesis/UE-Aud-4.15.1/Engine/Binaries/Win64/
LogInit: Installed Engine Build: 0
LogInit: Presizing for max 8388607 objects, including 0 objects not considered by GC, pre-allocating 0 bytes for permanent pool.
LogInit: Object subsystem initialized
[2021.12.09-03.50.33:997][  0]LogInit: Selected Device Profile: [Windows]
[2021.12.09-03.50.33:997][  0]LogInit: Applying CVar settings loaded from the selected device profile: [Windows]
[2021.12.09-03.50.34:005][  0]LogInit: Computer: DESKTOP-C4KBQ2T
[2021.12.09-03.50.34:005][  0]LogInit: User: erica
[2021.12.09-03.50.34:005][  0]LogInit: CPU Page size=65536, Cores=4
[2021.12.09-03.50.34:005][  0]LogInit: High frequency timer resolution =10.000000 MHz
[2021.12.09-03.50.34:005][  0]LogMemory: Memory total: Physical=31.9GB (32GB approx)
[2021.12.09-03.50.34:005][  0]LogMemory: Platform Memory Stats for Windows
[2021.12.09-03.50.34:005][  0]LogMemory: Process Physical Memory: 264.41 MB used, 264.41 MB peak
[2021.12.09-03.50.34:005][  0]LogMemory: Process Virtual Memory: 261.95 MB used, 261.95 MB peak
[2021.12.09-03.50.34:005][  0]LogMemory: Physical Memory: 17312.69 MB used,  15382.96 MB free, 32695.64 MB total
[2021.12.09-03.50.34:005][  0]LogMemory: Virtual Memory: 4752.39 MB used,  15382.96 MB free, 134217728.00 MB total
[2021.12.09-03.50.35:024][  0]LogTextLocalizationManager: No specific translations for ('en-US') exist, so ('en') translations will be used.
[2021.12.09-03.50.35:662][  0]LogD3D11RHI: D3D11 adapters:
[2021.12.09-03.50.35:764][  0]LogD3D11RHI:    0. 'NVIDIA GeForce RTX 3070' (Feature Level 11_0)
[2021.12.09-03.50.35:764][  0]LogD3D11RHI:       8043/0/16347 MB DedicatedVideo/DedicatedSystem/SharedSystem, Outputs:1, VendorId:0x10de
[2021.12.09-03.50.35:767][  0]LogD3D11RHI:    1. 'Microsoft Basic Render Driver' (Feature Level 11_0)
[2021.12.09-03.50.35:767][  0]LogD3D11RHI:       0/0/16347 MB DedicatedVideo/DedicatedSystem/SharedSystem, Outputs:0, VendorId:0x1414
[2021.12.09-03.50.35:767][  0]LogD3D11RHI: Chosen D3D11 Adapter: 0
[2021.12.09-03.50.35:779][  0]LogD3D11RHI: Creating new Direct3DDevice
[2021.12.09-03.50.35:779][  0]LogD3D11RHI:     GPU DeviceId: 0x2484 (for the marketing name, search the web for "GPU Device Id")
[2021.12.09-03.50.35:779][  0]LogWindows: EnumDisplayDevices:
[2021.12.09-03.50.35:779][  0]LogWindows:    0. 'NVIDIA GeForce RTX 3070' (P:1 D:1)
[2021.12.09-03.50.35:779][  0]LogWindows:    1. 'NVIDIA GeForce RTX 3070' (P:0 D:0)
[2021.12.09-03.50.35:779][  0]LogWindows:    2. 'NVIDIA GeForce RTX 3070' (P:0 D:0)
[2021.12.09-03.50.35:779][  0]LogWindows:    3. 'NVIDIA GeForce RTX 3070' (P:0 D:0)
[2021.12.09-03.50.35:780][  0]LogWindows: DebugString: GetVideoDriverDetailsInvalid PrimaryIsNotTheChoosenAdapter GetVideoDriverDetailsInvalid PrimaryIsNotTheChoosenAdapter GetVideoDriverDetailsInvalid PrimaryIsNotTheChoosenAdapter GetVideoDriverDetailsInvalid PrimaryIsNotTheChoosenAdapter FoundDriverCount:0 
[2021.12.09-03.50.35:780][  0]LogD3D11RHI:     Adapter Name: NVIDIA GeForce RTX 3070
[2021.12.09-03.50.35:780][  0]LogD3D11RHI:   Driver Version: Unknown (internal:Unknown, unified:Unknown)
[2021.12.09-03.50.35:780][  0]LogD3D11RHI:      Driver Date: Unknown
[2021.12.09-03.50.35:780][  0]LogRHI: Texture pool is 1361 MB (70% of 1945 MB)
[2021.12.09-03.50.35:860][  0]LogD3D11RHI: Async texture creation enabled
[2021.12.09-03.50.35:875][  0]LogD3D11RHI: GPU Timing Frequency: 1000.000000 (Debug: 2 1)
[2021.12.09-03.50.35:877][  0]LogShaderCompilers: Guid format shader working directory is -14 characters bigger than the processId version (../../../../../Info-Vis-FinalProject/BlackBoxAudioRoom 4.15/Intermediate/Shaders/WorkingDirectory/37992/).
[2021.12.09-03.50.35:877][  0]LogShaderCompilers: Cleaned the shader compiler working directory 'C:/Users/erica/AppData/Local/Temp/UnrealShaderWorkingDir/742E545E4AD62A0F86BBF8A1F142D850/'.
[2021.12.09-03.50.35:877][  0]LogShaderCompilers:Display: Using Local Shader Compiler.
[2021.12.09-03.50.37:164][  0]LogTemp:Display: Loaded TP MacTargetPlatform
[2021.12.09-03.50.37:248][  0]LogTemp:Display: Loaded TP MacNoEditorTargetPlatform
[2021.12.09-03.50.37:337][  0]LogTemp:Display: Loaded TP MacServerTargetPlatform
[2021.12.09-03.50.37:423][  0]LogTemp:Display: Loaded TP MacClientTargetPlatform
[2021.12.09-03.50.37:504][  0]LogTemp:Display: Loaded TP WindowsTargetPlatform
[2021.12.09-03.50.37:590][  0]LogTemp:Display: Loaded TP WindowsNoEditorTargetPlatform
[2021.12.09-03.50.37:676][  0]LogTemp:Display: Loaded TP WindowsServerTargetPlatform
[2021.12.09-03.50.37:770][  0]LogTemp:Display: Loaded TP WindowsClientTargetPlatform
[2021.12.09-03.50.37:855][  0]LogTemp:Display: Loaded TP AllDesktopTargetPlatform
[2021.12.09-03.50.37:941][  0]LogTemp:Display: Loaded TP AndroidTargetPlatform
[2021.12.09-03.50.38:026][  0]LogTemp:Display: Loaded TP Android_PVRTCTargetPlatform
[2021.12.09-03.50.38:111][  0]LogTemp:Display: Loaded TP Android_ATCTargetPlatform
[2021.12.09-03.50.38:196][  0]LogTemp:Display: Loaded TP Android_DXTTargetPlatform
[2021.12.09-03.50.38:282][  0]LogTemp:Display: Loaded TP Android_ETC1TargetPlatform
[2021.12.09-03.50.38:368][  0]LogTemp:Display: Loaded TP Android_ETC2TargetPlatform
[2021.12.09-03.50.38:454][  0]LogTemp:Display: Loaded TP Android_ASTCTargetPlatform
[2021.12.09-03.50.38:540][  0]LogTemp:Display: Loaded TP Android_MultiTargetPlatform
[2021.12.09-03.50.38:616][  0]LogTemp:Display: Loaded TP HTML5TargetPlatform
[2021.12.09-03.50.38:764][  0]LogTemp:Display: Loaded TP IOSTargetPlatform
[2021.12.09-03.50.38:814][  0]LogTemp:Display: Loaded TP TVOSTargetPlatform
[2021.12.09-03.50.38:814][  0]LogTargetPlatformManager:Display: Building Assets For Windows
[2021.12.09-03.50.39:604][  0]LogDerivedDataCache:Display: Max Cache Size: 512 MB
[2021.12.09-03.50.39:635][  0]LogDerivedDataCache: Loaded boot cache 0.03s 50MB ../../../../../Info-Vis-FinalProject/BlackBoxAudioRoom 4.15/DerivedDataCache/Boot.ddc.
[2021.12.09-03.50.39:635][  0]LogDerivedDataCache:Display: Loaded Boot cache: ../../../../../Info-Vis-FinalProject/BlackBoxAudioRoom 4.15/DerivedDataCache/Boot.ddc
[2021.12.09-03.50.39:635][  0]LogDerivedDataCache: FDerivedDataBackendGraph:  Pak pak cache file ../../../../../Info-Vis-FinalProject/BlackBoxAudioRoom 4.15/DerivedDataCache/DDC.ddp not found, will not use a pak cache.
[2021.12.09-03.50.39:635][  0]LogDerivedDataCache: Unable to find inner node Pak for hierarchical cache Hierarchy.
[2021.12.09-03.50.39:635][  0]LogDerivedDataCache: FDerivedDataBackendGraph:  EnginePak pak cache file ../../../Engine/DerivedDataCache/DDC.ddp not found, will not use a pak cache.
[2021.12.09-03.50.39:635][  0]LogDerivedDataCache: Unable to find inner node EnginePak for hierarchical cache Hierarchy.
[2021.12.09-03.50.39:649][  0]LogDerivedDataCache: Using Local data cache path ../../../Engine/DerivedDataCache: Writable
[2021.12.09-03.50.39:649][  0]LogDerivedDataCache: Shared data cache path not found in *engine.ini, will not use an Shared cache.
[2021.12.09-03.50.39:649][  0]LogDerivedDataCache: Unable to find inner node Shared for hierarchical cache Hierarchy.
[2021.12.09-03.50.39:656][  0]LogSlate: Using Freetype 2.6.0
[2021.12.09-03.50.39:657][  0]LogSlate: SlateFontCache - WITH_FREETYPE: 1, WITH_HARFBUZZ: 1
[2021.12.09-03.50.39:657][  0]LogSlate: SlateFontCache - WITH_FREETYPE: 1, WITH_HARFBUZZ: 1
[2021.12.09-03.50.39:943][  0]LogInit: Selected Device Profile: [Windows]
[2021.12.09-03.50.39:946][  0]LogContentStreaming: Texture pool size is 0.00 MB
[2021.12.09-03.50.40:235][  0]LogMeshUtilities: Using QuadricMeshReduction for automatic static mesh reduction
[2021.12.09-03.50.40:253][  0]LogMeshUtilities: No automatic skeletal mesh reduction module available
[2021.12.09-03.50.40:253][  0]LogMeshUtilities: No automatic mesh merging module available
[2021.12.09-03.50.40:253][  0]LogMeshUtilities: No distributed automatic mesh merging module available
[2021.12.09-03.50.40:857][  0]LogNetVersion: GetLocalNetworkVersion: CL: 0, ProjectName: blackboxaudioroom, ProjectVersion: , EngineNetworkVersion: 2, GameNetworkVersion: 0, NetworkChecksum: 2902508691
[2021.12.09-03.50.40:921][  0]LogAssetRegistry: FAssetRegistry took 0.0212 seconds to start up
[2021.12.09-03.50.40:999][  0]LogPackageLocalizationCache: Processed 3 localized package path(s) for 2 prioritized culture(s) in 0.038393 seconds
[2021.12.09-03.50.41:003][  0]LogUObjectArray: 32472 objects as part of root set at end of initial load.
[2021.12.09-03.50.41:003][  0]LogUObjectAllocator: 7075544 out of 0 bytes used by permanent object pool.
[2021.12.09-03.50.41:003][  0]LogUObjectArray: CloseDisregardForGC: 0/0 objects in disregard for GC pool
[2021.12.09-03.50.41:120][  0]LogInit: WinSock: version 1.1 (2.2), MaxSocks=32767, MaxUdp=65467
[2021.12.09-03.50.43:848][  0]LogTcpMessaging: Initializing TcpMessaging bridge
[2021.12.09-03.50.43:918][  0]LogUdpMessaging: Initializing bridge on interface 0.0.0.0:0 to multicast group 230.0.0.1:6666.
[2021.12.09-03.50.44:145][  0]FUdpSocketBuilder: Failed to subscribe UdpMessageMulticastSocket to multicast group 230.0.0.1
[2021.12.09-03.50.44:145][  0]FUdpSocketBuilder: Failed to create and initialize socket UdpMessageMulticastSocket (last error: 0)
[2021.12.09-03.50.44:145][  0]LogUdpMessaging:Warning: StartTransport failed to create multicast socket on 0.0.0.0:0, joined to 230.0.0.1:6666 with TTL 1
[2021.12.09-03.50.44:375][  0]LogNvAudioFn:Display: FNvAcousticRayTracer::FNvAcousticRayTracer

[2021.12.09-03.50.44:375][  0]LogNvAudioFn:Display: FNvAcousticRayTracer::StartupModule

[2021.12.09-03.50.44:492][  0]LogNvXAudio2Fn:Display: FSpatializationPlugin::FSpatializationPlugin

[2021.12.09-03.50.45:141][  0]LogMaterial: Uniform references updated for custom material expression Custom.
[2021.12.09-03.50.45:806][  0]SourceControl: Info Source control is disabled
[2021.12.09-03.50.45:864][  0]SourceControl: Info Source control is disabled
[2021.12.09-03.50.45:959][  0]SourceControl: Info Source control is disabled
[2021.12.09-03.50.46:056][  0]SourceControl: Info Source control is disabled
[2021.12.09-03.50.48:531][  0]LogEngine: Initializing Engine...
[2021.12.09-03.50.48:532][  0]LogHMD: Failed to initialize OpenVR with code 110
[2021.12.09-03.50.48:843][  0]LogAIModule: Creating AISystem for world Untitled
[2021.12.09-03.50.48:905][  0]LogInit: XAudio2 using 'Headset Earphone (SteelSeries Arctis Pro Chat)' : 2 channels at 48 kHz using 16 bits per sample (channel mask 0x3)
[2021.12.09-03.50.48:928][  0]LogNvXAudio2Fn:Display: FSpatializationPlugin::Initialize

[2021.12.09-03.50.48:928][  0]LogNvXAudio2Fn:Display: FSpatializationPlugin::LoadModule

[2021.12.09-03.50.48:943][  0]LogNvXAudio2Fn:Display: NVARContext::NVARContext

[2021.12.09-03.50.49:226][  0]LogNvXAudio2:Display: nvar context created/retrived successfully: 000001FEA1B16A80

[2021.12.09-03.50.49:226][  0]LogNvXAudio2Fn:Display: FSpatializationPlugin::GetNewSpatializationAlgorithm

[2021.12.09-03.50.49:226][  0]LogNvXAudio2Fn:Display: FHrtfSpatializationAlgorithmXAudio2::FHrtfSpatializationAlgorithmXAudio2

[2021.12.09-03.50.49:226][  0]LogInit: FAudioDevice initialized.
[2021.12.09-03.50.49:247][  0]LogDerivedDataCache: Saved boot cache 0.02s 50MB ../../../../../Info-Vis-FinalProject/BlackBoxAudioRoom 4.15/DerivedDataCache/Boot.ddc.
[2021.12.09-03.50.49:252][  0]LogInit: Texture streaming: Enabled
[2021.12.09-03.50.49:432][  0]LogEngineSessionManager: EngineSessionManager initialized
[2021.12.09-03.50.49:601][  0]LogInit: Transaction tracking system initialized
[2021.12.09-03.50.50:255][  0]BlueprintLog: New page: Editor Load
[2021.12.09-03.50.51:915][  0]LocalizationService: Info Localization service is disabled
[2021.12.09-03.50.53:185][  0]LogConsoleResponse:Display: 
[2021.12.09-03.50.53:323][  0]LogCook:Display: Max memory allowance for cook 16384mb min free memory 0mb
[2021.12.09-03.50.53:323][  0]LogCook:Display: Mobile HDR setting 1
[2021.12.09-03.50.54:126][  0]LogFileCache: Scanning file cache for directory 'C:/Users/erica/Info-Vis-FinalProject/BlackBoxAudioRoom 4.15/Content/' took 0.01s
[2021.12.09-03.50.55:363][  0]SourceControl: Info Source control is disabled
[2021.12.09-03.50.55:363][  0]Cmd: MAP LOAD FILE="../../../../../Info-Vis-FinalProject/BlackBoxAudioRoom 4.15/Content/CustomContent/tworoomsmultisource.umap" TEMPLATE=0 SHOWPROGRESS=1 FEATURELEVEL=3
[2021.12.09-03.50.55:363][  0]LightingResults: New page: Lighting Build
[2021.12.09-03.50.55:444][  0]LogNvAudioFn:Display: FNvAcousticRayTracer::OnFWorldCleanupEvent

[2021.12.09-03.50.55:444][  0]MapCheck: New page: Map Check
[2021.12.09-03.50.55:444][  0]LightingResults: New page: Lighting Build
[2021.12.09-03.50.55:775][  0]LogAIModule: Creating AISystem for world tworoomsmultisource
[2021.12.09-03.50.55:795][  0]LogEditorServer: Finished looking for orphan Actors (0.000 secs)
[2021.12.09-03.50.55:795][  0]Cmd: MAP CHECKDEP NOCLEARLOG
[2021.12.09-03.50.55:886][  0]MapCheck: Info Map check complete: 0 Error(s), 0 Warning(s), took 90.396ms to complete.
[2021.12.09-03.50.55:886][  0]LogFileHelpers: Loading map 'tworoomsmultisource' took 0.523
[2021.12.09-03.50.56:077][  0]LogCollectionManager: Loaded 0 collections in 0.000969 seconds
[2021.12.09-03.50.56:192][  0]LogFileCache: Scanning file cache for directory 'C:/Users/erica/Info-Vis-FinalProject/BlackBoxAudioRoom 4.15/Saved/Collections/' took 0.01s
[2021.12.09-03.50.56:192][  0]LogFileCache: Scanning file cache for directory 'C:/Users/erica/Info-Vis-FinalProject/BlackBoxAudioRoom 4.15/Content/Developers/erica/Collections/' took 0.01s
[2021.12.09-03.50.56:192][  0]LogFileCache: Scanning file cache for directory 'C:/Users/erica/Info-Vis-FinalProject/BlackBoxAudioRoom 4.15/Content/Collections/' took 0.01s
[2021.12.09-03.50.56:192][  0]LogCollectionManager: Rebuilt the GUID cache for 0 collections in 0.000002 seconds
[2021.12.09-03.50.56:199][  0]LogContentBrowser: Native class hierarchy populated in 0.0063 seconds. Added 2244 classes and 451 folders.
[2021.12.09-03.50.56:201][  0]LogStats: UGameplayTagsManager::ConstructGameplayTagTree: Construct from data asset -  0.000 s
[2021.12.09-03.50.56:201][  0]LogStats: UGameplayTagsManager::ConstructGameplayTagTree: GameplayTagTreeChangedEvent.Broadcast -  0.000 s
[2021.12.09-03.50.56:318][  0]LogContentBrowser: Native class hierarchy updated for 'WidgetCarousel' in 0.0004 seconds. Added 0 classes and 0 folders.
[2021.12.09-03.50.56:371][  0]LogContentBrowser: Native class hierarchy updated for 'AddContentDialog' in 0.0004 seconds. Added 0 classes and 0 folders.
[2021.12.09-03.50.56:450][  0]LogContentBrowser: Native class hierarchy updated for 'SceneOutliner' in 0.0004 seconds. Added 1 classes and 2 folders.
[2021.12.09-03.50.56:515][  0]LogCrashTracker: Crashtracker disabled due to settings.
[2021.12.09-03.50.56:523][  0]LogUObjectGlobals:Warning: Failed to find object 'Class None.'
[2021.12.09-03.50.56:631][  0]LogContentBrowser: Native class hierarchy updated for 'HierarchicalLODOutliner' in 0.0004 seconds. Added 1 classes and 2 folders.
[2021.12.09-03.50.56:631][  0]LogLoad: (Engine Initialization) Total time: 24.92 seconds
[2021.12.09-03.50.56:631][  0]LogLoad: (Engine Initialization) Total Blueprint compile time: 0.19 seconds
[2021.12.09-03.50.56:631][  0]LogExternalProfiler: No external profilers were discovered.  External profiling features will not be available.
[2021.12.09-03.50.56:641][  0]LogOcInput: OculusInput pre-init called
[2021.12.09-03.50.56:658][  0]LogContentStreaming: Texture pool size now 1000 MB
[2021.12.09-03.50.56:659][  0]LogSlate: Took 0.000369 seconds to synchronously load lazily loaded font '../../../Engine/Content/Slate/Fonts/Roboto-Regular.ttf' (155K)
[2021.12.09-03.50.56:662][  0]LogSlate: Took 0.000439 seconds to synchronously load lazily loaded font '../../../Engine/Content/Slate/Fonts/Roboto-Bold.ttf' (160K)
[2021.12.09-03.50.56:666][  0]LogSlate: Took 0.000354 seconds to synchronously load lazily loaded font '../../../Engine/Content/Editor/Slate/Fonts/FontAwesome.ttf' (139K)
[2021.12.09-03.50.56:766][  0]LogRenderer: Reallocating scene render targets to support 852x600 NumSamples 1 (Frame:2).
[2021.12.09-03.50.56:870][  1]LogAssetRegistry: Asset discovery search completed in 15.9706 seconds
[2021.12.09-03.50.56:870][  1]LogCollectionManager: Rebuilt the object cache for 0 collections in 0.000000 seconds (found 0 objects)
[2021.12.09-03.50.56:870][  1]LogCollectionManager: Fixed up redirectors for 0 collections in 0.000014 seconds (updated 0 objects)
[2021.12.09-03.51.10:442][599]Cmd: TRANSACTION UNDO
[2021.12.09-03.51.10:442][599]LogEditorTransaction: Undo Clicking on Actors
[2021.12.09-03.51.10:451][599]LogSlate: Took 0.000503 seconds to synchronously load lazily loaded font '../../../Engine/Content/Slate/Fonts/Roboto-Light.ttf' (159K)
[2021.12.09-03.51.18:993][605]LogRenderer: Reallocating scene render targets to support 852x608 NumSamples 1 (Frame:52).
[2021.12.09-03.51.19:043][605]LogRenderer: Reallocating scene render targets to support 852x628 NumSamples 1 (Frame:53).
[2021.12.09-03.51.19:092][605]LogRenderer: Reallocating scene render targets to support 852x652 NumSamples 1 (Frame:54).
[2021.12.09-03.51.19:148][605]LogRenderer: Reallocating scene render targets to support 852x668 NumSamples 1 (Frame:55).
[2021.12.09-03.51.19:196][605]LogRenderer: Reallocating scene render targets to support 852x672 NumSamples 1 (Frame:56).
[2021.12.09-03.51.22:424][971]LogRenderer: Reallocating scene render targets to support 1512x672 NumSamples 1 (Frame:59).
[2021.12.09-03.51.39:942][ 46]LogSlate: Took 0.000298 seconds to synchronously load lazily loaded font '../../../Engine/Content/Slate/Fonts/Roboto-Light.ttf' (159K)
[2021.12.09-03.51.40:024][ 46]LogMaterial: Missing cached shader map for material M_Basic_Wall, compiling. 
[2021.12.09-03.51.40:025][ 46]LogTemp:Display: Added material ShaderMap 0x000001FF036E0F00 with Material 0x000001FF036AE480 to ShaderMapsBeingCompiled
[2021.12.09-03.51.40:038][ 46]LogTemp:Display: Kicking off shader compilation for M_Basic_Wall, GameThreadShaderMap 0x000001FF036E0F00
[2021.12.09-03.51.40:109][ 46]LogMaterial: Missing cached shader map for material M_Basic_Wall, compiling. 
[2021.12.09-03.51.40:110][ 46]LogTemp:Display: Added material ShaderMap 0x000001FE8F4D7200 with Material 0x000001FF036AE480 to ShaderMapsBeingCompiled
[2021.12.09-03.51.40:117][ 46]LogTemp:Display: Kicking off shader compilation for M_Basic_Wall, GameThreadShaderMap 0x000001FE8F4D7200
[2021.12.09-03.51.40:117][ 46]LogMaterial: 0.00 seconds spent updating 1 materials, 1 interfaces, 0 instances, 0 with static permutations.
[2021.12.09-03.51.40:142][ 46]LogMaterial: Missing cached shader map for material FMatExpressionPreview MaterialExpressionVectorParameter_1, compiling. 
[2021.12.09-03.51.40:143][ 46]LogTemp:Display: Added material ShaderMap 0x000001FE804EF580 with Material 0x000001FEFB573A00 to ShaderMapsBeingCompiled
[2021.12.09-03.51.40:144][ 46]LogTemp:Display: Kicking off shader compilation for FMatExpressionPreview MaterialExpressionVectorParameter_1, GameThreadShaderMap 0x000001FE804EF580
[2021.12.09-03.51.40:151][ 46]LogSlate: Took 0.000425 seconds to synchronously load lazily loaded font '../../../Engine/Content/Editor/Slate/Fonts/Roboto-BoldCondensed.ttf' (158K)
[2021.12.09-03.51.41:393][120]LogTemp:Display: Finished compile of shader map 0x000001FE8F4D7200
[2021.12.09-03.51.41:393][120]LogTemp:Display: Shader map M_Basic_Wall complete, GameThreadShaderMap 0x000001FE8F4D7200, marking material M_Basic_Wall as finished
[2021.12.09-03.51.41:393][120]LogTemp:Display: Marking material as finished 0x000001FF036AE480
[2021.12.09-03.51.41:453][125]LogTemp:Display: Finished compile of shader map 0x000001FE804EF580
[2021.12.09-03.51.41:453][125]LogTemp:Display: Shader map FMatExpressionPreview MaterialExpressionVectorParameter_1 complete, GameThreadShaderMap 0x000001FE804EF580, marking material FMatExpressionPreview MaterialExpressionVectorParameter_1 as finished
[2021.12.09-03.51.41:453][125]LogTemp:Display: Marking material as finished 0x000001FEFB573A00
[2021.12.09-03.51.56:931][855]LogNvAudioFn:Display: FNvAcousticRayTracer::OnFWorldCleanupEvent

[2021.12.09-03.51.57:636][935]LogTemp:Display: Removed shader map 0x000001FF036E0F00 from material 0x000001FF036AE480
[2021.12.09-03.51.58:090][936]Cmd: QUIT_EDITOR
[2021.12.09-03.51.58:123][936]LogNvXAudio2Fn:Display: FHrtfSpatializationAlgorithmXAudio2::~FHrtfSpatializationAlgorithmXAudio2

[2021.12.09-03.51.58:123][936]LogNvXAudio2Fn:Display: FSpatializationPlugin::Shutdown

[2021.12.09-03.51.58:123][936]LogNvXAudio2:Display: Destroying nvar context: 000001FEA1B16A80

[2021.12.09-03.51.58:143][936]LogNvXAudio2Fn:Display: FSpatializationPlugin::ReleaseModule

[2021.12.09-03.51.58:147][936]LogWindowsTextInputMethodSystem:Display: IME system now deactivated.
[2021.12.09-03.51.58:174][936]LogExit: Preparing to exit.
[2021.12.09-03.51.58:174][936]LogNvAudioFn:Display: FNvAcousticRayTracer::PreExit

[2021.12.09-03.51.59:234][936]LogNvAudioFn:Display: FNvAcousticRayTracer::OnFWorldCleanupEvent

[2021.12.09-03.51.59:234][936]LogNvAudioFn:Display: FNvAcousticRayTracer::OnFWorldCleanupEvent

[2021.12.09-03.51.59:237][936]LogDirectoryWatcher: A directory notification for 'C:/Users/erica/Info-Vis-FinalProject/BlackBoxAudioRoom 4.15/Content/' was aborted.
[2021.12.09-03.51.59:250][936]LogNvAudioFn:Display: FNvAcousticRayTracer::OnFWorldCleanupEvent

[2021.12.09-03.51.59:250][936]LogExit: Editor shut down
[2021.12.09-03.51.59:250][936]LogExit: Transaction tracking system shut down
[2021.12.09-03.51.59:283][936]LogObj: Freed 0b from 0 cluster array pools.
[2021.12.09-03.51.59:283][936]LogExit: Object subsystem successfully closed.
[2021.12.09-03.51.59:299][936]LogD3D11RHI: Shutdown
[2021.12.09-03.51.59:299][936]LogD3D11RHI: CleanupD3DDevice
[2021.12.09-03.51.59:349][936]LogD3D11RHI: ~FD3D11DynamicRHI
[2021.12.09-03.51.59:368][936]LogModuleManager: Shutting down and abandoning module MaterialEditor (488)
[2021.12.09-03.51.59:368][936]LogModuleManager: Shutting down and abandoning module HierarchicalLODOutliner (486)
[2021.12.09-03.51.59:368][936]LogModuleManager: Shutting down and abandoning module CrashTracker (484)
[2021.12.09-03.51.59:368][936]LogModuleManager: Shutting down and abandoning module SceneOutliner (482)
[2021.12.09-03.51.59:368][936]LogModuleManager: Shutting down and abandoning module AddContentDialog (480)
[2021.12.09-03.51.59:368][936]LogDirectoryWatcher: A directory notification for 'C:/Users/erica/Thesis/UE-Aud-4.15.1/FeaturePacks/' was aborted.
[2021.12.09-03.51.59:368][936]LogModuleManager: Shutting down and abandoning module WidgetCarousel (479)
[2021.12.09-03.51.59:368][936]LogModuleManager: Shutting down and abandoning module EditorWidgets (476)
[2021.12.09-03.51.59:368][936]LogModuleManager: Shutting down and abandoning module CollectionManager (474)
[2021.12.09-03.51.59:368][936]LogDirectoryWatcher: A directory notification for 'C:/Users/erica/Info-Vis-FinalProject/BlackBoxAudioRoom 4.15/Content/Collections/' was aborted.
[2021.12.09-03.51.59:368][936]LogDirectoryWatcher: A directory notification for 'C:/Users/erica/Info-Vis-FinalProject/BlackBoxAudioRoom 4.15/Content/Developers/erica/Collections/' was aborted.
[2021.12.09-03.51.59:368][936]LogDirectoryWatcher: A directory notification for 'C:/Users/erica/Info-Vis-FinalProject/BlackBoxAudioRoom 4.15/Saved/Collections/' was aborted.
[2021.12.09-03.51.59:368][936]LogModuleManager: Shutting down and abandoning module StatsViewer (472)
[2021.12.09-03.51.59:368][936]LogModuleManager: Shutting down and abandoning module FoliageEdit (470)
[2021.12.09-03.51.59:368][936]LogModuleManager: Shutting down and abandoning module LandscapeEditor (468)
[2021.12.09-03.51.59:368][936]LogModuleManager: Shutting down and abandoning module SceneDepthPickerMode (466)
[2021.12.09-03.51.59:368][936]LogModuleManager: Shutting down and abandoning module ActorPickerMode (464)
[2021.12.09-03.51.59:368][936]LogModuleManager: Shutting down and abandoning module GeometryMode (462)
[2021.12.09-03.51.59:368][936]LogModuleManager: Shutting down and abandoning module TextureAlignMode (460)
[2021.12.09-03.51.59:368][936]LogModuleManager: Shutting down and abandoning module BspMode (458)
[2021.12.09-03.51.59:368][936]LogModuleManager: Shutting down and abandoning module HardwareSurvey (456)
[2021.12.09-03.51.59:368][936]LogModuleManager: Shutting down and abandoning module SequenceRecorderSections (454)
[2021.12.09-03.51.59:368][936]LogModuleManager: Shutting down and abandoning module AutomationWorker (452)
[2021.12.09-03.51.59:368][936]LogModuleManager: Shutting down and abandoning module MatineeToLevelSequence (450)
[2021.12.09-03.51.59:368][936]LogModuleManager: Shutting down and abandoning module LevelSequenceEditor (448)
[2021.12.09-03.51.59:369][936]LogModuleManager: Shutting down and abandoning module PlacementMode (447)
[2021.12.09-03.51.59:369][936]LogModuleManager: Shutting down and abandoning module WmfMediaFactory (444)
[2021.12.09-03.51.59:369][936]LogModuleManager: Shutting down and abandoning module WmfMediaEditor (442)
[2021.12.09-03.51.59:369][936]LogModuleManager: Shutting down and abandoning module MfMediaFactory (440)
[2021.12.09-03.51.59:369][936]LogModuleManager: Shutting down and abandoning module MfMediaEditor (438)
[2021.12.09-03.51.59:369][936]LogModuleManager: Shutting down and abandoning module AvfMediaFactory (436)
[2021.12.09-03.51.59:369][936]LogModuleManager: Shutting down and abandoning module AvfMediaEditor (434)
[2021.12.09-03.51.59:369][936]LogModuleManager: Shutting down and abandoning module AndroidMediaFactory (432)
[2021.12.09-03.51.59:369][936]LogModuleManager: Shutting down and abandoning module Media (431)
[2021.12.09-03.51.59:369][936]LogModuleManager: Shutting down and abandoning module AndroidMediaEditor (428)
[2021.12.09-03.51.59:369][936]LogModuleManager: Shutting down and abandoning module CharacterAI (426)
[2021.12.09-03.51.59:369][936]LogModuleManager: Shutting down and abandoning module AudioCapture (424)
[2021.12.09-03.51.59:369][936]LogModuleManager: Shutting down and abandoning module SequenceRecorder (423)
[2021.12.09-03.51.59:369][936]LogModuleManager: Shutting down and abandoning module SmartSnapping (420)
[2021.12.09-03.51.59:369][936]LogModuleManager: Shutting down and abandoning module SessionServices (418)
[2021.12.09-03.51.59:369][936]LogModuleManager: Shutting down and abandoning module ViewportSnapping (416)
[2021.12.09-03.51.59:369][936]LogModuleManager: Shutting down and abandoning module ViewportInteraction (414)
[2021.12.09-03.51.59:369][936]LogModuleManager: Shutting down and abandoning module LogVisualizer (412)
[2021.12.09-03.51.59:369][936]LogModuleManager: Shutting down and abandoning module IntroTutorials (410)
[2021.12.09-03.51.59:369][936]LogModuleManager: Shutting down and abandoning module GameProjectGeneration (409)
[2021.12.09-03.51.59:369][936]LogModuleManager: Shutting down and abandoning module EditorLiveStreaming (406)
[2021.12.09-03.51.59:369][936]LogModuleManager: Shutting down and abandoning module IOSPlatformEditor (404)
[2021.12.09-03.51.59:369][936]LogModuleManager: Shutting down and abandoning module HTML5PlatformEditor (402)
[2021.12.09-03.51.59:369][936]LogModuleManager: Shutting down and abandoning module AndroidPlatformEditor (400)
[2021.12.09-03.51.59:369][936]LogModuleManager: Shutting down and abandoning module AndroidDeviceDetection (399)
[2021.12.09-03.51.59:667][936]LogModuleManager: Shutting down and abandoning module IOSRuntimeSettings (396)
[2021.12.09-03.51.59:667][936]LogModuleManager: Shutting down and abandoning module AndroidRuntimeSettings (394)
[2021.12.09-03.51.59:667][936]LogModuleManager: Shutting down and abandoning module InputBindingEditor (392)
[2021.12.09-03.51.59:667][936]LogModuleManager: Shutting down and abandoning module NiagaraEditor (390)
[2021.12.09-03.51.59:667][936]LogModuleManager: Shutting down and abandoning module MergeActors (388)
[2021.12.09-03.51.59:667][936]LogModuleManager: Shutting down and abandoning module SizeMap (386)
[2021.12.09-03.51.59:667][936]LogModuleManager: Shutting down and abandoning module TreeMap (384)
[2021.12.09-03.51.59:667][936]LogModuleManager: Shutting down and abandoning module ReferenceViewer (382)
[2021.12.09-03.51.59:667][936]LogModuleManager: Shutting down and abandoning module LocalizationDashboard (380)
[2021.12.09-03.51.59:667][936]LogModuleManager: Shutting down and abandoning module LocalizationService (379)
[2021.12.09-03.51.59:667][936]LogModuleManager: Shutting down and abandoning module HardwareTargeting (376)
[2021.12.09-03.51.59:667][936]LogModuleManager: Shutting down and abandoning module DeviceProfileEditor (374)
[2021.12.09-03.51.59:667][936]LogModuleManager: Shutting down and abandoning module UndoHistory (372)
[2021.12.09-03.51.59:667][936]LogModuleManager: Shutting down and abandoning module UserFeedback (370)
[2021.12.09-03.51.59:667][936]LogModuleManager: Shutting down and abandoning module XmlParser (368)
[2021.12.09-03.51.59:667][936]LogModuleManager: Shutting down and abandoning module Blutility (366)
[2021.12.09-03.51.59:667][936]LogModuleManager: Shutting down and abandoning module ProjectSettingsViewer (364)
[2021.12.09-03.51.59:667][936]LogModuleManager: Shutting down and abandoning module ProjectTargetPlatformEditor (363)
[2021.12.09-03.51.59:667][936]LogModuleManager: Shutting down and abandoning module EditorSettingsViewer (360)
[2021.12.09-03.51.59:667][936]LogModuleManager: Shutting down and abandoning module SettingsEditor (358)
[2021.12.09-03.51.59:667][936]LogModuleManager: Shutting down and abandoning module ProjectLauncher (356)
[2021.12.09-03.51.59:667][936]LogModuleManager: Shutting down and abandoning module SessionFrontend (354)
[2021.12.09-03.51.59:667][936]LogModuleManager: Shutting down and abandoning module ProfilerClient (352)
[2021.12.09-03.51.59:667][936]LogModuleManager: Shutting down and abandoning module DeviceManager (350)
[2021.12.09-03.51.59:667][936]LogModuleManager: Shutting down and abandoning module TargetDeviceServices (349)
[2021.12.09-03.51.59:722][936]LogModuleManager: Shutting down and abandoning module AutomationController (346)
[2021.12.09-03.51.59:722][936]LogModuleManager: Shutting down and abandoning module AutomationWindow (344)
[2021.12.09-03.51.59:722][936]LogModuleManager: Shutting down and abandoning module Layers (342)
[2021.12.09-03.51.59:722][936]LogModuleManager: Shutting down and abandoning module ComponentVisualizers (340)
[2021.12.09-03.51.59:722][936]LogModuleManager: Shutting down and abandoning module DetailCustomizations (338)
[2021.12.09-03.51.59:722][936]LogModuleManager: Shutting down and abandoning module PackagesDialog (336)
[2021.12.09-03.51.59:722][936]LogModuleManager: Shutting down and abandoning module Persona (334)
[2021.12.09-03.51.59:722][936]LogModuleManager: Shutting down and abandoning module AnimGraph (333)
[2021.12.09-03.51.59:722][936]LogModuleManager: Shutting down and abandoning module Kismet (330)
[2021.12.09-03.51.59:722][936]LogModuleManager: Shutting down and abandoning module GraphEditor (328)
[2021.12.09-03.51.59:722][936]LogModuleManager: Shutting down and abandoning module ClassViewer (326)
[2021.12.09-03.51.59:722][936]LogModuleManager: Shutting down and abandoning module Toolbox (324)
[2021.12.09-03.51.59:722][936]LogModuleManager: Shutting down and abandoning module ModuleUI (322)
[2021.12.09-03.51.59:722][936]LogModuleManager: Shutting down and abandoning module MovieSceneTools (320)
[2021.12.09-03.51.59:722][936]LogModuleManager: Shutting down and abandoning module OutputLog (318)
[2021.12.09-03.51.59:722][936]LogModuleManager: Shutting down and abandoning module GammaUI (316)
[2021.12.09-03.51.59:722][936]LogModuleManager: Shutting down and abandoning module Documentation (314)
[2021.12.09-03.51.59:722][936]LogModuleManager: Shutting down and abandoning module Niagara (312)
[2021.12.09-03.51.59:722][936]LogModuleManager: Shutting down and abandoning module StreamingPauseRendering (310)
[2021.12.09-03.51.59:722][936]LogModuleManager: Shutting down and abandoning module AnalyticsET (308)
[2021.12.09-03.51.59:722][936]LogModuleManager: Shutting down and abandoning module PortalServices (306)
[2021.12.09-03.51.59:722][936]LogModuleManager: Shutting down and abandoning module PortalRpc (304)
[2021.12.09-03.51.59:722][936]LogModuleManager: Shutting down and abandoning module MessagingRpc (302)
[2021.12.09-03.51.59:722][936]LogModuleManager: Shutting down and abandoning module AIModule (300)
[2021.12.09-03.51.59:722][936]LogModuleManager: Shutting down and abandoning module GameplayDebugger (299)
[2021.12.09-03.51.59:722][936]LogModuleManager: Shutting down and abandoning module AITestSuite (297)
[2021.12.09-03.51.59:722][936]LogModuleManager: Shutting down and abandoning module ProfilerService (294)
[2021.12.09-03.51.59:889][936]LogModuleManager: Shutting down and abandoning module TaskGraph (292)
[2021.12.09-03.51.59:889][936]LogModuleManager: Shutting down and abandoning module SteamVRController (290)
[2021.12.09-03.51.59:889][936]LogModuleManager: Shutting down and abandoning module SteamVR (288)
[2021.12.09-03.51.59:889][936]LogModuleManager: Shutting down and abandoning module ProceduralMeshComponentEditor (286)
[2021.12.09-03.51.59:889][936]LogModuleManager: Shutting down and abandoning module ProceduralMeshComponent (284)
[2021.12.09-03.51.59:889][936]LogModuleManager: Shutting down and abandoning module OculusLibrary (282)
[2021.12.09-03.51.59:889][936]LogModuleManager: Shutting down and abandoning module OculusInput (280)
[2021.12.09-03.51.59:889][936]LogModuleManager: Shutting down and abandoning module MobilePatchingUtils (278)
[2021.12.09-03.51.59:889][936]LogModuleManager: Shutting down and abandoning module CustomMeshComponent (276)
[2021.12.09-03.51.59:889][936]LogModuleManager: Shutting down and abandoning module CableComponent (274)
[2021.12.09-03.51.59:889][936]LogModuleManager: Shutting down and abandoning module ArchVisCharacter (272)
[2021.12.09-03.51.59:889][936]LogModuleManager: Shutting down and abandoning module MediaPlayerEditor (268)
[2021.12.09-03.51.59:889][936]LogModuleManager: Shutting down and abandoning module HTML5Networking (266)
[2021.12.09-03.51.59:889][936]LogModuleManager: Shutting down and abandoning module AlembicImporter (264)
[2021.12.09-03.51.59:889][936]LogModuleManager: Shutting down and abandoning module AlembicLibrary (263)
[2021.12.09-03.51.59:889][936]LogModuleManager: Shutting down and abandoning module GeometryCache (262)
[2021.12.09-03.51.59:889][936]LogModuleManager: Shutting down and abandoning module GeometryCacheEd (261)
[2021.12.09-03.51.59:889][936]LogModuleManager: Shutting down and abandoning module SuperSearchEditor (256)
[2021.12.09-03.51.59:889][936]LogModuleManager: Shutting down and abandoning module SuperSearch (255)
[2021.12.09-03.51.59:889][936]LogModuleManager: Shutting down and abandoning module SpeedTreeImporter (252)
[2021.12.09-03.51.59:889][936]LogModuleManager: Shutting down and abandoning module PluginBrowser (250)
[2021.12.09-03.51.59:889][936]LogModuleManager: Shutting down and abandoning module MobileLauncherProfileWizard (248)
[2021.12.09-03.51.59:889][936]LogModuleManager: Shutting down and abandoning module EpicSurvey (246)
[2021.12.09-03.51.59:889][936]LogModuleManager: Shutting down and abandoning module VisualStudioSourceCodeAccess (244)
[2021.12.09-03.51.59:889][936]LogModuleManager: Shutting down and abandoning module DesktopPlatform (243)
[2021.12.09-03.51.59:889][936]LogModuleManager: Shutting down and abandoning module UObjectPlugin (240)
[2021.12.09-03.51.59:889][936]LogModuleManager: Shutting down and abandoning module SubversionSourceControl (238)
[2021.12.09-03.51.59:889][936]LogModuleManager: Shutting down and abandoning module PerforceSourceControl (236)
[2021.12.09-03.51.59:889][936]LogModuleManager: Shutting down and abandoning module GitSourceControl (234)
[2021.12.09-03.51.59:889][936]LogModuleManager: Shutting down and abandoning module SourceControl (233)
[2021.12.09-03.51.59:889][936]LogModuleManager: Shutting down and abandoning module LightPropagationVolumeEditor (230)
[2021.12.09-03.51.59:889][936]LogModuleManager: Shutting down and abandoning module PaperTiledImporter (228)
[2021.12.09-03.51.59:889][936]LogModuleManager: Shutting down and abandoning module PaperSpriteSheetImporter (226)
[2021.12.09-03.51.59:889][936]LogModuleManager: Shutting down and abandoning module Paper2DEditor (224)
[2021.12.09-03.51.59:890][936]LogModuleManager: Shutting down and abandoning module MeshPaint (223)
[2021.12.09-03.51.59:890][936]LogModuleManager: Shutting down and abandoning module LevelEditor (221)
[2021.12.09-03.51.59:890][936]LogModuleManager: Shutting down and abandoning module PixelInspectorModule (220)
[2021.12.09-03.51.59:890][936]LogModuleManager: Shutting down and abandoning module MainFrame (218)
[2021.12.09-03.51.59:890][936]LogModuleManager: Shutting down and abandoning module HotReload (217)
[2021.12.09-03.51.59:891][936]LogModuleManager: Shutting down and abandoning module ContentBrowser (213)
[2021.12.09-03.51.59:892][936]LogModuleManager: Shutting down and abandoning module PhysXVehiclesEditor (210)
[2021.12.09-03.51.59:892][936]LogModuleManager: Shutting down and abandoning module PhysXVehicles (208)
[2021.12.09-03.51.59:892][936]LogModuleManager: Shutting down and abandoning module Spatialization (206)
[2021.12.09-03.51.59:892][936]LogModuleManager: Shutting down and abandoning module AcousticRayTracer (204)
[2021.12.09-03.51.59:892][936]LogNvAudioFn:Display: FNvAcousticRayTracer::ShutdownModule

[2021.12.09-03.51.59:892][936]LogModuleManager: Shutting down and abandoning module LocationServicesBPLibrary (202)
[2021.12.09-03.51.59:892][936]LogModuleManager: Shutting down and abandoning module UdpMessaging (200)
[2021.12.09-03.51.59:993][936]LogModuleManager: Shutting down and abandoning module TcpMessaging (198)
[2021.12.09-03.52.00:094][936]LogModuleManager: Shutting down and abandoning module GameplayTagsEditor (196)
[2021.12.09-03.52.00:094][936]LogModuleManager: Shutting down and abandoning module FacialAnimationEditor (194)
[2021.12.09-03.52.00:094][936]LogModuleManager: Shutting down and abandoning module FacialAnimation (192)
[2021.12.09-03.52.00:094][936]LogModuleManager: Shutting down and abandoning module LightPropagationVolumeRuntime (190)
[2021.12.09-03.52.00:094][936]LogModuleManager: Shutting down and abandoning module Paper2D (188)
[2021.12.09-03.52.00:094][936]LogModuleManager: Shutting down and abandoning module WindowsMoviePlayer (186)
[2021.12.09-03.52.00:094][936]LogModuleManager: Shutting down and abandoning module WmfMedia (184)
[2021.12.09-03.52.00:095][936]LogModuleManager: Shutting down and abandoning module MfMedia (182)
[2021.12.09-03.52.00:095][936]LogModuleManager: Shutting down and abandoning module MediaAssets (180)
[2021.12.09-03.52.00:095][936]LogModuleManager: Shutting down and abandoning module GameLiveStreaming (178)
[2021.12.09-03.52.00:095][936]LogModuleManager: Shutting down and abandoning module VREditor (176)
[2021.12.09-03.52.00:095][936]LogModuleManager: Shutting down and abandoning module GameplayTasksEditor (174)
[2021.12.09-03.52.00:095][936]LogModuleManager: Shutting down and abandoning module BehaviorTreeEditor (172)
[2021.12.09-03.52.00:095][936]LogModuleManager: Shutting down and abandoning module FunctionalTesting (170)
[2021.12.09-03.52.00:095][936]LogModuleManager: Shutting down and abandoning module CollisionAnalyzer (168)
[2021.12.09-03.52.00:095][936]LogModuleManager: Shutting down and abandoning module UMG (166)
[2021.12.09-03.52.00:095][936]LogModuleManager: Shutting down and abandoning module UMGEditor (165)
[2021.12.09-03.52.00:095][936]LogModuleManager: Shutting down and abandoning module Sequencer (164)
[2021.12.09-03.52.00:095][936]LogModuleManager: Shutting down and abandoning module AssetTools (162)
[2021.12.09-03.52.00:095][936]LogModuleManager: Shutting down and abandoning module MessageLog (161)
[2021.12.09-03.52.00:095][936]LogModuleManager: Shutting down and abandoning module WorkspaceMenuStructure (160)
[2021.12.09-03.52.00:095][936]LogModuleManager: Shutting down and abandoning module SlateReflector (154)
[2021.12.09-03.52.00:095][936]LogModuleManager: Shutting down and abandoning module Slate (152)
[2021.12.09-03.52.00:095][936]LogModuleManager: Shutting down and abandoning module EditorStyle (150)
[2021.12.09-03.52.00:097][936]LogModuleManager: Shutting down and abandoning module SourceCodeAccess (148)
[2021.12.09-03.52.00:097][936]LogModuleManager: Shutting down and abandoning module HeadMountedDisplay (146)
[2021.12.09-03.52.00:097][936]LogModuleManager: Shutting down and abandoning module XAudio2 (144)
[2021.12.09-03.52.00:097][936]LogModuleManager: Shutting down and abandoning module Networking (142)
[2021.12.09-03.52.00:097][936]LogModuleManager: Shutting down and abandoning module Core (138)
[2021.12.09-03.52.00:097][936]LogModuleManager: Shutting down and abandoning module AssetRegistry (136)
[2021.12.09-03.52.00:244][936]LogDirectoryWatcher: A directory notification for '../../../Engine/Content/' was aborted.
[2021.12.09-03.52.00:244][936]LogDirectoryWatcher: A directory notification for '../../../../../Info-Vis-FinalProject/BlackBoxAudioRoom 4.15/Content/' was aborted.
[2021.12.09-03.52.00:244][936]LogDirectoryWatcher: A directory notification for '../../../Engine/Plugins/2D/Paper2D/Content/' was aborted.
[2021.12.09-03.52.00:244][936]LogModuleManager: Shutting down and abandoning module DirectoryWatcher (135)
[2021.12.09-03.52.00:244][936]LogModuleManager: Shutting down and abandoning module KismetCompiler (132)
[2021.12.09-03.52.00:244][936]LogModuleManager: Shutting down and abandoning module PhysXFormats (130)
[2021.12.09-03.52.00:244][936]LogModuleManager: Shutting down and abandoning module MeshUtilities (128)
[2021.12.09-03.52.00:244][936]LogModuleManager: Shutting down and abandoning module QuadricMeshReduction (127)
[2021.12.09-03.52.00:244][936]LogModuleManager: Shutting down and abandoning module PropertyEditor (125)
[2021.12.09-03.52.00:244][936]LogModuleManager: Shutting down and abandoning module DerivedDataCache (122)
[2021.12.09-03.52.00:708][936]LogDerivedDataCache: Shutdown
[2021.12.09-03.52.00:708][936]LogModuleManager: Shutting down and abandoning module TargetPlatform (120)
[2021.12.09-03.52.00:708][936]LogModuleManager: Shutting down and abandoning module VulkanShaderFormat (119)
[2021.12.09-03.52.00:708][936]LogModuleManager: Shutting down and abandoning module MetalShaderFormat (117)
[2021.12.09-03.52.00:708][936]LogModuleManager: Shutting down and abandoning module ShaderFormatD3D (115)
[2021.12.09-03.52.00:708][936]LogModuleManager: Shutting down and abandoning module ShaderFormatOpenGL (113)
[2021.12.09-03.52.00:708][936]LogModuleManager: Shutting down and abandoning module TextureFormatUncompressed (111)
[2021.12.09-03.52.00:708][936]LogModuleManager: Shutting down and abandoning module TextureFormatASTC (109)
[2021.12.09-03.52.00:708][936]LogModuleManager: Shutting down and abandoning module ImageWrapper (108)
[2021.12.09-03.52.00:708][936]LogModuleManager: Shutting down and abandoning module TextureFormatPVR (105)
[2021.12.09-03.52.00:708][936]LogModuleManager: Shutting down and abandoning module TextureFormatDXT (103)
[2021.12.09-03.52.00:708][936]LogModuleManager: Shutting down and abandoning module TextureFormatIntelISPCTexComp (101)
[2021.12.09-03.52.00:708][936]LogModuleManager: Shutting down and abandoning module AudioFormatOpus (99)
[2021.12.09-03.52.00:708][936]LogModuleManager: Shutting down and abandoning module AudioFormatOgg (97)
[2021.12.09-03.52.00:708][936]LogModuleManager: Shutting down and abandoning module AudioFormatADPCM (95)
[2021.12.09-03.52.00:708][936]LogModuleManager: Shutting down and abandoning module TVOSTargetPlatform (93)
[2021.12.09-03.52.00:708][936]LogModuleManager: Shutting down and abandoning module Messaging (91)
[2021.12.09-03.52.00:708][936]LogModuleManager: Shutting down and abandoning module IOSTargetPlatform (89)
[2021.12.09-03.52.00:708][936]LogModuleManager: Shutting down and abandoning module HTML5TargetPlatform (87)
[2021.12.09-03.52.00:708][936]LogModuleManager: Shutting down and abandoning module Android_MultiTargetPlatform (85)
[2021.12.09-03.52.00:708][936]LogModuleManager: Shutting down and abandoning module Android_ASTCTargetPlatform (83)
[2021.12.09-03.52.00:708][936]LogModuleManager: Shutting down and abandoning module Android_ETC2TargetPlatform (81)
[2021.12.09-03.52.00:708][936]LogModuleManager: Shutting down and abandoning module Android_ETC1TargetPlatform (79)
[2021.12.09-03.52.00:708][936]LogModuleManager: Shutting down and abandoning module Android_DXTTargetPlatform (77)
[2021.12.09-03.52.00:708][936]LogModuleManager: Shutting down and abandoning module Android_ATCTargetPlatform (75)
[2021.12.09-03.52.00:708][936]LogModuleManager: Shutting down and abandoning module Android_PVRTCTargetPlatform (73)
[2021.12.09-03.52.00:708][936]LogModuleManager: Shutting down and abandoning module AndroidTargetPlatform (71)
[2021.12.09-03.52.00:708][936]LogModuleManager: Shutting down and abandoning module AllDesktopTargetPlatform (69)
[2021.12.09-03.52.00:708][936]LogModuleManager: Shutting down and abandoning module WindowsClientTargetPlatform (67)
[2021.12.09-03.52.00:708][936]LogModuleManager: Shutting down and abandoning module WindowsServerTargetPlatform (65)
[2021.12.09-03.52.00:708][936]LogModuleManager: Shutting down and abandoning module WindowsNoEditorTargetPlatform (63)
[2021.12.09-03.52.00:708][936]LogModuleManager: Shutting down and abandoning module WindowsTargetPlatform (61)
[2021.12.09-03.52.00:708][936]LogModuleManager: Shutting down and abandoning module MacClientTargetPlatform (59)
[2021.12.09-03.52.00:708][936]LogModuleManager: Shutting down and abandoning module MacServerTargetPlatform (57)
[2021.12.09-03.52.00:708][936]LogModuleManager: Shutting down and abandoning module MacNoEditorTargetPlatform (55)
[2021.12.09-03.52.00:708][936]LogModuleManager: Shutting down and abandoning module MacTargetPlatform (53)
[2021.12.09-03.52.00:708][936]LogModuleManager: Shutting down and abandoning module InputCore (50)
[2021.12.09-03.52.00:708][936]LogModuleManager: Shutting down and abandoning module Settings (48)
[2021.12.09-03.52.00:708][936]LogModuleManager: Shutting down and abandoning module OculusRift (46)
[2021.12.09-03.52.00:708][936]LogModuleManager: Shutting down and abandoning module GearVR (44)
[2021.12.09-03.52.00:708][936]LogModuleManager: Shutting down and abandoning module ExampleDeviceProfileSelector (42)
[2021.12.09-03.52.00:708][936]LogModuleManager: Shutting down and abandoning module OnlineBlueprintSupport (40)
[2021.12.09-03.52.00:708][936]LogModuleManager: Shutting down and abandoning module OnlineSubsystem (36)
[2021.12.09-03.52.00:708][936]LogOnline:Display: Unloading online subsystem: NULL
[2021.12.09-03.52.00:709][936]LogModuleManager: Shutting down and abandoning module HTTP (35)
[2021.12.09-03.52.00:709][936]LogHttp:Display: Http module shutting down, but needs to wait on 2 outstanding Http requests:
[2021.12.09-03.52.00:709][936]LogHttp:Display: 	verb=[POST] url=[https://datarouter.ol.epicgames.com/datarouter/api/v1/public/data?SessionID=%7B7FBD75B5-4DBB-676A-3E1D-DB91A77EA978%7D&AppID=UEEditor.UnrealEngine.Release&AppVersion=4.15.1-0%2B%2B%2BUE4%2BRelease-4.15&UserID=b5f17bbd405697261a06edad71bc6c5e%7Cf4ebde72fd134f808a2c6866fa8daec7%7C13eb4d9e-83c8-40c0-ad2b-99ac3c2f0f4a&AppEnvironment=datacollector-source&UploadType=eteventstream] status=Processing
[2021.12.09-03.52.00:709][936]LogHttp:Display: 	verb=[POST] url=[https://datarouter.ol.epicgames.com/datarouter/api/v1/public/data?SessionID=%7B7FBD75B5-4DBB-676A-3E1D-DB91A77EA978%7D&AppID=UEEditor.UnrealEngine.Release&AppVersion=4.15.1-0%2B%2B%2BUE4%2BRelease-4.15&UserID=b5f17bbd405697261a06edad71bc6c5e%7Cf4ebde72fd134f808a2c6866fa8daec7%7C13eb4d9e-83c8-40c0-ad2b-99ac3c2f0f4a&AppEnvironment=datacollector-source&UploadType=eteventstream] status=Processing
[2021.12.09-03.52.00:734][936]LogModuleManager: Shutting down and abandoning module SSL (34)
[2021.12.09-03.52.00:736][936]LogModuleManager: Shutting down and abandoning module AudioEditor (30)
[2021.12.09-03.52.00:736][936]LogModuleManager: Shutting down and abandoning module TextureCompressor (28)
[2021.12.09-03.52.00:736][936]LogModuleManager: Shutting down and abandoning module ShaderCore (26)
[2021.12.09-03.52.00:736][936]LogModuleManager: Shutting down and abandoning module Landscape (24)
[2021.12.09-03.52.00:736][936]LogModuleManager: Shutting down and abandoning module SlateRHIRenderer (22)
[2021.12.09-03.52.00:736][936]LogModuleManager: Shutting down and abandoning module OpenGLDrv (20)
[2021.12.09-03.52.00:736][936]LogModuleManager: Shutting down and abandoning module D3D11RHI (18)
[2021.12.09-03.52.00:736][936]LogModuleManager: Shutting down and abandoning module AnimGraphRuntime (16)
[2021.12.09-03.52.00:736][936]LogModuleManager: Shutting down and abandoning module Renderer (14)
[2021.12.09-03.52.00:736][936]LogModuleManager: Shutting down and abandoning module Engine (12)
[2021.12.09-03.52.00:736][936]LogModuleManager: Shutting down and abandoning module CoreUObject (10)
[2021.12.09-03.52.00:736][936]LogModuleManager: Shutting down and abandoning module NetworkFile (8)
[2021.12.09-03.52.00:736][936]LogModuleManager: Shutting down and abandoning module StreamingFile (6)
[2021.12.09-03.52.00:736][936]LogModuleManager: Shutting down and abandoning module SandboxFile (4)
[2021.12.09-03.52.00:736][936]LogModuleManager: Shutting down and abandoning module PakFile (2)
[2021.12.09-03.52.00:738][936]LogExit: Exiting.
[2021.12.09-03.52.00:739][936]Log file closed, 12/08/21 22:52:00
