Log file open, 12/08/21 22:08:56
LogInit:Display: Running engine for game: BlackBoxAudioRoom
LogPlatformFile: Not using cached read wrapper
LogInit:Display: RandInit(1203679879) SRandInit(1203679879).
LogInit: Using version manifest at CL 0 with build ID '3c5fb4d8-2571-4905-9aa2-9294a62d95ca'
LogTaskGraph: Started task graph with 5 named threads and 8 total threads with 1 sets of task threads.
LogStats: Stats thread started at 0.108834
LogInit: Using libcurl 7.47.1
LogInit:  - built for x86_64-pc-win32
LogInit:  - supports SSL with OpenSSL/1.0.2g
LogInit:  - supports HTTP deflate (compression) using libz 1.2.8
LogInit:  - other features:
LogInit:      CURL_VERSION_SSL
LogInit:      CURL_VERSION_LIBZ
LogInit:      CURL_VERSION_IPV6
LogInit:      CURL_VERSION_ASYNCHDNS
LogInit:      CURL_VERSION_LARGEFILE
LogInit:      CURL_VERSION_IDN
LogInit:  CurlRequestOptions (configurable via config and command line):
LogInit:  - bVerifyPeer = false  - Libcurl will NOT verify peer certificate
LogInit:  - bUseHttpProxy = false  - Libcurl will NOT use HTTP proxy
LogInit:  - bDontReuseConnections = false  - Libcurl will reuse connections
LogInit:  - CertBundlePath = nullptr  - Libcurl will use whatever was configured at build time.
LogInit: Build: ++UE4+Release-4.15-CL-0
LogInit: Engine Version: 4.15.1-0+++UE4+Release-4.15
LogInit: Compatible Engine Version: 4.15.0-0+++UE4+Release-4.15
LogInit: Net CL: 0
LogDevObjectVersion: Number of dev versions registered: 14
LogDevObjectVersion:   Dev-Blueprints (B0D832E4-1F89-4F0D-ACCF-7EB736FD4AA2): 8
LogDevObjectVersion:   Dev-Build (E1C64328-A22C-4D53-A36C-8E866417BD8C): 0
LogDevObjectVersion:   Dev-Core (375EC13C-06E4-48FB-B500-84F0262A717E): 2
LogDevObjectVersion:   Dev-Editor (E4B068ED-F494-42E9-A231-DA0B2E46BB41): 14
LogDevObjectVersion:   Dev-Framework (CFFC743F-43B0-4480-9391-14DF171D2073): 22
LogDevObjectVersion:   Dev-Mobile (B02B49B5-BB20-44E9-A304-32B752E40360): 0
LogDevObjectVersion:   Dev-Networking (A4E4105C-59A1-49B5-A7C5-40C4547EDFEE): 0
LogDevObjectVersion:   Dev-Online (39C831C9-5AE6-47DC-9A44-9C173E1C8E7C): 0
LogDevObjectVersion:   Dev-Physics (78F01B33-EBEA-4F98-B9B4-84EACCB95AA2): 0
LogDevObjectVersion:   Dev-Platform (6631380F-2D4D-43E0-8009-CF276956A95A): 0
LogDevObjectVersion:   Dev-Rendering (12F88B9F-8875-4AFC-A67C-D90C383ABD29): 12
LogDevObjectVersion:   Dev-Sequencer (7B5AE74C-D270-4C10-A958-57980B212A5A): 3
LogDevObjectVersion:   Dev-VR (D7296918-1DD6-4BDD-9DE2-64A83CC13884): 0
LogDevObjectVersion:   Dev-LoadTimes (C2A15278-BFE7-4AFE-6C17-90FF531DF755): 1
LogInit: Compiled (64-bit): Dec  2 2021 04:36:23
LogInit: Compiled with Visual C++: 19.00.24215.01
LogInit: Build Configuration: Development
LogInit: Branch Name: ++UE4+Release-4.15
LogInit: Command line: 
LogInit: Base directory: C:/Users/erica/Thesis/UE-Aud-4.15.1/Engine/Binaries/Win64/
LogInit: Installed Engine Build: 0
LogInit: Presizing for max 8388607 objects, including 0 objects not considered by GC, pre-allocating 0 bytes for permanent pool.
LogInit: Object subsystem initialized
[2021.12.09-03.08.56:755][  0]LogInit: Selected Device Profile: [Windows]
[2021.12.09-03.08.56:755][  0]LogInit: Applying CVar settings loaded from the selected device profile: [Windows]
[2021.12.09-03.08.56:761][  0]LogInit: Computer: DESKTOP-C4KBQ2T
[2021.12.09-03.08.56:761][  0]LogInit: User: erica
[2021.12.09-03.08.56:761][  0]LogInit: CPU Page size=65536, Cores=4
[2021.12.09-03.08.56:761][  0]LogInit: High frequency timer resolution =10.000000 MHz
[2021.12.09-03.08.56:762][  0]LogMemory: Memory total: Physical=31.9GB (32GB approx)
[2021.12.09-03.08.56:762][  0]LogMemory: Platform Memory Stats for Windows
[2021.12.09-03.08.56:762][  0]LogMemory: Process Physical Memory: 265.25 MB used, 265.25 MB peak
[2021.12.09-03.08.56:762][  0]LogMemory: Process Virtual Memory: 262.03 MB used, 262.03 MB peak
[2021.12.09-03.08.56:762][  0]LogMemory: Physical Memory: 17947.41 MB used,  14748.23 MB free, 32695.64 MB total
[2021.12.09-03.08.56:762][  0]LogMemory: Virtual Memory: 4752.39 MB used,  14748.23 MB free, 134217728.00 MB total
[2021.12.09-03.08.58:001][  0]LogTextLocalizationManager: No specific translations for ('en-US') exist, so ('en') translations will be used.
[2021.12.09-03.08.58:638][  0]LogD3D11RHI: D3D11 adapters:
[2021.12.09-03.08.58:728][  0]LogD3D11RHI:    0. 'NVIDIA GeForce RTX 3070' (Feature Level 11_0)
[2021.12.09-03.08.58:728][  0]LogD3D11RHI:       8043/0/16347 MB DedicatedVideo/DedicatedSystem/SharedSystem, Outputs:1, VendorId:0x10de
[2021.12.09-03.08.58:731][  0]LogD3D11RHI:    1. 'Microsoft Basic Render Driver' (Feature Level 11_0)
[2021.12.09-03.08.58:731][  0]LogD3D11RHI:       0/0/16347 MB DedicatedVideo/DedicatedSystem/SharedSystem, Outputs:0, VendorId:0x1414
[2021.12.09-03.08.58:731][  0]LogD3D11RHI: Chosen D3D11 Adapter: 0
[2021.12.09-03.08.58:741][  0]LogD3D11RHI: Creating new Direct3DDevice
[2021.12.09-03.08.58:741][  0]LogD3D11RHI:     GPU DeviceId: 0x2484 (for the marketing name, search the web for "GPU Device Id")
[2021.12.09-03.08.58:741][  0]LogWindows: EnumDisplayDevices:
[2021.12.09-03.08.58:741][  0]LogWindows:    0. 'NVIDIA GeForce RTX 3070' (P:1 D:1)
[2021.12.09-03.08.58:742][  0]LogWindows:    1. 'NVIDIA GeForce RTX 3070' (P:0 D:0)
[2021.12.09-03.08.58:742][  0]LogWindows:    2. 'NVIDIA GeForce RTX 3070' (P:0 D:0)
[2021.12.09-03.08.58:742][  0]LogWindows:    3. 'NVIDIA GeForce RTX 3070' (P:0 D:0)
[2021.12.09-03.08.58:742][  0]LogWindows: DebugString: GetVideoDriverDetailsInvalid PrimaryIsNotTheChoosenAdapter GetVideoDriverDetailsInvalid PrimaryIsNotTheChoosenAdapter GetVideoDriverDetailsInvalid PrimaryIsNotTheChoosenAdapter GetVideoDriverDetailsInvalid PrimaryIsNotTheChoosenAdapter FoundDriverCount:0 
[2021.12.09-03.08.58:742][  0]LogD3D11RHI:     Adapter Name: NVIDIA GeForce RTX 3070
[2021.12.09-03.08.58:742][  0]LogD3D11RHI:   Driver Version: Unknown (internal:Unknown, unified:Unknown)
[2021.12.09-03.08.58:742][  0]LogD3D11RHI:      Driver Date: Unknown
[2021.12.09-03.08.58:742][  0]LogRHI: Texture pool is 1361 MB (70% of 1945 MB)
[2021.12.09-03.08.58:827][  0]LogD3D11RHI: Async texture creation enabled
[2021.12.09-03.08.58:845][  0]LogD3D11RHI: GPU Timing Frequency: 1000.000000 (Debug: 2 1)
[2021.12.09-03.08.58:847][  0]LogShaderCompilers: Guid format shader working directory is 8 characters bigger than the processId version (../../../../../BlackBoxAudioRoom 4.15/Intermediate/Shaders/WorkingDirectory/58124/).
[2021.12.09-03.08.58:847][  0]LogShaderCompilers: Cleaned the shader compiler working directory 'C:/Users/erica/AppData/Local/Temp/UnrealShaderWorkingDir/E803392D472C3C2D642E27BCF8E840F9/'.
[2021.12.09-03.08.58:847][  0]LogShaderCompilers:Display: Using Local Shader Compiler.
[2021.12.09-03.09.00:072][  0]LogTemp:Display: Loaded TP MacTargetPlatform
[2021.12.09-03.09.00:158][  0]LogTemp:Display: Loaded TP MacNoEditorTargetPlatform
[2021.12.09-03.09.00:241][  0]LogTemp:Display: Loaded TP MacServerTargetPlatform
[2021.12.09-03.09.00:323][  0]LogTemp:Display: Loaded TP MacClientTargetPlatform
[2021.12.09-03.09.00:400][  0]LogTemp:Display: Loaded TP WindowsTargetPlatform
[2021.12.09-03.09.00:484][  0]LogTemp:Display: Loaded TP WindowsNoEditorTargetPlatform
[2021.12.09-03.09.00:567][  0]LogTemp:Display: Loaded TP WindowsServerTargetPlatform
[2021.12.09-03.09.00:650][  0]LogTemp:Display: Loaded TP WindowsClientTargetPlatform
[2021.12.09-03.09.00:726][  0]LogTemp:Display: Loaded TP AllDesktopTargetPlatform
[2021.12.09-03.09.00:809][  0]LogTemp:Display: Loaded TP AndroidTargetPlatform
[2021.12.09-03.09.00:893][  0]LogTemp:Display: Loaded TP Android_PVRTCTargetPlatform
[2021.12.09-03.09.00:976][  0]LogTemp:Display: Loaded TP Android_ATCTargetPlatform
[2021.12.09-03.09.01:058][  0]LogTemp:Display: Loaded TP Android_DXTTargetPlatform
[2021.12.09-03.09.01:141][  0]LogTemp:Display: Loaded TP Android_ETC1TargetPlatform
[2021.12.09-03.09.01:223][  0]LogTemp:Display: Loaded TP Android_ETC2TargetPlatform
[2021.12.09-03.09.01:306][  0]LogTemp:Display: Loaded TP Android_ASTCTargetPlatform
[2021.12.09-03.09.01:390][  0]LogTemp:Display: Loaded TP Android_MultiTargetPlatform
[2021.12.09-03.09.01:463][  0]LogTemp:Display: Loaded TP HTML5TargetPlatform
[2021.12.09-03.09.01:607][  0]LogTemp:Display: Loaded TP IOSTargetPlatform
[2021.12.09-03.09.01:655][  0]LogTemp:Display: Loaded TP TVOSTargetPlatform
[2021.12.09-03.09.01:655][  0]LogTargetPlatformManager:Display: Building Assets For Windows
[2021.12.09-03.09.02:441][  0]LogDerivedDataCache:Display: Max Cache Size: 512 MB
[2021.12.09-03.09.02:471][  0]LogDerivedDataCache: Loaded boot cache 0.03s 50MB ../../../../../BlackBoxAudioRoom 4.15/DerivedDataCache/Boot.ddc.
[2021.12.09-03.09.02:471][  0]LogDerivedDataCache:Display: Loaded Boot cache: ../../../../../BlackBoxAudioRoom 4.15/DerivedDataCache/Boot.ddc
[2021.12.09-03.09.02:471][  0]LogDerivedDataCache: FDerivedDataBackendGraph:  Pak pak cache file ../../../../../BlackBoxAudioRoom 4.15/DerivedDataCache/DDC.ddp not found, will not use a pak cache.
[2021.12.09-03.09.02:471][  0]LogDerivedDataCache: Unable to find inner node Pak for hierarchical cache Hierarchy.
[2021.12.09-03.09.02:471][  0]LogDerivedDataCache: FDerivedDataBackendGraph:  EnginePak pak cache file ../../../Engine/DerivedDataCache/DDC.ddp not found, will not use a pak cache.
[2021.12.09-03.09.02:471][  0]LogDerivedDataCache: Unable to find inner node EnginePak for hierarchical cache Hierarchy.
[2021.12.09-03.09.02:484][  0]LogDerivedDataCache: Using Local data cache path ../../../Engine/DerivedDataCache: Writable
[2021.12.09-03.09.02:484][  0]LogDerivedDataCache: Shared data cache path not found in *engine.ini, will not use an Shared cache.
[2021.12.09-03.09.02:484][  0]LogDerivedDataCache: Unable to find inner node Shared for hierarchical cache Hierarchy.
[2021.12.09-03.09.02:490][  0]LogSlate: Using Freetype 2.6.0
[2021.12.09-03.09.02:492][  0]LogSlate: SlateFontCache - WITH_FREETYPE: 1, WITH_HARFBUZZ: 1
[2021.12.09-03.09.02:492][  0]LogSlate: SlateFontCache - WITH_FREETYPE: 1, WITH_HARFBUZZ: 1
[2021.12.09-03.09.02:761][  0]LogInit: Selected Device Profile: [Windows]
[2021.12.09-03.09.02:763][  0]LogContentStreaming: Texture pool size is 0.00 MB
[2021.12.09-03.09.03:051][  0]LogMeshUtilities: Using QuadricMeshReduction for automatic static mesh reduction
[2021.12.09-03.09.03:078][  0]LogMeshUtilities: No automatic skeletal mesh reduction module available
[2021.12.09-03.09.03:078][  0]LogMeshUtilities: No automatic mesh merging module available
[2021.12.09-03.09.03:078][  0]LogMeshUtilities: No distributed automatic mesh merging module available
[2021.12.09-03.09.03:648][  0]LogNetVersion: GetLocalNetworkVersion: CL: 0, ProjectName: blackboxaudioroom, ProjectVersion: , EngineNetworkVersion: 2, GameNetworkVersion: 0, NetworkChecksum: 2902508691
[2021.12.09-03.09.03:710][  0]LogAssetRegistry: FAssetRegistry took 0.0216 seconds to start up
[2021.12.09-03.09.03:780][  0]LogPackageLocalizationCache: Processed 3 localized package path(s) for 2 prioritized culture(s) in 0.032711 seconds
[2021.12.09-03.09.03:785][  0]LogUObjectArray: 32472 objects as part of root set at end of initial load.
[2021.12.09-03.09.03:785][  0]LogUObjectAllocator: 7075544 out of 0 bytes used by permanent object pool.
[2021.12.09-03.09.03:785][  0]LogUObjectArray: CloseDisregardForGC: 0/0 objects in disregard for GC pool
[2021.12.09-03.09.03:899][  0]LogInit: WinSock: version 1.1 (2.2), MaxSocks=32767, MaxUdp=65467
[2021.12.09-03.09.06:523][  0]LogTcpMessaging: Initializing TcpMessaging bridge
[2021.12.09-03.09.06:592][  0]LogUdpMessaging: Initializing bridge on interface 0.0.0.0:0 to multicast group 230.0.0.1:6666.
[2021.12.09-03.09.06:858][  0]FUdpSocketBuilder: Failed to subscribe UdpMessageMulticastSocket to multicast group 230.0.0.1
[2021.12.09-03.09.06:858][  0]FUdpSocketBuilder: Failed to create and initialize socket UdpMessageMulticastSocket (last error: 0)
[2021.12.09-03.09.06:858][  0]LogUdpMessaging:Warning: StartTransport failed to create multicast socket on 0.0.0.0:0, joined to 230.0.0.1:6666 with TTL 1
[2021.12.09-03.09.07:085][  0]LogNvAudioFn:Display: FNvAcousticRayTracer::FNvAcousticRayTracer

[2021.12.09-03.09.07:085][  0]LogNvAudioFn:Display: FNvAcousticRayTracer::StartupModule

[2021.12.09-03.09.07:194][  0]LogNvXAudio2Fn:Display: FSpatializationPlugin::FSpatializationPlugin

[2021.12.09-03.09.07:821][  0]LogMaterial: Uniform references updated for custom material expression Custom.
[2021.12.09-03.09.08:477][  0]SourceControl: Info Source control is disabled
[2021.12.09-03.09.08:529][  0]SourceControl: Info Source control is disabled
[2021.12.09-03.09.08:621][  0]SourceControl: Info Source control is disabled
[2021.12.09-03.09.08:713][  0]SourceControl: Info Source control is disabled
[2021.12.09-03.09.11:090][  0]LogEngine: Initializing Engine...
[2021.12.09-03.09.11:091][  0]LogHMD: Failed to initialize OpenVR with code 110
[2021.12.09-03.09.11:390][  0]LogAIModule: Creating AISystem for world Untitled
[2021.12.09-03.09.11:449][  0]LogInit: XAudio2 using 'Headset Earphone (SteelSeries Arctis Pro Chat)' : 2 channels at 48 kHz using 16 bits per sample (channel mask 0x3)
[2021.12.09-03.09.11:472][  0]LogNvXAudio2Fn:Display: FSpatializationPlugin::Initialize

[2021.12.09-03.09.11:472][  0]LogNvXAudio2Fn:Display: FSpatializationPlugin::LoadModule

[2021.12.09-03.09.11:486][  0]LogNvXAudio2Fn:Display: NVARContext::NVARContext

[2021.12.09-03.09.11:759][  0]LogNvXAudio2:Display: nvar context created/retrived successfully: 0000025E764D7EB0

[2021.12.09-03.09.11:759][  0]LogNvXAudio2Fn:Display: FSpatializationPlugin::GetNewSpatializationAlgorithm

[2021.12.09-03.09.11:759][  0]LogNvXAudio2Fn:Display: FHrtfSpatializationAlgorithmXAudio2::FHrtfSpatializationAlgorithmXAudio2

[2021.12.09-03.09.11:759][  0]LogInit: FAudioDevice initialized.
[2021.12.09-03.09.11:777][  0]LogDerivedDataCache: Saved boot cache 0.02s 50MB ../../../../../BlackBoxAudioRoom 4.15/DerivedDataCache/Boot.ddc.
[2021.12.09-03.09.11:783][  0]LogInit: Texture streaming: Enabled
[2021.12.09-03.09.11:954][  0]LogEngineSessionManager: EngineSessionManager initialized
[2021.12.09-03.09.12:118][  0]LogInit: Transaction tracking system initialized
[2021.12.09-03.09.12:753][  0]BlueprintLog: New page: Editor Load
[2021.12.09-03.09.14:371][  0]LocalizationService: Info Localization service is disabled
[2021.12.09-03.09.15:586][  0]LogConsoleResponse:Display: 
[2021.12.09-03.09.15:714][  0]LogCook:Display: Max memory allowance for cook 16384mb min free memory 0mb
[2021.12.09-03.09.15:714][  0]LogCook:Display: Mobile HDR setting 1
[2021.12.09-03.09.16:465][  0]LogFileCache: Scanning file cache for directory 'C:/Users/erica/BlackBoxAudioRoom 4.15/Content/' took 0.01s
[2021.12.09-03.09.17:658][  0]SourceControl: Info Source control is disabled
[2021.12.09-03.09.17:658][  0]Cmd: MAP LOAD FILE="../../../../../BlackBoxAudioRoom 4.15/Content/CustomContent/tworoomsmultisource.umap" TEMPLATE=0 SHOWPROGRESS=1 FEATURELEVEL=3
[2021.12.09-03.09.17:659][  0]LightingResults: New page: Lighting Build
[2021.12.09-03.09.17:733][  0]LogNvAudioFn:Display: FNvAcousticRayTracer::OnFWorldCleanupEvent

[2021.12.09-03.09.17:733][  0]MapCheck: New page: Map Check
[2021.12.09-03.09.17:733][  0]LightingResults: New page: Lighting Build
[2021.12.09-03.09.18:055][  0]LogAIModule: Creating AISystem for world tworoomsmultisource
[2021.12.09-03.09.18:074][  0]LogEditorServer: Finished looking for orphan Actors (0.000 secs)
[2021.12.09-03.09.18:075][  0]Cmd: MAP CHECKDEP NOCLEARLOG
[2021.12.09-03.09.18:161][  0]MapCheck: Info Map check complete: 0 Error(s), 0 Warning(s), took 86.079ms to complete.
[2021.12.09-03.09.18:161][  0]LogFileHelpers: Loading map 'tworoomsmultisource' took 0.503
[2021.12.09-03.09.18:349][  0]LogCollectionManager: Loaded 0 collections in 0.000787 seconds
[2021.12.09-03.09.18:458][  0]LogFileCache: Scanning file cache for directory 'C:/Users/erica/BlackBoxAudioRoom 4.15/Saved/Collections/' took 0.01s
[2021.12.09-03.09.18:458][  0]LogFileCache: Scanning file cache for directory 'C:/Users/erica/BlackBoxAudioRoom 4.15/Content/Developers/erica/Collections/' took 0.01s
[2021.12.09-03.09.18:458][  0]LogFileCache: Scanning file cache for directory 'C:/Users/erica/BlackBoxAudioRoom 4.15/Content/Collections/' took 0.01s
[2021.12.09-03.09.18:458][  0]LogCollectionManager: Rebuilt the GUID cache for 0 collections in 0.000002 seconds
[2021.12.09-03.09.18:465][  0]LogContentBrowser: Native class hierarchy populated in 0.0063 seconds. Added 2244 classes and 451 folders.
[2021.12.09-03.09.18:467][  0]LogStats: UGameplayTagsManager::ConstructGameplayTagTree: Construct from data asset -  0.000 s
[2021.12.09-03.09.18:467][  0]LogStats: UGameplayTagsManager::ConstructGameplayTagTree: GameplayTagTreeChangedEvent.Broadcast -  0.000 s
[2021.12.09-03.09.18:581][  0]LogContentBrowser: Native class hierarchy updated for 'WidgetCarousel' in 0.0004 seconds. Added 0 classes and 0 folders.
[2021.12.09-03.09.18:632][  0]LogContentBrowser: Native class hierarchy updated for 'AddContentDialog' in 0.0004 seconds. Added 0 classes and 0 folders.
[2021.12.09-03.09.18:709][  0]LogContentBrowser: Native class hierarchy updated for 'SceneOutliner' in 0.0004 seconds. Added 1 classes and 2 folders.
[2021.12.09-03.09.18:769][  0]LogCrashTracker: Crashtracker disabled due to settings.
[2021.12.09-03.09.18:778][  0]LogUObjectGlobals:Warning: Failed to find object 'Class None.'
[2021.12.09-03.09.18:896][  0]LogContentBrowser: Native class hierarchy updated for 'HierarchicalLODOutliner' in 0.0004 seconds. Added 1 classes and 2 folders.
[2021.12.09-03.09.18:896][  0]LogLoad: (Engine Initialization) Total time: 24.29 seconds
[2021.12.09-03.09.18:896][  0]LogLoad: (Engine Initialization) Total Blueprint compile time: 0.18 seconds
[2021.12.09-03.09.18:896][  0]LogExternalProfiler: No external profilers were discovered.  External profiling features will not be available.
[2021.12.09-03.09.18:906][  0]LogOcInput: OculusInput pre-init called
[2021.12.09-03.09.18:918][  0]LogAssetRegistry: Asset discovery search completed in 15.2317 seconds
[2021.12.09-03.09.18:918][  0]LogCollectionManager: Rebuilt the object cache for 0 collections in 0.000000 seconds (found 0 objects)
[2021.12.09-03.09.18:918][  0]LogCollectionManager: Fixed up redirectors for 0 collections in 0.000013 seconds (updated 0 objects)
[2021.12.09-03.09.18:919][  0]LogContentStreaming: Texture pool size now 1000 MB
[2021.12.09-03.09.18:926][  0]LogSlate: Took 0.000293 seconds to synchronously load lazily loaded font '../../../Engine/Content/Slate/Fonts/Roboto-Regular.ttf' (155K)
[2021.12.09-03.09.18:929][  0]LogSlate: Took 0.000382 seconds to synchronously load lazily loaded font '../../../Engine/Content/Slate/Fonts/Roboto-Bold.ttf' (160K)
[2021.12.09-03.09.18:932][  0]LogSlate: Took 0.000338 seconds to synchronously load lazily loaded font '../../../Engine/Content/Editor/Slate/Fonts/FontAwesome.ttf' (139K)
[2021.12.09-03.09.19:026][  0]LogRenderer: Reallocating scene render targets to support 844x588 NumSamples 1 (Frame:2).
[2021.12.09-03.09.26:962][930]LogTemp: Repeting last play command: Selected Viewport
[2021.12.09-03.09.26:971][930]LogBlueprintUserMessages: Early PlayInEditor Detection: Level '/Game/CustomContent/tworoomsmultisource.tworoomsmultisource:PersistentLevel' has LevelScriptBlueprint '/Game/CustomContent/tworoomsmultisource.tworoomsmultisource:PersistentLevel.tworoomsmultisource' with GeneratedClass '/Game/CustomContent/tworoomsmultisource.tworoomsmultisource_C' with ClassGeneratedBy '/Game/CustomContent/tworoomsmultisource.tworoomsmultisource:PersistentLevel.tworoomsmultisource'
[2021.12.09-03.09.26:971][930]LogPlayLevel: PlayLevel: No blueprints needed recompiling
[2021.12.09-03.09.26:971][930]PIE: New page: PIE session: tworoomsmultisource (Dec 8, 2021, 5:09:26 PM)
[2021.12.09-03.09.26:971][930]LogPlayLevel: Creating play world package: /Game/CustomContent/UEDPIE_0_tworoomsmultisource
[2021.12.09-03.09.26:978][930]LogPlayLevel: PIE: StaticDuplicateObject took: (0.007173s)
[2021.12.09-03.09.26:979][930]LogAIModule: Creating AISystem for world tworoomsmultisource
[2021.12.09-03.09.26:979][930]LogNvAudio:Display: NVAR Version: 1000

[2021.12.09-03.09.26:979][930]LogNvAudio:Display: Creating NVAR. Preset: 0

[2021.12.09-03.09.26:979][930]LogNvAudio:Display: nvarCreate success. nvar handle: 0000025E764D7EB0

[2021.12.09-03.09.26:979][930]LogNvAudio:Display: ReverbLength: 1.000000

[2021.12.09-03.09.26:979][930]LogNvAudioMeshLoad:Display: PreCreateMaterials(8 count)

[2021.12.09-03.09.26:979][930]LogNvAudio:Display: UnitsPerMeter: 100.000000

[2021.12.09-03.09.26:979][930]LogNvAudio:Display: nvarGetSourceFilterArraySize: 384000

[2021.12.09-03.09.26:979][930]LogPlayLevel: PIE: World Init took: (0.000833s)
[2021.12.09-03.09.26:979][930]LogPlayLevel: PIE: Created PIE world by copying editor world from /Game/CustomContent/tworoomsmultisource.tworoomsmultisource to /Game/CustomContent/UEDPIE_0_tworoomsmultisource.tworoomsmultisource (0.008180s)
[2021.12.09-03.09.27:045][930]LogInit: XAudio2 using 'Headset Earphone (SteelSeries Arctis Pro Chat)' : 2 channels at 48 kHz using 16 bits per sample (channel mask 0x3)
[2021.12.09-03.09.27:060][930]LogNvXAudio2Fn:Display: FSpatializationPlugin::Initialize

[2021.12.09-03.09.27:060][930]LogNvXAudio2Fn:Display: FSpatializationPlugin::GetNewSpatializationAlgorithm

[2021.12.09-03.09.27:060][930]LogNvXAudio2Fn:Display: FHrtfSpatializationAlgorithmXAudio2::FHrtfSpatializationAlgorithmXAudio2

[2021.12.09-03.09.27:060][930]LogInit: FAudioDevice initialized.
[2021.12.09-03.09.27:104][930]LogLoad: Game class is 'GameModeBase'
[2021.12.09-03.09.27:106][930]LogWorld: Bringing World /Game/CustomContent/UEDPIE_0_tworoomsmultisource.tworoomsmultisource up for play (max tick rate 0) at 2021.12.08-22.09.27
[2021.12.09-03.09.27:106][930]LogNvAudioFn:Display: FNvAcousticRayTracer::OnPostActorsInitialization

[2021.12.09-03.09.27:106][930]LogNvAudioFn:Display: FNvAcousticRayTracerScene::CommitWorldGeometry (RENDERSTATE)

[2021.12.09-03.09.27:106][930]LogNvAudioMeshLoad:Display: Actor count: 78

[2021.12.09-03.09.27:107][930]LogNvAudioMeshLoad:Display: Actor Wall_400x400_2 Movable 0, components: 1

[2021.12.09-03.09.27:107][930]LogNvAudioMeshLoad:Display: Loading static mesh Wall_400x400_2.StaticMeshComponent0 Wall_400x400 to nvar: 24 verts 12 faces, SImulatePhysics = 0,  staticMeshComponent = 0000025E60666B00

[2021.12.09-03.09.27:107][930]LogNvAudioMeshLoad:Warning: Unknown material 9 passed. Using NVAR_PREDEFINED_MATERIAL_CONCRETE

[2021.12.09-03.09.27:107][930]LogNvAudioMeshLoad:Display: Material: 0

[2021.12.09-03.09.27:107][930]LogNvAudioMeshLoad:Display: Actor Wall_400x401 Movable 0, components: 1

[2021.12.09-03.09.27:107][930]LogNvAudioMeshLoad:Display: Loading static mesh Wall_400x401.StaticMeshComponent0 Wall_400x400 to nvar: 24 verts 12 faces, SImulatePhysics = 0,  staticMeshComponent = 0000025E60666080

[2021.12.09-03.09.27:107][930]LogNvAudioMeshLoad:Warning: Unknown material 9 passed. Using NVAR_PREDEFINED_MATERIAL_CONCRETE

[2021.12.09-03.09.27:107][930]LogNvAudioMeshLoad:Display: Material: 0

[2021.12.09-03.09.27:107][930]LogNvAudioMeshLoad:Display: Actor Wall_Door_400x400_6 Movable 0, components: 1

[2021.12.09-03.09.27:107][930]LogNvAudioMeshLoad:Display: Loading static mesh Wall_Door_400x400_6.StaticMeshComponent0 Wall_Door_400x400 to nvar: 64 verts 44 faces, SImulatePhysics = 0,  staticMeshComponent = 0000025E60664100

[2021.12.09-03.09.27:107][930]LogNvAudioMeshLoad:Warning: Unknown material 9 passed. Using NVAR_PREDEFINED_MATERIAL_CONCRETE

[2021.12.09-03.09.27:107][930]LogNvAudioMeshLoad:Display: Material: 0

[2021.12.09-03.09.27:107][930]LogNvAudioMeshLoad:Display: Actor Wall_400x402 Movable 0, components: 1

[2021.12.09-03.09.27:107][930]LogNvAudioMeshLoad:Display: Loading static mesh Wall_400x402.StaticMeshComponent0 Wall_400x400 to nvar: 24 verts 12 faces, SImulatePhysics = 0,  staticMeshComponent = 0000025E60667580

[2021.12.09-03.09.27:107][930]LogNvAudioMeshLoad:Warning: Unknown material 9 passed. Using NVAR_PREDEFINED_MATERIAL_CONCRETE

[2021.12.09-03.09.27:107][930]LogNvAudioMeshLoad:Display: Material: 0

[2021.12.09-03.09.27:107][930]LogNvAudioMeshLoad:Display: Actor Wall_400x403 Movable 0, components: 1

[2021.12.09-03.09.27:107][930]LogNvAudioMeshLoad:Display: Loading static mesh Wall_400x403.StaticMeshComponent0 Wall_400x400 to nvar: 24 verts 12 faces, SImulatePhysics = 0,  staticMeshComponent = 0000025E6068A080

[2021.12.09-03.09.27:107][930]LogNvAudioMeshLoad:Warning: Unknown material 9 passed. Using NVAR_PREDEFINED_MATERIAL_CONCRETE

[2021.12.09-03.09.27:107][930]LogNvAudioMeshLoad:Display: Material: 0

[2021.12.09-03.09.27:107][930]LogNvAudioMeshLoad:Display: Actor Wall_400x404 Movable 0, components: 1

[2021.12.09-03.09.27:107][930]LogNvAudioMeshLoad:Display: Loading static mesh Wall_400x404.StaticMeshComponent0 Wall_400x400 to nvar: 24 verts 12 faces, SImulatePhysics = 0,  staticMeshComponent = 0000025E60688100

[2021.12.09-03.09.27:107][930]LogNvAudioMeshLoad:Warning: Unknown material 9 passed. Using NVAR_PREDEFINED_MATERIAL_CONCRETE

[2021.12.09-03.09.27:107][930]LogNvAudioMeshLoad:Display: Material: 0

[2021.12.09-03.09.27:107][930]LogNvAudioMeshLoad:Display: Actor Sphere_12 Movable 0, components: 1

[2021.12.09-03.09.27:107][930]LogNvAudioMeshLoad:Display: NOT LOADING Mesh Sphere_12 to NVAR

[2021.12.09-03.09.27:107][930]LogNvAudioMeshLoad:Display: Actor Wall_400x405 Movable 0, components: 1

[2021.12.09-03.09.27:107][930]LogNvAudioMeshLoad:Display: Loading static mesh Wall_400x405.StaticMeshComponent0 Wall_400x400 to nvar: 24 verts 12 faces, SImulatePhysics = 0,  staticMeshComponent = 0000025E6068B580

[2021.12.09-03.09.27:107][930]LogNvAudioMeshLoad:Warning: Unknown material 9 passed. Using NVAR_PREDEFINED_MATERIAL_CONCRETE

[2021.12.09-03.09.27:107][930]LogNvAudioMeshLoad:Display: Material: 0

[2021.12.09-03.09.27:107][930]LogNvAudioMeshLoad:Display: Actor Wall_400x406 Movable 0, components: 1

[2021.12.09-03.09.27:107][930]LogNvAudioMeshLoad:Display: Loading static mesh Wall_400x406.StaticMeshComponent0 Wall_400x400 to nvar: 24 verts 12 faces, SImulatePhysics = 0,  staticMeshComponent = 0000025E60660B80

[2021.12.09-03.09.27:107][930]LogNvAudioMeshLoad:Warning: Unknown material 9 passed. Using NVAR_PREDEFINED_MATERIAL_CONCRETE

[2021.12.09-03.09.27:107][930]LogNvAudioMeshLoad:Display: Material: 0

[2021.12.09-03.09.27:107][930]LogNvAudioMeshLoad:Display: Actor Wall_Door_400x401 Movable 0, components: 1

[2021.12.09-03.09.27:107][930]LogNvAudioMeshLoad:Display: Loading static mesh Wall_Door_400x401.StaticMeshComponent0 Wall_Door_400x400 to nvar: 64 verts 44 faces, SImulatePhysics = 0,  staticMeshComponent = 0000025E60661600

[2021.12.09-03.09.27:107][930]LogNvAudioMeshLoad:Warning: Unknown material 9 passed. Using NVAR_PREDEFINED_MATERIAL_CONCRETE

[2021.12.09-03.09.27:107][930]LogNvAudioMeshLoad:Display: Material: 0

[2021.12.09-03.09.27:107][930]LogNvAudioMeshLoad:Display: Actor Wall_400x407 Movable 0, components: 1

[2021.12.09-03.09.27:107][930]LogNvAudioMeshLoad:Display: Loading static mesh Wall_400x407.StaticMeshComponent0 Wall_400x400 to nvar: 24 verts 12 faces, SImulatePhysics = 0,  staticMeshComponent = 0000025E60660100

[2021.12.09-03.09.27:107][930]LogNvAudioMeshLoad:Warning: Unknown material 9 passed. Using NVAR_PREDEFINED_MATERIAL_CONCRETE

[2021.12.09-03.09.27:107][930]LogNvAudioMeshLoad:Display: Material: 0

[2021.12.09-03.09.27:107][930]LogNvAudioMeshLoad:Display: Actor Wall_400x408 Movable 0, components: 1

[2021.12.09-03.09.27:107][930]LogNvAudioMeshLoad:Display: Loading static mesh Wall_400x408.StaticMeshComponent0 Wall_400x400 to nvar: 24 verts 12 faces, SImulatePhysics = 0,  staticMeshComponent = 0000025E51ED2080

[2021.12.09-03.09.27:107][930]LogNvAudioMeshLoad:Warning: Unknown material 9 passed. Using NVAR_PREDEFINED_MATERIAL_CONCRETE

[2021.12.09-03.09.27:107][930]LogNvAudioMeshLoad:Display: Material: 0

[2021.12.09-03.09.27:107][930]LogNvAudioMeshLoad:Display: Actor Wall_400x409 Movable 0, components: 1

[2021.12.09-03.09.27:107][930]LogNvAudioMeshLoad:Display: Loading static mesh Wall_400x409.StaticMeshComponent0 Wall_400x400 to nvar: 24 verts 12 faces, SImulatePhysics = 0,  staticMeshComponent = 0000025E51ED3580

[2021.12.09-03.09.27:107][930]LogNvAudioMeshLoad:Warning: Unknown material 9 passed. Using NVAR_PREDEFINED_MATERIAL_CONCRETE

[2021.12.09-03.09.27:107][930]LogNvAudioMeshLoad:Display: Material: 0

[2021.12.09-03.09.27:107][930]LogNvAudioMeshLoad:Display: Actor Sphere2 Movable 0, components: 1

[2021.12.09-03.09.27:107][930]LogNvAudioMeshLoad:Display: NOT LOADING Mesh Sphere2 to NVAR

[2021.12.09-03.09.27:107][930]LogNvAudioMeshLoad:Display: Actor Sphere3_2 Movable 0, components: 1

[2021.12.09-03.09.27:107][930]LogNvAudioMeshLoad:Display: NOT LOADING Mesh Sphere3_2 to NVAR

[2021.12.09-03.09.27:107][930]LogNvAudioMeshLoad:Display: Actor Sphere4 Movable 0, components: 1

[2021.12.09-03.09.27:107][930]LogNvAudioMeshLoad:Display: NOT LOADING Mesh Sphere4 to NVAR

[2021.12.09-03.09.27:107][930]LogNvAudioMeshLoad:Display: Actor Wall_400x410 Movable 0, components: 1

[2021.12.09-03.09.27:107][930]LogNvAudioMeshLoad:Display: Loading static mesh Wall_400x410.StaticMeshComponent0 Wall_400x400 to nvar: 24 verts 12 faces, SImulatePhysics = 0,  staticMeshComponent = 0000025E51C2CB80

[2021.12.09-03.09.27:107][930]LogNvAudioMeshLoad:Warning: Unknown material 9 passed. Using NVAR_PREDEFINED_MATERIAL_CONCRETE

[2021.12.09-03.09.27:107][930]LogNvAudioMeshLoad:Display: Material: 0

[2021.12.09-03.09.27:107][930]LogNvAudioMeshLoad:Display: Actor Wall_400x411 Movable 0, components: 1

[2021.12.09-03.09.27:107][930]LogNvAudioMeshLoad:Display: Loading static mesh Wall_400x411.StaticMeshComponent0 Wall_400x400 to nvar: 24 verts 12 faces, SImulatePhysics = 0,  staticMeshComponent = 0000025E51C2D600

[2021.12.09-03.09.27:107][930]LogNvAudioMeshLoad:Warning: Unknown material 9 passed. Using NVAR_PREDEFINED_MATERIAL_CONCRETE

[2021.12.09-03.09.27:107][930]LogNvAudioMeshLoad:Display: Material: 0

[2021.12.09-03.09.27:107][930]LogNvAudioMeshLoad:Display: Actor Wall_Door_400x402 Movable 0, components: 1

[2021.12.09-03.09.27:107][930]LogNvAudioMeshLoad:Display: Loading static mesh Wall_Door_400x402.StaticMeshComponent0 Wall_Door_400x400 to nvar: 64 verts 44 faces, SImulatePhysics = 0,  staticMeshComponent = 0000025E51C2E080

[2021.12.09-03.09.27:107][930]LogNvAudioMeshLoad:Warning: Unknown material 9 passed. Using NVAR_PREDEFINED_MATERIAL_CONCRETE

[2021.12.09-03.09.27:107][930]LogNvAudioMeshLoad:Display: Material: 0

[2021.12.09-03.09.27:107][930]LogNvAudioMeshLoad:Display: Actor Wall_400x412 Movable 0, components: 1

[2021.12.09-03.09.27:107][930]LogNvAudioMeshLoad:Display: Loading static mesh Wall_400x412.StaticMeshComponent0 Wall_400x400 to nvar: 24 verts 12 faces, SImulatePhysics = 0,  staticMeshComponent = 0000025E51E90100

[2021.12.09-03.09.27:108][930]LogNvAudioMeshLoad:Warning: Unknown material 9 passed. Using NVAR_PREDEFINED_MATERIAL_CONCRETE

[2021.12.09-03.09.27:108][930]LogNvAudioMeshLoad:Display: Material: 0

[2021.12.09-03.09.27:108][930]LogNvAudioMeshLoad:Display: Actor Wall_400x413 Movable 0, components: 1

[2021.12.09-03.09.27:108][930]LogNvAudioMeshLoad:Display: Loading static mesh Wall_400x413.StaticMeshComponent0 Wall_400x400 to nvar: 24 verts 12 faces, SImulatePhysics = 0,  staticMeshComponent = 0000025E51E90B80

[2021.12.09-03.09.27:108][930]LogNvAudioMeshLoad:Warning: Unknown material 9 passed. Using NVAR_PREDEFINED_MATERIAL_CONCRETE

[2021.12.09-03.09.27:108][930]LogNvAudioMeshLoad:Display: Material: 0

[2021.12.09-03.09.27:108][930]LogNvAudioMeshLoad:Display: Actor Wall_400x414 Movable 0, components: 1

[2021.12.09-03.09.27:108][930]LogNvAudioMeshLoad:Display: Loading static mesh Wall_400x414.StaticMeshComponent0 Wall_400x400 to nvar: 24 verts 12 faces, SImulatePhysics = 0,  staticMeshComponent = 0000025E51E92B00

[2021.12.09-03.09.27:108][930]LogNvAudioMeshLoad:Warning: Unknown material 9 passed. Using NVAR_PREDEFINED_MATERIAL_CONCRETE

[2021.12.09-03.09.27:108][930]LogNvAudioMeshLoad:Display: Material: 0

[2021.12.09-03.09.27:108][930]LogNvAudioMeshLoad:Display: Actor Sphere5 Movable 0, components: 1

[2021.12.09-03.09.27:108][930]LogNvAudioMeshLoad:Display: NOT LOADING Mesh Sphere5 to NVAR

[2021.12.09-03.09.27:108][930]LogNvAudioMeshLoad:Display: Actor Cube_19 Movable 0, components: 1

[2021.12.09-03.09.27:108][930]LogNvAudioMeshLoad:Display: Loading static mesh Cube_19.StaticMeshComponent0 Cube to nvar: 54 verts 48 faces, SImulatePhysics = 0,  staticMeshComponent = 0000025E78D78100

[2021.12.09-03.09.27:108][930]LogNvAudioMeshLoad:Display: Material: 0

[2021.12.09-03.09.27:108][930]LogNvAudioMeshLoad:Display: Actor Cube2 Movable 0, components: 1

[2021.12.09-03.09.27:108][930]LogNvAudioMeshLoad:Display: Loading static mesh Cube2.StaticMeshComponent0 Cube to nvar: 54 verts 48 faces, SImulatePhysics = 0,  staticMeshComponent = 0000025E78D73580

[2021.12.09-03.09.27:108][930]LogNvAudioMeshLoad:Display: Material: 0

[2021.12.09-03.09.27:108][930]LogNvAudioMeshLoad:Display: Actor Floor_400x400_2 Movable 0, components: 1

[2021.12.09-03.09.27:108][930]LogNvAudioMeshLoad:Display: NOT LOADING Mesh Floor_400x400_2 to NVAR

[2021.12.09-03.09.27:108][930]LogNvAudioMeshLoad:Display: Actor Sphere6 Movable 0, components: 1

[2021.12.09-03.09.27:108][930]LogNvAudioMeshLoad:Display: NOT LOADING Mesh Sphere6 to NVAR

[2021.12.09-03.09.27:108][930]LogNvAudioMeshLoad:Display: Actor Room1SlidingDoor Movable 1, components: 1

[2021.12.09-03.09.27:108][930]LogNvAudioMeshLoad:Display: Loading static mesh Room1SlidingDoor.StaticMeshComponent0 Cube to nvar: 54 verts 48 faces, SImulatePhysics = 0,  staticMeshComponent = 0000025E51ED2B00

[2021.12.09-03.09.27:108][930]LogNvAudioMeshLoad:Display: Material: 0

[2021.12.09-03.09.27:108][930]LogNvAudioMeshLoad:Display: Actor Room2SlidingDoor_6 Movable 1, components: 1

[2021.12.09-03.09.27:108][930]LogNvAudioMeshLoad:Display: Loading static mesh Room2SlidingDoor_6.StaticMeshComponent0 Cube to nvar: 54 verts 48 faces, SImulatePhysics = 0,  staticMeshComponent = 0000025E60676B00

[2021.12.09-03.09.27:108][930]LogNvAudioMeshLoad:Display: Material: 0

[2021.12.09-03.09.27:108][930]LogNvAudioMeshLoad:Display: Actor SlidingDoor3_2 Movable 1, components: 1

[2021.12.09-03.09.27:108][930]LogNvAudioMeshLoad:Display: Loading static mesh SlidingDoor3_2.StaticMeshComponent0 Cube to nvar: 54 verts 48 faces, SImulatePhysics = 0,  staticMeshComponent = 0000025E78D72B00

[2021.12.09-03.09.27:108][930]LogNvAudioMeshLoad:Display: Material: 0

[2021.12.09-03.09.27:108][930]LogWorld: Bringing up level for play took: 0.003650
[2021.12.09-03.09.27:188][930]LogContentBrowser: Native class hierarchy updated for 'MovieSceneCapture' in 0.0004 seconds. Added 11 classes and 0 folders.
[2021.12.09-03.09.27:189][930]PIE: Info Play in editor start time for /Game/CustomContent/UEDPIE_0_tworoomsmultisource 0.671
[2021.12.09-03.09.27:189][930]LogBlueprintUserMessages: Late PlayInEditor Detection: Level '/Game/CustomContent/tworoomsmultisource.tworoomsmultisource:PersistentLevel' has LevelScriptBlueprint '/Game/CustomContent/tworoomsmultisource.tworoomsmultisource:PersistentLevel.tworoomsmultisource' with GeneratedClass '/Game/CustomContent/tworoomsmultisource.tworoomsmultisource_C' with ClassGeneratedBy '/Game/CustomContent/tworoomsmultisource.tworoomsmultisource:PersistentLevel.tworoomsmultisource'
[2021.12.09-03.09.30:993][381]LogNvXAudio2:Display: Creating nvar source. Effect Preset: 1

[2021.12.09-03.09.30:993][381]LogNvXAudio2:Display: nvarSetSourceDirectPathGain(): 5.000000

[2021.12.09-03.09.30:993][381]LogNvXAudio2:Display: nvarSetSourceIndirectPathGain(): 5.000000

[2021.12.09-03.09.31:476][439]LogNvXAudio2:Display: Creating nvar source. Effect Preset: 1

[2021.12.09-03.09.31:476][439]LogNvXAudio2:Display: nvarSetSourceDirectPathGain(): 5.000000

[2021.12.09-03.09.31:476][439]LogNvXAudio2:Display: nvarSetSourceIndirectPathGain(): 5.000000

[2021.12.09-03.09.31:919][492]LogNvXAudio2:Display: Creating nvar source. Effect Preset: 1

[2021.12.09-03.09.31:920][492]LogNvXAudio2:Display: nvarSetSourceDirectPathGain(): 5.000000

[2021.12.09-03.09.31:920][492]LogNvXAudio2:Display: nvarSetSourceIndirectPathGain(): 5.000000

[2021.12.09-03.09.31:968][498]LogNvAudio:Display: Audio FPS: 111

[2021.12.09-03.09.32:003][502]LogNvXAudio2:Display: Destroying nvar source 0000025E638E4950

[2021.12.09-03.09.32:357][544]LogNvXAudio2:Display: Creating nvar source. Effect Preset: 1

[2021.12.09-03.09.32:359][544]LogNvXAudio2:Display: nvarSetSourceDirectPathGain(): 5.000000

[2021.12.09-03.09.32:359][544]LogNvXAudio2:Display: nvarSetSourceIndirectPathGain(): 5.000000

[2021.12.09-03.09.32:489][560]LogNvXAudio2:Display: Destroying nvar source 0000025E63A41460

[2021.12.09-03.09.32:798][597]LogNvXAudio2:Display: Creating nvar source. Effect Preset: 1

[2021.12.09-03.09.32:798][597]LogNvXAudio2:Display: nvarSetSourceDirectPathGain(): 5.000000

[2021.12.09-03.09.32:798][597]LogNvXAudio2:Display: nvarSetSourceIndirectPathGain(): 5.000000

[2021.12.09-03.09.32:932][613]LogNvXAudio2:Display: Destroying nvar source 0000025E639D9B90

[2021.12.09-03.09.33:373][666]LogNvXAudio2:Display: Destroying nvar source 0000025E638E4950

[2021.12.09-03.09.33:548][687]LogNvXAudio2:Display: Creating nvar source. Effect Preset: 1

[2021.12.09-03.09.33:548][687]LogNvXAudio2:Display: nvarSetSourceDirectPathGain(): 5.000000

[2021.12.09-03.09.33:548][687]LogNvXAudio2:Display: nvarSetSourceIndirectPathGain(): 5.000000

[2021.12.09-03.09.33:807][718]LogNvXAudio2:Display: Destroying nvar source 0000025E84738AD0

[2021.12.09-03.09.34:165][761]LogNvXAudio2:Display: Creating nvar source. Effect Preset: 1

[2021.12.09-03.09.34:165][761]LogNvXAudio2:Display: nvarSetSourceDirectPathGain(): 5.000000

[2021.12.09-03.09.34:165][761]LogNvXAudio2:Display: nvarSetSourceIndirectPathGain(): 5.000000

[2021.12.09-03.09.34:514][803]LogNvXAudio2:Display: Creating nvar source. Effect Preset: 1

[2021.12.09-03.09.34:515][803]LogNvXAudio2:Display: nvarSetSourceDirectPathGain(): 5.000000

[2021.12.09-03.09.34:515][803]LogNvXAudio2:Display: nvarSetSourceIndirectPathGain(): 5.000000

[2021.12.09-03.09.34:564][809]LogNvXAudio2:Display: Destroying nvar source 0000025E84734110

[2021.12.09-03.09.35:173][882]LogNvXAudio2:Display: Destroying nvar source 0000025E63A41D60

[2021.12.09-03.09.35:307][898]LogNvXAudio2:Display: Creating nvar source. Effect Preset: 1

[2021.12.09-03.09.35:307][898]LogNvXAudio2:Display: nvarSetSourceDirectPathGain(): 5.000000

[2021.12.09-03.09.35:307][898]LogNvXAudio2:Display: nvarSetSourceIndirectPathGain(): 5.000000

[2021.12.09-03.09.35:524][924]LogNvXAudio2:Display: Destroying nvar source 0000025E84733ED0

[2021.12.09-03.09.35:598][933]LogNvXAudio2:Display: Creating nvar source. Effect Preset: 1

[2021.12.09-03.09.35:599][933]LogNvXAudio2:Display: nvarSetSourceDirectPathGain(): 5.000000

[2021.12.09-03.09.35:599][933]LogNvXAudio2:Display: nvarSetSourceIndirectPathGain(): 5.000000

[2021.12.09-03.09.35:957][976]LogNvXAudio2:Display: Creating nvar source. Effect Preset: 1

[2021.12.09-03.09.35:957][976]LogNvXAudio2:Display: nvarSetSourceDirectPathGain(): 5.000000

[2021.12.09-03.09.35:957][976]LogNvXAudio2:Display: nvarSetSourceIndirectPathGain(): 5.000000

[2021.12.09-03.09.36:323][ 20]LogNvXAudio2:Display: Destroying nvar source 0000025E84733F60

[2021.12.09-03.09.36:340][ 22]LogNvXAudio2:Display: Creating nvar source. Effect Preset: 1

[2021.12.09-03.09.36:340][ 22]LogNvXAudio2:Display: nvarSetSourceDirectPathGain(): 5.000000

[2021.12.09-03.09.36:340][ 22]LogNvXAudio2:Display: nvarSetSourceIndirectPathGain(): 5.000000

[2021.12.09-03.09.36:615][ 55]LogNvXAudio2:Display: Destroying nvar source 0000025E84734230

[2021.12.09-03.09.36:624][ 56]LogNvXAudio2:Display: Creating nvar source. Effect Preset: 1

[2021.12.09-03.09.36:626][ 56]LogNvXAudio2:Display: nvarSetSourceDirectPathGain(): 5.000000

[2021.12.09-03.09.36:626][ 56]LogNvXAudio2:Display: nvarSetSourceIndirectPathGain(): 5.000000

[2021.12.09-03.09.36:970][ 98]LogNvAudio:Display: Audio FPS: 118

[2021.12.09-03.09.36:974][ 98]LogNvXAudio2:Display: Destroying nvar source 0000025E6354D2D0

[2021.12.09-03.09.37:082][111]LogNvXAudio2:Display: Creating nvar source. Effect Preset: 1

[2021.12.09-03.09.37:082][111]LogNvXAudio2:Display: nvarSetSourceDirectPathGain(): 5.000000

[2021.12.09-03.09.37:082][111]LogNvXAudio2:Display: nvarSetSourceIndirectPathGain(): 5.000000

[2021.12.09-03.09.37:325][140]LogNvXAudio2:Display: Creating nvar source. Effect Preset: 1

[2021.12.09-03.09.37:325][140]LogNvXAudio2:Display: nvarSetSourceDirectPathGain(): 5.000000

[2021.12.09-03.09.37:325][140]LogNvXAudio2:Display: nvarSetSourceIndirectPathGain(): 5.000000

[2021.12.09-03.09.37:349][143]LogNvXAudio2:Display: Destroying nvar source 0000025E84733F60

[2021.12.09-03.09.37:574][170]LogNvXAudio2:Display: Creating nvar source. Effect Preset: 1

[2021.12.09-03.09.37:574][170]LogNvXAudio2:Display: nvarSetSourceDirectPathGain(): 5.000000

[2021.12.09-03.09.37:574][170]LogNvXAudio2:Display: nvarSetSourceIndirectPathGain(): 5.000000

[2021.12.09-03.09.37:640][178]LogNvXAudio2:Display: Destroying nvar source 0000025E84739580

[2021.12.09-03.09.37:790][196]LogNvXAudio2:Display: Creating nvar source. Effect Preset: 1

[2021.12.09-03.09.37:790][196]LogNvXAudio2:Display: nvarSetSourceDirectPathGain(): 5.000000

[2021.12.09-03.09.37:790][196]LogNvXAudio2:Display: nvarSetSourceIndirectPathGain(): 5.000000

[2021.12.09-03.09.37:999][221]LogNvXAudio2:Display: Creating nvar source. Effect Preset: 1

[2021.12.09-03.09.37:999][221]LogNvXAudio2:Display: nvarSetSourceDirectPathGain(): 5.000000

[2021.12.09-03.09.37:999][221]LogNvXAudio2:Display: nvarSetSourceIndirectPathGain(): 5.000000

[2021.12.09-03.09.38:090][232]LogNvXAudio2:Display: Destroying nvar source 0000025E636A81A0

[2021.12.09-03.09.38:216][247]LogNvXAudio2:Display: Creating nvar source. Effect Preset: 1

[2021.12.09-03.09.38:217][247]LogNvXAudio2:Display: nvarSetSourceDirectPathGain(): 5.000000

[2021.12.09-03.09.38:217][247]LogNvXAudio2:Display: nvarSetSourceIndirectPathGain(): 5.000000

[2021.12.09-03.09.38:332][261]LogNvXAudio2:Display: Destroying nvar source 0000025E3ECF7680

[2021.12.09-03.09.38:424][272]LogNvXAudio2:Display: Creating nvar source. Effect Preset: 1

[2021.12.09-03.09.38:424][272]LogNvXAudio2:Display: nvarSetSourceDirectPathGain(): 5.000000

[2021.12.09-03.09.38:424][272]LogNvXAudio2:Display: nvarSetSourceIndirectPathGain(): 5.000000

[2021.12.09-03.09.38:582][291]LogNvXAudio2:Display: Destroying nvar source 0000025E3ECF6B40

[2021.12.09-03.09.38:632][297]LogNvXAudio2:Display: Creating nvar source. Effect Preset: 1

[2021.12.09-03.09.38:632][297]LogNvXAudio2:Display: nvarSetSourceDirectPathGain(): 5.000000

[2021.12.09-03.09.38:632][297]LogNvXAudio2:Display: nvarSetSourceIndirectPathGain(): 5.000000

[2021.12.09-03.09.38:809][318]LogNvXAudio2:Display: Destroying nvar source 0000025E84734590

[2021.12.09-03.09.38:841][322]LogNvXAudio2:Display: Creating nvar source. Effect Preset: 1

[2021.12.09-03.09.38:842][322]LogNvXAudio2:Display: nvarSetSourceDirectPathGain(): 5.000000

[2021.12.09-03.09.38:842][322]LogNvXAudio2:Display: nvarSetSourceIndirectPathGain(): 5.000000

[2021.12.09-03.09.39:019][343]LogNvXAudio2:Display: Destroying nvar source 0000025E639F5FC0

[2021.12.09-03.09.39:211][366]LogNvXAudio2:Display: Creating nvar source. Effect Preset: 1

[2021.12.09-03.09.39:211][366]LogNvXAudio2:Display: nvarSetSourceDirectPathGain(): 5.000000

[2021.12.09-03.09.39:211][366]LogNvXAudio2:Display: nvarSetSourceIndirectPathGain(): 5.000000

[2021.12.09-03.09.39:227][368]LogNvXAudio2:Display: Destroying nvar source 0000025E84739580

[2021.12.09-03.09.39:435][393]LogNvXAudio2:Display: Destroying nvar source 0000025E84738A40

[2021.12.09-03.09.39:528][404]LogNvXAudio2:Display: Creating nvar source. Effect Preset: 1

[2021.12.09-03.09.39:528][404]LogNvXAudio2:Display: nvarSetSourceDirectPathGain(): 5.000000

[2021.12.09-03.09.39:528][404]LogNvXAudio2:Display: nvarSetSourceIndirectPathGain(): 5.000000

[2021.12.09-03.09.39:644][418]LogNvXAudio2:Display: Destroying nvar source 0000025E847393D0

[2021.12.09-03.09.39:744][430]LogNvXAudio2:Display: Creating nvar source. Effect Preset: 1

[2021.12.09-03.09.39:744][430]LogNvXAudio2:Display: nvarSetSourceDirectPathGain(): 5.000000

[2021.12.09-03.09.39:744][430]LogNvXAudio2:Display: nvarSetSourceIndirectPathGain(): 5.000000

[2021.12.09-03.09.39:852][443]LogNvXAudio2:Display: Destroying nvar source 0000025E847346B0

[2021.12.09-03.09.39:969][457]LogNvXAudio2:Display: Creating nvar source. Effect Preset: 1

[2021.12.09-03.09.39:969][457]LogNvXAudio2:Display: nvarSetSourceDirectPathGain(): 5.000000

[2021.12.09-03.09.39:969][457]LogNvXAudio2:Display: nvarSetSourceIndirectPathGain(): 5.000000

[2021.12.09-03.09.40:203][485]LogNvXAudio2:Display: Creating nvar source. Effect Preset: 1

[2021.12.09-03.09.40:203][485]LogNvXAudio2:Display: nvarSetSourceDirectPathGain(): 5.000000

[2021.12.09-03.09.40:203][485]LogNvXAudio2:Display: nvarSetSourceIndirectPathGain(): 5.000000

[2021.12.09-03.09.40:219][487]LogNvXAudio2:Display: Destroying nvar source 0000025E639F6A70

[2021.12.09-03.09.40:444][514]LogNvXAudio2:Display: Creating nvar source. Effect Preset: 1

[2021.12.09-03.09.40:444][514]LogNvXAudio2:Display: nvarSetSourceDirectPathGain(): 5.000000

[2021.12.09-03.09.40:444][514]LogNvXAudio2:Display: nvarSetSourceIndirectPathGain(): 5.000000

[2021.12.09-03.09.40:544][526]LogNvXAudio2:Display: Destroying nvar source 0000025E84733DB0

[2021.12.09-03.09.40:752][551]LogNvXAudio2:Display: Destroying nvar source 0000025E84734350

[2021.12.09-03.09.40:786][555]LogNvXAudio2:Display: Creating nvar source. Effect Preset: 1

[2021.12.09-03.09.40:786][555]LogNvXAudio2:Display: nvarSetSourceDirectPathGain(): 5.000000

[2021.12.09-03.09.40:786][555]LogNvXAudio2:Display: nvarSetSourceIndirectPathGain(): 5.000000

[2021.12.09-03.09.40:978][578]LogNvXAudio2:Display: Destroying nvar source 0000025E84734080

[2021.12.09-03.09.41:020][583]LogNvXAudio2:Display: Creating nvar source. Effect Preset: 1

[2021.12.09-03.09.41:020][583]LogNvXAudio2:Display: nvarSetSourceDirectPathGain(): 5.000000

[2021.12.09-03.09.41:020][583]LogNvXAudio2:Display: nvarSetSourceIndirectPathGain(): 5.000000

[2021.12.09-03.09.41:211][606]LogNvXAudio2:Display: Destroying nvar source 0000025E84733ED0

[2021.12.09-03.09.41:453][635]LogNvXAudio2:Display: Destroying nvar source 0000025E847347D0

[2021.12.09-03.09.41:803][677]LogNvXAudio2:Display: Destroying nvar source 0000025E40E7B4E0

[2021.12.09-03.09.41:974][698]LogNvAudio:Display: Audio FPS: 120

[2021.12.09-03.09.42:028][704]LogNvXAudio2:Display: Destroying nvar source 0000025E84734590

[2021.12.09-03.09.43:928][932]LogNvXAudio2:Display: Creating nvar source. Effect Preset: 1

[2021.12.09-03.09.43:928][932]LogNvXAudio2:Display: nvarSetSourceDirectPathGain(): 5.000000

[2021.12.09-03.09.43:928][932]LogNvXAudio2:Display: nvarSetSourceIndirectPathGain(): 5.000000

[2021.12.09-03.09.44:252][971]LogNvXAudio2:Display: Creating nvar source. Effect Preset: 1

[2021.12.09-03.09.44:253][971]LogNvXAudio2:Display: nvarSetSourceDirectPathGain(): 5.000000

[2021.12.09-03.09.44:253][971]LogNvXAudio2:Display: nvarSetSourceIndirectPathGain(): 5.000000

[2021.12.09-03.09.44:553][  7]LogNvXAudio2:Display: Creating nvar source. Effect Preset: 1

[2021.12.09-03.09.44:554][  7]LogNvXAudio2:Display: nvarSetSourceDirectPathGain(): 5.000000

[2021.12.09-03.09.44:554][  7]LogNvXAudio2:Display: nvarSetSourceIndirectPathGain(): 5.000000

[2021.12.09-03.09.44:778][ 34]LogNvXAudio2:Display: Creating nvar source. Effect Preset: 1

[2021.12.09-03.09.44:779][ 34]LogNvXAudio2:Display: nvarSetSourceDirectPathGain(): 5.000000

[2021.12.09-03.09.44:779][ 34]LogNvXAudio2:Display: nvarSetSourceIndirectPathGain(): 5.000000

[2021.12.09-03.09.44:946][ 54]LogNvXAudio2:Display: Destroying nvar source 0000025E84734860

[2021.12.09-03.09.45:062][ 68]LogNvXAudio2:Display: Creating nvar source. Effect Preset: 1

[2021.12.09-03.09.45:062][ 68]LogNvXAudio2:Display: nvarSetSourceDirectPathGain(): 5.000000

[2021.12.09-03.09.45:062][ 68]LogNvXAudio2:Display: nvarSetSourceIndirectPathGain(): 5.000000

[2021.12.09-03.09.45:253][ 91]LogNvXAudio2:Display: Creating nvar source. Effect Preset: 1

[2021.12.09-03.09.45:253][ 91]LogNvXAudio2:Display: nvarSetSourceDirectPathGain(): 5.000000

[2021.12.09-03.09.45:253][ 91]LogNvXAudio2:Display: nvarSetSourceIndirectPathGain(): 5.000000

[2021.12.09-03.09.45:269][ 93]LogNvXAudio2:Display: Destroying nvar source 0000025E9BC41810

[2021.12.09-03.09.45:462][116]LogNvXAudio2:Display: Creating nvar source. Effect Preset: 1

[2021.12.09-03.09.45:462][116]LogNvXAudio2:Display: nvarSetSourceDirectPathGain(): 5.000000

[2021.12.09-03.09.45:462][116]LogNvXAudio2:Display: nvarSetSourceIndirectPathGain(): 5.000000

[2021.12.09-03.09.45:562][128]LogNvXAudio2:Display: Destroying nvar source 0000025E84734470

[2021.12.09-03.09.45:787][155]LogNvXAudio2:Display: Destroying nvar source 0000025E8480E040

[2021.12.09-03.09.45:821][159]LogNvXAudio2:Display: Creating nvar source. Effect Preset: 1

[2021.12.09-03.09.45:821][159]LogNvXAudio2:Display: nvarSetSourceDirectPathGain(): 5.000000

[2021.12.09-03.09.45:821][159]LogNvXAudio2:Display: nvarSetSourceIndirectPathGain(): 5.000000

[2021.12.09-03.09.46:071][189]LogNvXAudio2:Display: Destroying nvar source 0000025E8480DBC0

[2021.12.09-03.09.46:171][201]LogNvXAudio2:Display: Creating nvar source. Effect Preset: 1

[2021.12.09-03.09.46:171][201]LogNvXAudio2:Display: nvarSetSourceDirectPathGain(): 5.000000

[2021.12.09-03.09.46:171][201]LogNvXAudio2:Display: nvarSetSourceIndirectPathGain(): 5.000000

[2021.12.09-03.09.46:262][212]LogNvXAudio2:Display: Destroying nvar source 0000025E84751600

[2021.12.09-03.09.46:429][232]LogNvXAudio2:Display: Creating nvar source. Effect Preset: 1

[2021.12.09-03.09.46:430][232]LogNvXAudio2:Display: nvarSetSourceDirectPathGain(): 5.000000

[2021.12.09-03.09.46:430][232]LogNvXAudio2:Display: nvarSetSourceIndirectPathGain(): 5.000000

[2021.12.09-03.09.46:471][237]LogNvXAudio2:Display: Destroying nvar source 0000025E84734980

[2021.12.09-03.09.46:631][256]LogNvXAudio2:Display: Creating nvar source. Effect Preset: 1

[2021.12.09-03.09.46:631][256]LogNvXAudio2:Display: nvarSetSourceDirectPathGain(): 5.000000

[2021.12.09-03.09.46:631][256]LogNvXAudio2:Display: nvarSetSourceIndirectPathGain(): 5.000000

[2021.12.09-03.09.46:831][280]LogNvXAudio2:Display: Destroying nvar source 0000025E9BA31A60

[2021.12.09-03.09.46:840][281]LogNvXAudio2:Display: Creating nvar source. Effect Preset: 1

[2021.12.09-03.09.46:842][281]LogNvXAudio2:Display: nvarSetSourceDirectPathGain(): 5.000000

[2021.12.09-03.09.46:842][281]LogNvXAudio2:Display: nvarSetSourceIndirectPathGain(): 5.000000

[2021.12.09-03.09.46:977][298]LogNvAudio:Display: Audio FPS: 120

[2021.12.09-03.09.47:181][322]LogNvXAudio2:Display: Destroying nvar source 0000025E6374B430

[2021.12.09-03.09.47:439][353]LogNvXAudio2:Display: Destroying nvar source 0000025E6374B8B0

[2021.12.09-03.09.47:465][356]LogNvXAudio2:Display: Creating nvar source. Effect Preset: 1

[2021.12.09-03.09.47:466][356]LogNvXAudio2:Display: nvarSetSourceDirectPathGain(): 5.000000

[2021.12.09-03.09.47:466][356]LogNvXAudio2:Display: nvarSetSourceIndirectPathGain(): 5.000000

[2021.12.09-03.09.47:639][377]LogNvXAudio2:Display: Destroying nvar source 0000025E84733D20

[2021.12.09-03.09.47:848][402]LogNvXAudio2:Display: Destroying nvar source 0000025E84734110

[2021.12.09-03.09.48:474][477]LogNvXAudio2:Display: Destroying nvar source 0000025E847342C0

[2021.12.09-03.09.49:591][611]LogNvXAudio2:Display: Creating nvar source. Effect Preset: 1

[2021.12.09-03.09.49:591][611]LogNvXAudio2:Display: nvarSetSourceDirectPathGain(): 5.000000

[2021.12.09-03.09.49:591][611]LogNvXAudio2:Display: nvarSetSourceIndirectPathGain(): 5.000000

[2021.12.09-03.09.50:108][673]LogNvXAudio2:Display: Creating nvar source. Effect Preset: 1

[2021.12.09-03.09.50:108][673]LogNvXAudio2:Display: nvarSetSourceDirectPathGain(): 5.000000

[2021.12.09-03.09.50:108][673]LogNvXAudio2:Display: nvarSetSourceIndirectPathGain(): 5.000000

[2021.12.09-03.09.50:582][730]LogNvXAudio2:Display: Creating nvar source. Effect Preset: 1

[2021.12.09-03.09.50:582][730]LogNvXAudio2:Display: nvarSetSourceDirectPathGain(): 5.000000

[2021.12.09-03.09.50:582][730]LogNvXAudio2:Display: nvarSetSourceIndirectPathGain(): 5.000000

[2021.12.09-03.09.50:599][732]LogNvXAudio2:Display: Destroying nvar source 0000025E84734470

[2021.12.09-03.09.50:957][775]LogNvXAudio2:Display: Creating nvar source. Effect Preset: 1

[2021.12.09-03.09.50:957][775]LogNvXAudio2:Display: nvarSetSourceDirectPathGain(): 5.000000

[2021.12.09-03.09.50:957][775]LogNvXAudio2:Display: nvarSetSourceIndirectPathGain(): 5.000000

[2021.12.09-03.09.51:116][794]LogNvXAudio2:Display: Destroying nvar source 0000025E8442B270

[2021.12.09-03.09.51:391][827]LogNvXAudio2:Display: Creating nvar source. Effect Preset: 1

[2021.12.09-03.09.51:391][827]LogNvXAudio2:Display: nvarSetSourceDirectPathGain(): 5.000000

[2021.12.09-03.09.51:391][827]LogNvXAudio2:Display: nvarSetSourceIndirectPathGain(): 5.000000

[2021.12.09-03.09.51:591][851]LogNvXAudio2:Display: Destroying nvar source 0000025E847348F0

[2021.12.09-03.09.51:908][889]LogBlueprintUserMessages: Early EndPlayMap Detection: Level '/Game/CustomContent/tworoomsmultisource.tworoomsmultisource:PersistentLevel' has LevelScriptBlueprint '/Game/CustomContent/tworoomsmultisource.tworoomsmultisource:PersistentLevel.tworoomsmultisource' with GeneratedClass '/Game/CustomContent/tworoomsmultisource.tworoomsmultisource_C' with ClassGeneratedBy '/Game/CustomContent/tworoomsmultisource.tworoomsmultisource:PersistentLevel.tworoomsmultisource'
[2021.12.09-03.09.51:911][889]LogNvXAudio2:Display: Destroying nvar source 0000025E84733ED0

[2021.12.09-03.09.51:914][889]LogNvXAudio2:Display: Destroying nvar source 0000025E638E4950

[2021.12.09-03.09.51:916][889]LogNvAudioFn:Display: FNvAcousticRayTracer::OnFWorldCleanupEvent

[2021.12.09-03.09.51:945][889]LogBlueprintUserMessages: Late EndPlayMap Detection: Level '/Game/CustomContent/tworoomsmultisource.tworoomsmultisource:PersistentLevel' has LevelScriptBlueprint '/Game/CustomContent/tworoomsmultisource.tworoomsmultisource:PersistentLevel.tworoomsmultisource' with GeneratedClass '/Game/CustomContent/tworoomsmultisource.tworoomsmultisource_C' with ClassGeneratedBy '/Game/CustomContent/tworoomsmultisource.tworoomsmultisource:PersistentLevel.tworoomsmultisource'
[2021.12.09-03.09.51:952][889]LogNvXAudio2Fn:Display: FHrtfSpatializationAlgorithmXAudio2::~FHrtfSpatializationAlgorithmXAudio2

[2021.12.09-03.09.51:952][889]LogNvXAudio2Fn:Display: FSpatializationPlugin::Shutdown

[2021.12.09-03.09.55:504][313]LogEditorViewport: Clicking on Actor (LMB): StaticMeshActor (Wall_Door_400x402)
[2021.12.09-03.10.02:598][154]LogEditorViewport: Clicking on Actor (LMB): BP_Sky_Sphere_C (BP_Sky_Sphere)
[2021.12.09-03.10.03:815][295]LogSlate: Took 0.000441 seconds to synchronously load lazily loaded font '../../../Engine/Content/Editor/Slate/Fonts/Roboto-Italic.ttf' (157K)
[2021.12.09-03.10.10:108][961]LogSlate: Took 0.000333 seconds to synchronously load lazily loaded font '../../../Engine/Content/Slate/Fonts/Roboto-Light.ttf' (159K)
[2021.12.09-03.10.10:121][961]Cmd: MAP LOAD FILE="../../../../../BlackBoxAudioRoom 4.15/Content/CustomContent/tworoomsmultisource.umap" TEMPLATE=0 SHOWPROGRESS=1 FEATURELEVEL=3
[2021.12.09-03.10.10:121][961]LightingResults: New page: Lighting Build
[2021.12.09-03.10.10:122][961]LoadErrors: New page: Loading map: tworoomsmultisource.umap
[2021.12.09-03.10.10:123][961]LogNvAudioFn:Display: FNvAcousticRayTracer::OnFWorldCleanupEvent

[2021.12.09-03.10.10:123][961]MapCheck: New page: Map Check
[2021.12.09-03.10.10:123][961]LightingResults: New page: Lighting Build
[2021.12.09-03.10.10:189][961]LogAIModule: Creating AISystem for world tworoomsmultisource
[2021.12.09-03.10.10:194][961]LogEditorServer: Finished looking for orphan Actors (0.000 secs)
[2021.12.09-03.10.10:208][961]Cmd: MAP CHECKDEP NOCLEARLOG
[2021.12.09-03.10.10:297][961]MapCheck: Info Map check complete: 0 Error(s), 0 Warning(s), took 89.337ms to complete.
[2021.12.09-03.10.10:298][961]LogFileHelpers: Loading map 'tworoomsmultisource' took 0.178
[2021.12.09-03.10.22:684][114]LogContentBrowser: Native class hierarchy updated for 'BlueprintGraph' in 0.0007 seconds. Added 112 classes and 0 folders.
[2021.12.09-03.10.23:122][114]LogSlate: Took 0.000263 seconds to synchronously load lazily loaded font '../../../Engine/Content/Slate/Fonts/Roboto-Regular.ttf' (155K)
[2021.12.09-03.10.23:208][114]LogSlate: Took 0.000456 seconds to synchronously load lazily loaded font '../../../Engine/Content/Editor/Slate/Fonts/Roboto-BoldCondensed.ttf' (158K)
[2021.12.09-03.10.36:653][584]LogNvAudioFn:Display: FNvAcousticRayTracer::OnFWorldCleanupEvent

[2021.12.09-03.11.18:597][345]LogTemp:Display: Num Properties 39

[2021.12.09-03.11.28:495][300]LogTemp:Display: Num Properties 39

[2021.12.09-03.13.07:735][516]LogTemp:Display: Num Properties 39

[2021.12.09-03.13.18:548][807]LogTemp:Display: Num Properties 39

[2021.12.09-03.13.30:823][249]Cmd: QUIT_EDITOR
[2021.12.09-03.13.30:843][249]LogNvXAudio2Fn:Display: FHrtfSpatializationAlgorithmXAudio2::~FHrtfSpatializationAlgorithmXAudio2

[2021.12.09-03.13.30:843][249]LogNvXAudio2Fn:Display: FSpatializationPlugin::Shutdown

[2021.12.09-03.13.30:843][249]LogNvXAudio2:Display: Destroying nvar context: 0000025E764D7EB0

[2021.12.09-03.13.30:856][249]LogNvXAudio2Fn:Display: FSpatializationPlugin::ReleaseModule

[2021.12.09-03.13.31:055][249]LogWindowsTextInputMethodSystem:Display: IME system now deactivated.
[2021.12.09-03.13.31:076][249]LogExit: Preparing to exit.
[2021.12.09-03.13.31:076][249]LogNvAudioFn:Display: FNvAcousticRayTracer::PreExit

[2021.12.09-03.13.32:057][249]LogNvAudioFn:Display: FNvAcousticRayTracer::OnFWorldCleanupEvent

[2021.12.09-03.13.32:058][249]LogNvAudioFn:Display: FNvAcousticRayTracer::OnFWorldCleanupEvent

[2021.12.09-03.13.32:059][249]LogNvAudioFn:Display: FNvAcousticRayTracer::OnFWorldCleanupEvent

[2021.12.09-03.13.32:060][249]LogNvAudioFn:Display: FNvAcousticRayTracer::OnFWorldCleanupEvent

[2021.12.09-03.13.32:060][249]LogNvAudioFn:Display: FNvAcousticRayTracer::OnFWorldCleanupEvent

[2021.12.09-03.13.32:066][249]LogDirectoryWatcher: A directory notification for 'C:/Users/erica/BlackBoxAudioRoom 4.15/Content/' was aborted.
[2021.12.09-03.13.32:086][249]LogNvAudioFn:Display: FNvAcousticRayTracer::OnFWorldCleanupEvent

[2021.12.09-03.13.32:086][249]LogExit: Editor shut down
[2021.12.09-03.13.32:087][249]LogExit: Transaction tracking system shut down
[2021.12.09-03.13.32:148][249]LogObj: Freed 0b from 0 cluster array pools.
[2021.12.09-03.13.32:148][249]LogExit: Object subsystem successfully closed.
[2021.12.09-03.13.32:166][249]LogD3D11RHI: Shutdown
[2021.12.09-03.13.32:166][249]LogD3D11RHI: CleanupD3DDevice
[2021.12.09-03.13.32:220][249]LogD3D11RHI: ~FD3D11DynamicRHI
[2021.12.09-03.13.32:240][249]LogModuleManager: Shutting down and abandoning module BlueprintGraph (492)
[2021.12.09-03.13.32:240][249]LogModuleManager: Shutting down and abandoning module BlueprintProfiler (490)
[2021.12.09-03.13.32:240][249]LogModuleManager: Shutting down and abandoning module MovieSceneCapture (488)
[2021.12.09-03.13.32:240][249]LogModuleManager: Shutting down and abandoning module HierarchicalLODOutliner (486)
[2021.12.09-03.13.32:240][249]LogModuleManager: Shutting down and abandoning module CrashTracker (484)
[2021.12.09-03.13.32:240][249]LogModuleManager: Shutting down and abandoning module SceneOutliner (482)
[2021.12.09-03.13.32:240][249]LogModuleManager: Shutting down and abandoning module AddContentDialog (480)
[2021.12.09-03.13.32:240][249]LogDirectoryWatcher: A directory notification for 'C:/Users/erica/Thesis/UE-Aud-4.15.1/FeaturePacks/' was aborted.
[2021.12.09-03.13.32:241][249]LogModuleManager: Shutting down and abandoning module WidgetCarousel (479)
[2021.12.09-03.13.32:241][249]LogModuleManager: Shutting down and abandoning module EditorWidgets (476)
[2021.12.09-03.13.32:241][249]LogModuleManager: Shutting down and abandoning module CollectionManager (474)
[2021.12.09-03.13.32:241][249]LogDirectoryWatcher: A directory notification for 'C:/Users/erica/BlackBoxAudioRoom 4.15/Content/Collections/' was aborted.
[2021.12.09-03.13.32:241][249]LogDirectoryWatcher: A directory notification for 'C:/Users/erica/BlackBoxAudioRoom 4.15/Content/Developers/erica/Collections/' was aborted.
[2021.12.09-03.13.32:241][249]LogDirectoryWatcher: A directory notification for 'C:/Users/erica/BlackBoxAudioRoom 4.15/Saved/Collections/' was aborted.
[2021.12.09-03.13.32:241][249]LogModuleManager: Shutting down and abandoning module StatsViewer (472)
[2021.12.09-03.13.32:241][249]LogModuleManager: Shutting down and abandoning module FoliageEdit (470)
[2021.12.09-03.13.32:241][249]LogModuleManager: Shutting down and abandoning module LandscapeEditor (468)
[2021.12.09-03.13.32:241][249]LogModuleManager: Shutting down and abandoning module SceneDepthPickerMode (466)
[2021.12.09-03.13.32:241][249]LogModuleManager: Shutting down and abandoning module ActorPickerMode (464)
[2021.12.09-03.13.32:241][249]LogModuleManager: Shutting down and abandoning module GeometryMode (462)
[2021.12.09-03.13.32:241][249]LogModuleManager: Shutting down and abandoning module TextureAlignMode (460)
[2021.12.09-03.13.32:241][249]LogModuleManager: Shutting down and abandoning module BspMode (458)
[2021.12.09-03.13.32:241][249]LogModuleManager: Shutting down and abandoning module HardwareSurvey (456)
[2021.12.09-03.13.32:241][249]LogModuleManager: Shutting down and abandoning module SequenceRecorderSections (454)
[2021.12.09-03.13.32:241][249]LogModuleManager: Shutting down and abandoning module AutomationWorker (452)
[2021.12.09-03.13.32:241][249]LogModuleManager: Shutting down and abandoning module MatineeToLevelSequence (450)
[2021.12.09-03.13.32:241][249]LogModuleManager: Shutting down and abandoning module LevelSequenceEditor (448)
[2021.12.09-03.13.32:241][249]LogModuleManager: Shutting down and abandoning module PlacementMode (447)
[2021.12.09-03.13.32:241][249]LogModuleManager: Shutting down and abandoning module WmfMediaFactory (444)
[2021.12.09-03.13.32:241][249]LogModuleManager: Shutting down and abandoning module WmfMediaEditor (442)
[2021.12.09-03.13.32:241][249]LogModuleManager: Shutting down and abandoning module MfMediaFactory (440)
[2021.12.09-03.13.32:241][249]LogModuleManager: Shutting down and abandoning module MfMediaEditor (438)
[2021.12.09-03.13.32:241][249]LogModuleManager: Shutting down and abandoning module AvfMediaFactory (436)
[2021.12.09-03.13.32:241][249]LogModuleManager: Shutting down and abandoning module AvfMediaEditor (434)
[2021.12.09-03.13.32:241][249]LogModuleManager: Shutting down and abandoning module AndroidMediaFactory (432)
[2021.12.09-03.13.32:241][249]LogModuleManager: Shutting down and abandoning module Media (431)
[2021.12.09-03.13.32:241][249]LogModuleManager: Shutting down and abandoning module AndroidMediaEditor (428)
[2021.12.09-03.13.32:241][249]LogModuleManager: Shutting down and abandoning module CharacterAI (426)
[2021.12.09-03.13.32:241][249]LogModuleManager: Shutting down and abandoning module AudioCapture (424)
[2021.12.09-03.13.32:241][249]LogModuleManager: Shutting down and abandoning module SequenceRecorder (423)
[2021.12.09-03.13.32:241][249]LogModuleManager: Shutting down and abandoning module SmartSnapping (420)
[2021.12.09-03.13.32:241][249]LogModuleManager: Shutting down and abandoning module SessionServices (418)
[2021.12.09-03.13.32:241][249]LogModuleManager: Shutting down and abandoning module ViewportSnapping (416)
[2021.12.09-03.13.32:241][249]LogModuleManager: Shutting down and abandoning module ViewportInteraction (414)
[2021.12.09-03.13.32:241][249]LogModuleManager: Shutting down and abandoning module LogVisualizer (412)
[2021.12.09-03.13.32:241][249]LogModuleManager: Shutting down and abandoning module IntroTutorials (410)
[2021.12.09-03.13.32:241][249]LogModuleManager: Shutting down and abandoning module GameProjectGeneration (409)
[2021.12.09-03.13.32:241][249]LogModuleManager: Shutting down and abandoning module EditorLiveStreaming (406)
[2021.12.09-03.13.32:241][249]LogModuleManager: Shutting down and abandoning module IOSPlatformEditor (404)
[2021.12.09-03.13.32:241][249]LogModuleManager: Shutting down and abandoning module HTML5PlatformEditor (402)
[2021.12.09-03.13.32:241][249]LogModuleManager: Shutting down and abandoning module AndroidPlatformEditor (400)
[2021.12.09-03.13.32:241][249]LogModuleManager: Shutting down and abandoning module AndroidDeviceDetection (399)
[2021.12.09-03.13.33:167][249]LogModuleManager: Shutting down and abandoning module IOSRuntimeSettings (396)
[2021.12.09-03.13.33:167][249]LogModuleManager: Shutting down and abandoning module AndroidRuntimeSettings (394)
[2021.12.09-03.13.33:167][249]LogModuleManager: Shutting down and abandoning module InputBindingEditor (392)
[2021.12.09-03.13.33:167][249]LogModuleManager: Shutting down and abandoning module NiagaraEditor (390)
[2021.12.09-03.13.33:167][249]LogModuleManager: Shutting down and abandoning module MergeActors (388)
[2021.12.09-03.13.33:167][249]LogModuleManager: Shutting down and abandoning module SizeMap (386)
[2021.12.09-03.13.33:167][249]LogModuleManager: Shutting down and abandoning module TreeMap (384)
[2021.12.09-03.13.33:167][249]LogModuleManager: Shutting down and abandoning module ReferenceViewer (382)
[2021.12.09-03.13.33:167][249]LogModuleManager: Shutting down and abandoning module LocalizationDashboard (380)
[2021.12.09-03.13.33:167][249]LogModuleManager: Shutting down and abandoning module LocalizationService (379)
[2021.12.09-03.13.33:167][249]LogModuleManager: Shutting down and abandoning module HardwareTargeting (376)
[2021.12.09-03.13.33:167][249]LogModuleManager: Shutting down and abandoning module DeviceProfileEditor (374)
[2021.12.09-03.13.33:167][249]LogModuleManager: Shutting down and abandoning module UndoHistory (372)
[2021.12.09-03.13.33:168][249]LogModuleManager: Shutting down and abandoning module UserFeedback (370)
[2021.12.09-03.13.33:168][249]LogModuleManager: Shutting down and abandoning module XmlParser (368)
[2021.12.09-03.13.33:168][249]LogModuleManager: Shutting down and abandoning module Blutility (366)
[2021.12.09-03.13.33:168][249]LogModuleManager: Shutting down and abandoning module ProjectSettingsViewer (364)
[2021.12.09-03.13.33:168][249]LogModuleManager: Shutting down and abandoning module ProjectTargetPlatformEditor (363)
[2021.12.09-03.13.33:168][249]LogModuleManager: Shutting down and abandoning module EditorSettingsViewer (360)
[2021.12.09-03.13.33:168][249]LogModuleManager: Shutting down and abandoning module SettingsEditor (358)
[2021.12.09-03.13.33:168][249]LogModuleManager: Shutting down and abandoning module ProjectLauncher (356)
[2021.12.09-03.13.33:168][249]LogModuleManager: Shutting down and abandoning module SessionFrontend (354)
[2021.12.09-03.13.33:168][249]LogModuleManager: Shutting down and abandoning module ProfilerClient (352)
[2021.12.09-03.13.33:168][249]LogModuleManager: Shutting down and abandoning module DeviceManager (350)
[2021.12.09-03.13.33:168][249]LogModuleManager: Shutting down and abandoning module TargetDeviceServices (349)
[2021.12.09-03.13.33:224][249]LogModuleManager: Shutting down and abandoning module AutomationController (346)
[2021.12.09-03.13.33:224][249]LogModuleManager: Shutting down and abandoning module AutomationWindow (344)
[2021.12.09-03.13.33:224][249]LogModuleManager: Shutting down and abandoning module Layers (342)
[2021.12.09-03.13.33:224][249]LogModuleManager: Shutting down and abandoning module ComponentVisualizers (340)
[2021.12.09-03.13.33:224][249]LogModuleManager: Shutting down and abandoning module DetailCustomizations (338)
[2021.12.09-03.13.33:224][249]LogModuleManager: Shutting down and abandoning module PackagesDialog (336)
[2021.12.09-03.13.33:224][249]LogModuleManager: Shutting down and abandoning module Persona (334)
[2021.12.09-03.13.33:224][249]LogModuleManager: Shutting down and abandoning module AnimGraph (333)
[2021.12.09-03.13.33:224][249]LogModuleManager: Shutting down and abandoning module Kismet (330)
[2021.12.09-03.13.33:238][249]LogModuleManager: Shutting down and abandoning module GraphEditor (328)
[2021.12.09-03.13.33:238][249]LogModuleManager: Shutting down and abandoning module ClassViewer (326)
[2021.12.09-03.13.33:238][249]LogModuleManager: Shutting down and abandoning module Toolbox (324)
[2021.12.09-03.13.33:238][249]LogModuleManager: Shutting down and abandoning module ModuleUI (322)
[2021.12.09-03.13.33:238][249]LogModuleManager: Shutting down and abandoning module MovieSceneTools (320)
[2021.12.09-03.13.33:238][249]LogModuleManager: Shutting down and abandoning module OutputLog (318)
[2021.12.09-03.13.33:238][249]LogModuleManager: Shutting down and abandoning module GammaUI (316)
[2021.12.09-03.13.33:238][249]LogModuleManager: Shutting down and abandoning module Documentation (314)
[2021.12.09-03.13.33:238][249]LogModuleManager: Shutting down and abandoning module Niagara (312)
[2021.12.09-03.13.33:238][249]LogModuleManager: Shutting down and abandoning module StreamingPauseRendering (310)
[2021.12.09-03.13.33:238][249]LogModuleManager: Shutting down and abandoning module AnalyticsET (308)
[2021.12.09-03.13.33:238][249]LogModuleManager: Shutting down and abandoning module PortalServices (306)
[2021.12.09-03.13.33:238][249]LogModuleManager: Shutting down and abandoning module PortalRpc (304)
[2021.12.09-03.13.33:238][249]LogModuleManager: Shutting down and abandoning module MessagingRpc (302)
[2021.12.09-03.13.33:238][249]LogModuleManager: Shutting down and abandoning module AIModule (300)
[2021.12.09-03.13.33:239][249]LogModuleManager: Shutting down and abandoning module GameplayDebugger (299)
[2021.12.09-03.13.33:239][249]LogModuleManager: Shutting down and abandoning module AITestSuite (297)
[2021.12.09-03.13.33:239][249]LogModuleManager: Shutting down and abandoning module ProfilerService (294)
[2021.12.09-03.13.33:283][249]LogModuleManager: Shutting down and abandoning module TaskGraph (292)
[2021.12.09-03.13.33:284][249]LogModuleManager: Shutting down and abandoning module SteamVRController (290)
[2021.12.09-03.13.33:284][249]LogModuleManager: Shutting down and abandoning module SteamVR (288)
[2021.12.09-03.13.33:284][249]LogModuleManager: Shutting down and abandoning module ProceduralMeshComponentEditor (286)
[2021.12.09-03.13.33:284][249]LogModuleManager: Shutting down and abandoning module ProceduralMeshComponent (284)
[2021.12.09-03.13.33:284][249]LogModuleManager: Shutting down and abandoning module OculusLibrary (282)
[2021.12.09-03.13.33:284][249]LogModuleManager: Shutting down and abandoning module OculusInput (280)
[2021.12.09-03.13.33:284][249]LogModuleManager: Shutting down and abandoning module MobilePatchingUtils (278)
[2021.12.09-03.13.33:284][249]LogModuleManager: Shutting down and abandoning module CustomMeshComponent (276)
[2021.12.09-03.13.33:284][249]LogModuleManager: Shutting down and abandoning module CableComponent (274)
[2021.12.09-03.13.33:284][249]LogModuleManager: Shutting down and abandoning module ArchVisCharacter (272)
[2021.12.09-03.13.33:284][249]LogModuleManager: Shutting down and abandoning module MediaPlayerEditor (268)
[2021.12.09-03.13.33:284][249]LogModuleManager: Shutting down and abandoning module HTML5Networking (266)
[2021.12.09-03.13.33:284][249]LogModuleManager: Shutting down and abandoning module AlembicImporter (264)
[2021.12.09-03.13.33:284][249]LogModuleManager: Shutting down and abandoning module AlembicLibrary (263)
[2021.12.09-03.13.33:284][249]LogModuleManager: Shutting down and abandoning module GeometryCache (262)
[2021.12.09-03.13.33:284][249]LogModuleManager: Shutting down and abandoning module GeometryCacheEd (261)
[2021.12.09-03.13.33:284][249]LogModuleManager: Shutting down and abandoning module SuperSearchEditor (256)
[2021.12.09-03.13.33:284][249]LogModuleManager: Shutting down and abandoning module SuperSearch (255)
[2021.12.09-03.13.33:284][249]LogModuleManager: Shutting down and abandoning module SpeedTreeImporter (252)
[2021.12.09-03.13.33:284][249]LogModuleManager: Shutting down and abandoning module PluginBrowser (250)
[2021.12.09-03.13.33:284][249]LogModuleManager: Shutting down and abandoning module MobileLauncherProfileWizard (248)
[2021.12.09-03.13.33:284][249]LogModuleManager: Shutting down and abandoning module EpicSurvey (246)
[2021.12.09-03.13.33:284][249]LogModuleManager: Shutting down and abandoning module VisualStudioSourceCodeAccess (244)
[2021.12.09-03.13.33:284][249]LogModuleManager: Shutting down and abandoning module DesktopPlatform (243)
[2021.12.09-03.13.33:284][249]LogModuleManager: Shutting down and abandoning module UObjectPlugin (240)
[2021.12.09-03.13.33:284][249]LogModuleManager: Shutting down and abandoning module SubversionSourceControl (238)
[2021.12.09-03.13.33:284][249]LogModuleManager: Shutting down and abandoning module PerforceSourceControl (236)
[2021.12.09-03.13.33:284][249]LogModuleManager: Shutting down and abandoning module GitSourceControl (234)
[2021.12.09-03.13.33:284][249]LogModuleManager: Shutting down and abandoning module SourceControl (233)
[2021.12.09-03.13.33:284][249]LogModuleManager: Shutting down and abandoning module LightPropagationVolumeEditor (230)
[2021.12.09-03.13.33:284][249]LogModuleManager: Shutting down and abandoning module PaperTiledImporter (228)
[2021.12.09-03.13.33:284][249]LogModuleManager: Shutting down and abandoning module PaperSpriteSheetImporter (226)
[2021.12.09-03.13.33:284][249]LogModuleManager: Shutting down and abandoning module Paper2DEditor (224)
[2021.12.09-03.13.33:284][249]LogModuleManager: Shutting down and abandoning module MeshPaint (223)
[2021.12.09-03.13.33:284][249]LogModuleManager: Shutting down and abandoning module LevelEditor (221)
[2021.12.09-03.13.33:285][249]LogModuleManager: Shutting down and abandoning module PixelInspectorModule (220)
[2021.12.09-03.13.33:285][249]LogModuleManager: Shutting down and abandoning module MainFrame (218)
[2021.12.09-03.13.33:285][249]LogModuleManager: Shutting down and abandoning module HotReload (217)
[2021.12.09-03.13.33:287][249]LogModuleManager: Shutting down and abandoning module ContentBrowser (213)
[2021.12.09-03.13.33:289][249]LogModuleManager: Shutting down and abandoning module PhysXVehiclesEditor (210)
[2021.12.09-03.13.33:289][249]LogModuleManager: Shutting down and abandoning module PhysXVehicles (208)
[2021.12.09-03.13.33:289][249]LogModuleManager: Shutting down and abandoning module Spatialization (206)
[2021.12.09-03.13.33:289][249]LogModuleManager: Shutting down and abandoning module AcousticRayTracer (204)
[2021.12.09-03.13.33:289][249]LogNvAudioFn:Display: FNvAcousticRayTracer::ShutdownModule

[2021.12.09-03.13.33:289][249]LogModuleManager: Shutting down and abandoning module LocationServicesBPLibrary (202)
[2021.12.09-03.13.33:289][249]LogModuleManager: Shutting down and abandoning module UdpMessaging (200)
[2021.12.09-03.13.33:390][249]LogModuleManager: Shutting down and abandoning module TcpMessaging (198)
[2021.12.09-03.13.33:491][249]LogModuleManager: Shutting down and abandoning module GameplayTagsEditor (196)
[2021.12.09-03.13.33:491][249]LogModuleManager: Shutting down and abandoning module FacialAnimationEditor (194)
[2021.12.09-03.13.33:491][249]LogModuleManager: Shutting down and abandoning module FacialAnimation (192)
[2021.12.09-03.13.33:491][249]LogModuleManager: Shutting down and abandoning module LightPropagationVolumeRuntime (190)
[2021.12.09-03.13.33:491][249]LogModuleManager: Shutting down and abandoning module Paper2D (188)
[2021.12.09-03.13.33:491][249]LogModuleManager: Shutting down and abandoning module WindowsMoviePlayer (186)
[2021.12.09-03.13.33:491][249]LogModuleManager: Shutting down and abandoning module WmfMedia (184)
[2021.12.09-03.13.33:495][249]LogModuleManager: Shutting down and abandoning module MfMedia (182)
[2021.12.09-03.13.33:495][249]LogModuleManager: Shutting down and abandoning module MediaAssets (180)
[2021.12.09-03.13.33:495][249]LogModuleManager: Shutting down and abandoning module GameLiveStreaming (178)
[2021.12.09-03.13.33:495][249]LogModuleManager: Shutting down and abandoning module VREditor (176)
[2021.12.09-03.13.33:495][249]LogModuleManager: Shutting down and abandoning module GameplayTasksEditor (174)
[2021.12.09-03.13.33:495][249]LogModuleManager: Shutting down and abandoning module BehaviorTreeEditor (172)
[2021.12.09-03.13.33:495][249]LogModuleManager: Shutting down and abandoning module FunctionalTesting (170)
[2021.12.09-03.13.33:495][249]LogModuleManager: Shutting down and abandoning module CollisionAnalyzer (168)
[2021.12.09-03.13.33:495][249]LogModuleManager: Shutting down and abandoning module UMG (166)
[2021.12.09-03.13.33:495][249]LogModuleManager: Shutting down and abandoning module UMGEditor (165)
[2021.12.09-03.13.33:495][249]LogModuleManager: Shutting down and abandoning module Sequencer (164)
[2021.12.09-03.13.33:495][249]LogModuleManager: Shutting down and abandoning module AssetTools (162)
[2021.12.09-03.13.33:495][249]LogModuleManager: Shutting down and abandoning module MessageLog (161)
[2021.12.09-03.13.33:495][249]LogModuleManager: Shutting down and abandoning module WorkspaceMenuStructure (160)
[2021.12.09-03.13.33:495][249]LogModuleManager: Shutting down and abandoning module SlateReflector (154)
[2021.12.09-03.13.33:496][249]LogModuleManager: Shutting down and abandoning module Slate (152)
[2021.12.09-03.13.33:496][249]LogModuleManager: Shutting down and abandoning module EditorStyle (150)
[2021.12.09-03.13.33:503][249]LogModuleManager: Shutting down and abandoning module SourceCodeAccess (148)
[2021.12.09-03.13.33:503][249]LogModuleManager: Shutting down and abandoning module HeadMountedDisplay (146)
[2021.12.09-03.13.33:503][249]LogModuleManager: Shutting down and abandoning module XAudio2 (144)
[2021.12.09-03.13.33:503][249]LogModuleManager: Shutting down and abandoning module Networking (142)
[2021.12.09-03.13.33:503][249]LogModuleManager: Shutting down and abandoning module Core (138)
[2021.12.09-03.13.33:503][249]LogModuleManager: Shutting down and abandoning module AssetRegistry (136)
[2021.12.09-03.13.33:599][249]LogDirectoryWatcher: A directory notification for '../../../Engine/Content/' was aborted.
[2021.12.09-03.13.33:599][249]LogDirectoryWatcher: A directory notification for '../../../../../BlackBoxAudioRoom 4.15/Content/' was aborted.
[2021.12.09-03.13.33:599][249]LogDirectoryWatcher: A directory notification for '../../../Engine/Plugins/2D/Paper2D/Content/' was aborted.
[2021.12.09-03.13.33:600][249]LogModuleManager: Shutting down and abandoning module DirectoryWatcher (135)
[2021.12.09-03.13.33:600][249]LogModuleManager: Shutting down and abandoning module KismetCompiler (132)
[2021.12.09-03.13.33:600][249]LogModuleManager: Shutting down and abandoning module PhysXFormats (130)
[2021.12.09-03.13.33:600][249]LogModuleManager: Shutting down and abandoning module MeshUtilities (128)
[2021.12.09-03.13.33:600][249]LogModuleManager: Shutting down and abandoning module QuadricMeshReduction (127)
[2021.12.09-03.13.33:600][249]LogModuleManager: Shutting down and abandoning module PropertyEditor (125)
[2021.12.09-03.13.33:600][249]LogModuleManager: Shutting down and abandoning module DerivedDataCache (122)
[2021.12.09-03.13.33:613][249]LogDerivedDataCache: Shutdown
[2021.12.09-03.13.33:613][249]LogModuleManager: Shutting down and abandoning module TargetPlatform (120)
[2021.12.09-03.13.33:613][249]LogModuleManager: Shutting down and abandoning module VulkanShaderFormat (119)
[2021.12.09-03.13.33:613][249]LogModuleManager: Shutting down and abandoning module MetalShaderFormat (117)
[2021.12.09-03.13.33:613][249]LogModuleManager: Shutting down and abandoning module ShaderFormatD3D (115)
[2021.12.09-03.13.33:613][249]LogModuleManager: Shutting down and abandoning module ShaderFormatOpenGL (113)
[2021.12.09-03.13.33:613][249]LogModuleManager: Shutting down and abandoning module TextureFormatUncompressed (111)
[2021.12.09-03.13.33:613][249]LogModuleManager: Shutting down and abandoning module TextureFormatASTC (109)
[2021.12.09-03.13.33:613][249]LogModuleManager: Shutting down and abandoning module ImageWrapper (108)
[2021.12.09-03.13.33:613][249]LogModuleManager: Shutting down and abandoning module TextureFormatPVR (105)
[2021.12.09-03.13.33:613][249]LogModuleManager: Shutting down and abandoning module TextureFormatDXT (103)
[2021.12.09-03.13.33:613][249]LogModuleManager: Shutting down and abandoning module TextureFormatIntelISPCTexComp (101)
[2021.12.09-03.13.33:613][249]LogModuleManager: Shutting down and abandoning module AudioFormatOpus (99)
[2021.12.09-03.13.33:613][249]LogModuleManager: Shutting down and abandoning module AudioFormatOgg (97)
[2021.12.09-03.13.33:613][249]LogModuleManager: Shutting down and abandoning module AudioFormatADPCM (95)
[2021.12.09-03.13.33:613][249]LogModuleManager: Shutting down and abandoning module TVOSTargetPlatform (93)
[2021.12.09-03.13.33:613][249]LogModuleManager: Shutting down and abandoning module Messaging (91)
[2021.12.09-03.13.33:613][249]LogModuleManager: Shutting down and abandoning module IOSTargetPlatform (89)
[2021.12.09-03.13.33:613][249]LogModuleManager: Shutting down and abandoning module HTML5TargetPlatform (87)
[2021.12.09-03.13.33:613][249]LogModuleManager: Shutting down and abandoning module Android_MultiTargetPlatform (85)
[2021.12.09-03.13.33:613][249]LogModuleManager: Shutting down and abandoning module Android_ASTCTargetPlatform (83)
[2021.12.09-03.13.33:613][249]LogModuleManager: Shutting down and abandoning module Android_ETC2TargetPlatform (81)
[2021.12.09-03.13.33:613][249]LogModuleManager: Shutting down and abandoning module Android_ETC1TargetPlatform (79)
[2021.12.09-03.13.33:613][249]LogModuleManager: Shutting down and abandoning module Android_DXTTargetPlatform (77)
[2021.12.09-03.13.33:613][249]LogModuleManager: Shutting down and abandoning module Android_ATCTargetPlatform (75)
[2021.12.09-03.13.33:613][249]LogModuleManager: Shutting down and abandoning module Android_PVRTCTargetPlatform (73)
[2021.12.09-03.13.33:613][249]LogModuleManager: Shutting down and abandoning module AndroidTargetPlatform (71)
[2021.12.09-03.13.33:613][249]LogModuleManager: Shutting down and abandoning module AllDesktopTargetPlatform (69)
[2021.12.09-03.13.33:613][249]LogModuleManager: Shutting down and abandoning module WindowsClientTargetPlatform (67)
[2021.12.09-03.13.33:613][249]LogModuleManager: Shutting down and abandoning module WindowsServerTargetPlatform (65)
[2021.12.09-03.13.33:613][249]LogModuleManager: Shutting down and abandoning module WindowsNoEditorTargetPlatform (63)
[2021.12.09-03.13.33:613][249]LogModuleManager: Shutting down and abandoning module WindowsTargetPlatform (61)
[2021.12.09-03.13.33:613][249]LogModuleManager: Shutting down and abandoning module MacClientTargetPlatform (59)
[2021.12.09-03.13.33:613][249]LogModuleManager: Shutting down and abandoning module MacServerTargetPlatform (57)
[2021.12.09-03.13.33:613][249]LogModuleManager: Shutting down and abandoning module MacNoEditorTargetPlatform (55)
[2021.12.09-03.13.33:613][249]LogModuleManager: Shutting down and abandoning module MacTargetPlatform (53)
[2021.12.09-03.13.33:613][249]LogModuleManager: Shutting down and abandoning module InputCore (50)
[2021.12.09-03.13.33:613][249]LogModuleManager: Shutting down and abandoning module Settings (48)
[2021.12.09-03.13.33:613][249]LogModuleManager: Shutting down and abandoning module OculusRift (46)
[2021.12.09-03.13.33:613][249]LogModuleManager: Shutting down and abandoning module GearVR (44)
[2021.12.09-03.13.33:613][249]LogModuleManager: Shutting down and abandoning module ExampleDeviceProfileSelector (42)
[2021.12.09-03.13.33:613][249]LogModuleManager: Shutting down and abandoning module OnlineBlueprintSupport (40)
[2021.12.09-03.13.33:613][249]LogModuleManager: Shutting down and abandoning module OnlineSubsystem (36)
[2021.12.09-03.13.33:613][249]LogOnline:Display: Unloading online subsystem: NULL
[2021.12.09-03.13.33:613][249]LogModuleManager: Shutting down and abandoning module HTTP (35)
[2021.12.09-03.13.33:613][249]LogHttp:Display: Http module shutting down, but needs to wait on 1 outstanding Http requests:
[2021.12.09-03.13.33:613][249]LogHttp:Display: 	verb=[POST] url=[https://datarouter.ol.epicgames.com/datarouter/api/v1/public/data?SessionID=%7B13E29310-4EEB-53D9-EA34-60A781D7723F%7D&AppID=UEEditor.UnrealEngine.Release&AppVersion=4.15.1-0%2B%2B%2BUE4%2BRelease-4.15&UserID=b5f17bbd405697261a06edad71bc6c5e%7Cf4ebde72fd134f808a2c6866fa8daec7%7C13eb4d9e-83c8-40c0-ad2b-99ac3c2f0f4a&AppEnvironment=datacollector-source&UploadType=eteventstream] status=Processing
[2021.12.09-03.13.33:637][249]LogModuleManager: Shutting down and abandoning module SSL (34)
[2021.12.09-03.13.33:637][249]LogModuleManager: Shutting down and abandoning module AudioEditor (30)
[2021.12.09-03.13.33:637][249]LogModuleManager: Shutting down and abandoning module TextureCompressor (28)
[2021.12.09-03.13.33:638][249]LogModuleManager: Shutting down and abandoning module ShaderCore (26)
[2021.12.09-03.13.33:638][249]LogModuleManager: Shutting down and abandoning module Landscape (24)
[2021.12.09-03.13.33:638][249]LogModuleManager: Shutting down and abandoning module SlateRHIRenderer (22)
[2021.12.09-03.13.33:639][249]LogModuleManager: Shutting down and abandoning module OpenGLDrv (20)
[2021.12.09-03.13.33:639][249]LogModuleManager: Shutting down and abandoning module D3D11RHI (18)
[2021.12.09-03.13.33:639][249]LogModuleManager: Shutting down and abandoning module AnimGraphRuntime (16)
[2021.12.09-03.13.33:639][249]LogModuleManager: Shutting down and abandoning module Renderer (14)
[2021.12.09-03.13.33:639][249]LogModuleManager: Shutting down and abandoning module Engine (12)
[2021.12.09-03.13.33:639][249]LogModuleManager: Shutting down and abandoning module CoreUObject (10)
[2021.12.09-03.13.33:639][249]LogModuleManager: Shutting down and abandoning module NetworkFile (8)
[2021.12.09-03.13.33:639][249]LogModuleManager: Shutting down and abandoning module StreamingFile (6)
[2021.12.09-03.13.33:639][249]LogModuleManager: Shutting down and abandoning module SandboxFile (4)
[2021.12.09-03.13.33:639][249]LogModuleManager: Shutting down and abandoning module PakFile (2)
[2021.12.09-03.13.33:640][249]LogExit: Exiting.
[2021.12.09-03.13.33:641][249]Log file closed, 12/08/21 22:13:33
