Log file open, 12/08/21 20:53:38
LogInit:Display: Running engine for game: BlackBoxAudioRoom
LogPlatformFile: Not using cached read wrapper
LogInit:Display: RandInit(-1028343130) SRandInit(-1028343130).
LogInit: Using version manifest at CL 0 with build ID '3c5fb4d8-2571-4905-9aa2-9294a62d95ca'
LogTaskGraph: Started task graph with 5 named threads and 8 total threads with 1 sets of task threads.
LogStats: Stats thread started at 0.099854
LogInit: Using libcurl 7.47.1
LogInit:  - built for x86_64-pc-win32
LogInit:  - supports SSL with OpenSSL/1.0.2g
LogInit:  - supports HTTP deflate (compression) using libz 1.2.8
LogInit:  - other features:
LogInit:      CURL_VERSION_SSL
LogInit:      CURL_VERSION_LIBZ
LogInit:      CURL_VERSION_IPV6
LogInit:      CURL_VERSION_ASYNCHDNS
LogInit:      CURL_VERSION_LARGEFILE
LogInit:      CURL_VERSION_IDN
LogInit:  CurlRequestOptions (configurable via config and command line):
LogInit:  - bVerifyPeer = false  - Libcurl will NOT verify peer certificate
LogInit:  - bUseHttpProxy = false  - Libcurl will NOT use HTTP proxy
LogInit:  - bDontReuseConnections = false  - Libcurl will reuse connections
LogInit:  - CertBundlePath = nullptr  - Libcurl will use whatever was configured at build time.
LogInit: Build: ++UE4+Release-4.15-CL-0
LogInit: Engine Version: 4.15.1-0+++UE4+Release-4.15
LogInit: Compatible Engine Version: 4.15.0-0+++UE4+Release-4.15
LogInit: Net CL: 0
LogDevObjectVersion: Number of dev versions registered: 14
LogDevObjectVersion:   Dev-Blueprints (B0D832E4-1F89-4F0D-ACCF-7EB736FD4AA2): 8
LogDevObjectVersion:   Dev-Build (E1C64328-A22C-4D53-A36C-8E866417BD8C): 0
LogDevObjectVersion:   Dev-Core (375EC13C-06E4-48FB-B500-84F0262A717E): 2
LogDevObjectVersion:   Dev-Editor (E4B068ED-F494-42E9-A231-DA0B2E46BB41): 14
LogDevObjectVersion:   Dev-Framework (CFFC743F-43B0-4480-9391-14DF171D2073): 22
LogDevObjectVersion:   Dev-Mobile (B02B49B5-BB20-44E9-A304-32B752E40360): 0
LogDevObjectVersion:   Dev-Networking (A4E4105C-59A1-49B5-A7C5-40C4547EDFEE): 0
LogDevObjectVersion:   Dev-Online (39C831C9-5AE6-47DC-9A44-9C173E1C8E7C): 0
LogDevObjectVersion:   Dev-Physics (78F01B33-EBEA-4F98-B9B4-84EACCB95AA2): 0
LogDevObjectVersion:   Dev-Platform (6631380F-2D4D-43E0-8009-CF276956A95A): 0
LogDevObjectVersion:   Dev-Rendering (12F88B9F-8875-4AFC-A67C-D90C383ABD29): 12
LogDevObjectVersion:   Dev-Sequencer (7B5AE74C-D270-4C10-A958-57980B212A5A): 3
LogDevObjectVersion:   Dev-VR (D7296918-1DD6-4BDD-9DE2-64A83CC13884): 0
LogDevObjectVersion:   Dev-LoadTimes (C2A15278-BFE7-4AFE-6C17-90FF531DF755): 1
LogInit: Compiled (64-bit): Dec  2 2021 04:36:23
LogInit: Compiled with Visual C++: 19.00.24215.01
LogInit: Build Configuration: Development
LogInit: Branch Name: ++UE4+Release-4.15
LogInit: Command line:  
LogInit: Base directory: C:/Users/erica/Thesis/UE-Aud-4.15.1/Engine/Binaries/Win64/
LogInit: Installed Engine Build: 0
LogInit: Presizing for max 8388607 objects, including 0 objects not considered by GC, pre-allocating 0 bytes for permanent pool.
LogInit: Object subsystem initialized
[2021.12.09-01.53.38:604][  0]LogInit: Selected Device Profile: [Windows]
[2021.12.09-01.53.38:604][  0]LogInit: Applying CVar settings loaded from the selected device profile: [Windows]
[2021.12.09-01.53.38:611][  0]LogInit: Computer: DESKTOP-C4KBQ2T
[2021.12.09-01.53.38:611][  0]LogInit: User: erica
[2021.12.09-01.53.38:611][  0]LogInit: CPU Page size=65536, Cores=4
[2021.12.09-01.53.38:611][  0]LogInit: High frequency timer resolution =10.000000 MHz
[2021.12.09-01.53.38:611][  0]LogMemory: Memory total: Physical=31.9GB (32GB approx)
[2021.12.09-01.53.38:611][  0]LogMemory: Platform Memory Stats for Windows
[2021.12.09-01.53.38:611][  0]LogMemory: Process Physical Memory: 266.84 MB used, 266.84 MB peak
[2021.12.09-01.53.38:611][  0]LogMemory: Process Virtual Memory: 262.10 MB used, 262.10 MB peak
[2021.12.09-01.53.38:611][  0]LogMemory: Physical Memory: 16974.73 MB used,  15720.91 MB free, 32695.64 MB total
[2021.12.09-01.53.38:611][  0]LogMemory: Virtual Memory: 4752.95 MB used,  15720.91 MB free, 134217728.00 MB total
[2021.12.09-01.53.39:607][  0]LogTextLocalizationManager: No specific translations for ('en-US') exist, so ('en') translations will be used.
[2021.12.09-01.53.40:285][  0]LogD3D11RHI: D3D11 adapters:
[2021.12.09-01.53.40:387][  0]LogD3D11RHI:    0. 'NVIDIA GeForce RTX 3070' (Feature Level 11_0)
[2021.12.09-01.53.40:387][  0]LogD3D11RHI:       8043/0/16347 MB DedicatedVideo/DedicatedSystem/SharedSystem, Outputs:1, VendorId:0x10de
[2021.12.09-01.53.40:390][  0]LogD3D11RHI:    1. 'Microsoft Basic Render Driver' (Feature Level 11_0)
[2021.12.09-01.53.40:390][  0]LogD3D11RHI:       0/0/16347 MB DedicatedVideo/DedicatedSystem/SharedSystem, Outputs:0, VendorId:0x1414
[2021.12.09-01.53.40:390][  0]LogD3D11RHI: Chosen D3D11 Adapter: 0
[2021.12.09-01.53.40:401][  0]LogD3D11RHI: Creating new Direct3DDevice
[2021.12.09-01.53.40:401][  0]LogD3D11RHI:     GPU DeviceId: 0x2484 (for the marketing name, search the web for "GPU Device Id")
[2021.12.09-01.53.40:401][  0]LogWindows: EnumDisplayDevices:
[2021.12.09-01.53.40:402][  0]LogWindows:    0. 'NVIDIA GeForce RTX 3070' (P:1 D:1)
[2021.12.09-01.53.40:402][  0]LogWindows:    1. 'NVIDIA GeForce RTX 3070' (P:0 D:0)
[2021.12.09-01.53.40:402][  0]LogWindows:    2. 'NVIDIA GeForce RTX 3070' (P:0 D:0)
[2021.12.09-01.53.40:402][  0]LogWindows:    3. 'NVIDIA GeForce RTX 3070' (P:0 D:0)
[2021.12.09-01.53.40:402][  0]LogWindows: DebugString: GetVideoDriverDetailsInvalid PrimaryIsNotTheChoosenAdapter GetVideoDriverDetailsInvalid PrimaryIsNotTheChoosenAdapter GetVideoDriverDetailsInvalid PrimaryIsNotTheChoosenAdapter GetVideoDriverDetailsInvalid PrimaryIsNotTheChoosenAdapter FoundDriverCount:0 
[2021.12.09-01.53.40:402][  0]LogD3D11RHI:     Adapter Name: NVIDIA GeForce RTX 3070
[2021.12.09-01.53.40:402][  0]LogD3D11RHI:   Driver Version: Unknown (internal:Unknown, unified:Unknown)
[2021.12.09-01.53.40:402][  0]LogD3D11RHI:      Driver Date: Unknown
[2021.12.09-01.53.40:402][  0]LogRHI: Texture pool is 1361 MB (70% of 1945 MB)
[2021.12.09-01.53.40:484][  0]LogD3D11RHI: Async texture creation enabled
[2021.12.09-01.53.40:498][  0]LogD3D11RHI: GPU Timing Frequency: 1000.000000 (Debug: 2 1)
[2021.12.09-01.53.40:499][  0]LogShaderCompilers: Guid format shader working directory is 8 characters bigger than the processId version (../../../../../BlackBoxAudioRoom 4.15/Intermediate/Shaders/WorkingDirectory/55976/).
[2021.12.09-01.53.40:499][  0]LogShaderCompilers: Cleaned the shader compiler working directory 'C:/Users/erica/AppData/Local/Temp/UnrealShaderWorkingDir/9466C3B3450915ADB58AF4B0A8B2C9B9/'.
[2021.12.09-01.53.40:499][  0]LogShaderCompilers:Display: Using Local Shader Compiler.
[2021.12.09-01.53.41:508][  0]LogTemp:Display: Loaded TP MacTargetPlatform
[2021.12.09-01.53.41:592][  0]LogTemp:Display: Loaded TP MacNoEditorTargetPlatform
[2021.12.09-01.53.41:676][  0]LogTemp:Display: Loaded TP MacServerTargetPlatform
[2021.12.09-01.53.41:790][  0]LogTemp:Display: Loaded TP MacClientTargetPlatform
[2021.12.09-01.53.41:869][  0]LogTemp:Display: Loaded TP WindowsTargetPlatform
[2021.12.09-01.53.41:952][  0]LogTemp:Display: Loaded TP WindowsNoEditorTargetPlatform
[2021.12.09-01.53.42:036][  0]LogTemp:Display: Loaded TP WindowsServerTargetPlatform
[2021.12.09-01.53.42:119][  0]LogTemp:Display: Loaded TP WindowsClientTargetPlatform
[2021.12.09-01.53.42:201][  0]LogTemp:Display: Loaded TP AllDesktopTargetPlatform
[2021.12.09-01.53.42:288][  0]LogTemp:Display: Loaded TP AndroidTargetPlatform
[2021.12.09-01.53.42:392][  0]LogTemp:Display: Loaded TP Android_PVRTCTargetPlatform
[2021.12.09-01.53.42:476][  0]LogTemp:Display: Loaded TP Android_ATCTargetPlatform
[2021.12.09-01.53.42:559][  0]LogTemp:Display: Loaded TP Android_DXTTargetPlatform
[2021.12.09-01.53.42:643][  0]LogTemp:Display: Loaded TP Android_ETC1TargetPlatform
[2021.12.09-01.53.42:734][  0]LogTemp:Display: Loaded TP Android_ETC2TargetPlatform
[2021.12.09-01.53.42:823][  0]LogTemp:Display: Loaded TP Android_ASTCTargetPlatform
[2021.12.09-01.53.42:919][  0]LogTemp:Display: Loaded TP Android_MultiTargetPlatform
[2021.12.09-01.53.43:014][  0]LogTemp:Display: Loaded TP HTML5TargetPlatform
[2021.12.09-01.53.43:169][  0]LogTemp:Display: Loaded TP IOSTargetPlatform
[2021.12.09-01.53.43:216][  0]LogTemp:Display: Loaded TP TVOSTargetPlatform
[2021.12.09-01.53.43:216][  0]LogTargetPlatformManager:Display: Building Assets For Windows
[2021.12.09-01.53.43:985][  0]LogDerivedDataCache:Display: Max Cache Size: 512 MB
[2021.12.09-01.53.44:019][  0]LogDerivedDataCache: Loaded boot cache 0.03s 50MB ../../../../../BlackBoxAudioRoom 4.15/DerivedDataCache/Boot.ddc.
[2021.12.09-01.53.44:020][  0]LogDerivedDataCache:Display: Loaded Boot cache: ../../../../../BlackBoxAudioRoom 4.15/DerivedDataCache/Boot.ddc
[2021.12.09-01.53.44:020][  0]LogDerivedDataCache: FDerivedDataBackendGraph:  Pak pak cache file ../../../../../BlackBoxAudioRoom 4.15/DerivedDataCache/DDC.ddp not found, will not use a pak cache.
[2021.12.09-01.53.44:020][  0]LogDerivedDataCache: Unable to find inner node Pak for hierarchical cache Hierarchy.
[2021.12.09-01.53.44:020][  0]LogDerivedDataCache: FDerivedDataBackendGraph:  EnginePak pak cache file ../../../Engine/DerivedDataCache/DDC.ddp not found, will not use a pak cache.
[2021.12.09-01.53.44:020][  0]LogDerivedDataCache: Unable to find inner node EnginePak for hierarchical cache Hierarchy.
[2021.12.09-01.53.44:033][  0]LogDerivedDataCache: Using Local data cache path ../../../Engine/DerivedDataCache: Writable
[2021.12.09-01.53.44:033][  0]LogDerivedDataCache: Shared data cache path not found in *engine.ini, will not use an Shared cache.
[2021.12.09-01.53.44:033][  0]LogDerivedDataCache: Unable to find inner node Shared for hierarchical cache Hierarchy.
[2021.12.09-01.53.44:040][  0]LogSlate: Using Freetype 2.6.0
[2021.12.09-01.53.44:041][  0]LogSlate: SlateFontCache - WITH_FREETYPE: 1, WITH_HARFBUZZ: 1
[2021.12.09-01.53.44:041][  0]LogSlate: SlateFontCache - WITH_FREETYPE: 1, WITH_HARFBUZZ: 1
[2021.12.09-01.53.44:328][  0]LogInit: Selected Device Profile: [Windows]
[2021.12.09-01.53.44:332][  0]LogContentStreaming: Texture pool size is 0.00 MB
[2021.12.09-01.53.44:604][  0]LogMeshUtilities: Using QuadricMeshReduction for automatic static mesh reduction
[2021.12.09-01.53.44:621][  0]LogMeshUtilities: No automatic skeletal mesh reduction module available
[2021.12.09-01.53.44:621][  0]LogMeshUtilities: No automatic mesh merging module available
[2021.12.09-01.53.44:621][  0]LogMeshUtilities: No distributed automatic mesh merging module available
[2021.12.09-01.53.45:218][  0]LogNetVersion: GetLocalNetworkVersion: CL: 0, ProjectName: blackboxaudioroom, ProjectVersion: , EngineNetworkVersion: 2, GameNetworkVersion: 0, NetworkChecksum: 2902508691
[2021.12.09-01.53.45:281][  0]LogAssetRegistry: FAssetRegistry took 0.0221 seconds to start up
[2021.12.09-01.53.45:357][  0]LogPackageLocalizationCache: Processed 3 localized package path(s) for 2 prioritized culture(s) in 0.033038 seconds
[2021.12.09-01.53.45:361][  0]LogUObjectArray: 32472 objects as part of root set at end of initial load.
[2021.12.09-01.53.45:361][  0]LogUObjectAllocator: 7075544 out of 0 bytes used by permanent object pool.
[2021.12.09-01.53.45:361][  0]LogUObjectArray: CloseDisregardForGC: 0/0 objects in disregard for GC pool
[2021.12.09-01.53.45:474][  0]LogInit: WinSock: version 1.1 (2.2), MaxSocks=32767, MaxUdp=65467
[2021.12.09-01.53.48:155][  0]LogTcpMessaging: Initializing TcpMessaging bridge
[2021.12.09-01.53.48:223][  0]LogUdpMessaging: Initializing bridge on interface 0.0.0.0:0 to multicast group 230.0.0.1:6666.
[2021.12.09-01.53.48:225][  0]FUdpSocketBuilder: Failed to subscribe UdpMessageMulticastSocket to multicast group 230.0.0.1
[2021.12.09-01.53.48:225][  0]FUdpSocketBuilder: Failed to create and initialize socket UdpMessageMulticastSocket (last error: 0)
[2021.12.09-01.53.48:225][  0]LogUdpMessaging:Warning: StartTransport failed to create multicast socket on 0.0.0.0:0, joined to 230.0.0.1:6666 with TTL 1
[2021.12.09-01.53.48:451][  0]LogNvAudioFn:Display: FNvAcousticRayTracer::FNvAcousticRayTracer

[2021.12.09-01.53.48:451][  0]LogNvAudioFn:Display: FNvAcousticRayTracer::StartupModule

[2021.12.09-01.53.48:561][  0]LogNvXAudio2Fn:Display: FSpatializationPlugin::FSpatializationPlugin

[2021.12.09-01.53.49:188][  0]LogMaterial: Uniform references updated for custom material expression Custom.
[2021.12.09-01.53.49:830][  0]SourceControl: Info Source control is disabled
[2021.12.09-01.53.49:897][  0]SourceControl: Info Source control is disabled
[2021.12.09-01.53.49:994][  0]SourceControl: Info Source control is disabled
[2021.12.09-01.53.50:086][  0]SourceControl: Info Source control is disabled
[2021.12.09-01.53.52:430][  0]LogEngine: Initializing Engine...
[2021.12.09-01.53.52:431][  0]LogHMD: Failed to initialize OpenVR with code 110
[2021.12.09-01.53.52:738][  0]LogAIModule: Creating AISystem for world Untitled
[2021.12.09-01.53.52:798][  0]LogInit: XAudio2 using 'Headset Earphone (SteelSeries Arctis Pro Chat)' : 2 channels at 48 kHz using 16 bits per sample (channel mask 0x3)
[2021.12.09-01.53.52:821][  0]LogNvXAudio2Fn:Display: FSpatializationPlugin::Initialize

[2021.12.09-01.53.52:821][  0]LogNvXAudio2Fn:Display: FSpatializationPlugin::LoadModule

[2021.12.09-01.53.52:836][  0]LogNvXAudio2Fn:Display: NVARContext::NVARContext

[2021.12.09-01.53.53:110][  0]LogNvXAudio2:Display: nvar context created/retrived successfully: 000002233C704FB0

[2021.12.09-01.53.53:110][  0]LogNvXAudio2Fn:Display: FSpatializationPlugin::GetNewSpatializationAlgorithm

[2021.12.09-01.53.53:110][  0]LogNvXAudio2Fn:Display: FHrtfSpatializationAlgorithmXAudio2::FHrtfSpatializationAlgorithmXAudio2

[2021.12.09-01.53.53:110][  0]LogInit: FAudioDevice initialized.
[2021.12.09-01.53.53:129][  0]LogDerivedDataCache: Saved boot cache 0.02s 50MB ../../../../../BlackBoxAudioRoom 4.15/DerivedDataCache/Boot.ddc.
[2021.12.09-01.53.53:134][  0]LogInit: Texture streaming: Enabled
[2021.12.09-01.53.53:309][  0]LogEngineSessionManager: EngineSessionManager initialized
[2021.12.09-01.53.53:477][  0]LogInit: Transaction tracking system initialized
[2021.12.09-01.53.54:120][  0]BlueprintLog: New page: Editor Load
[2021.12.09-01.53.55:764][  0]LocalizationService: Info Localization service is disabled
[2021.12.09-01.53.56:984][  0]LogConsoleResponse:Display: 
[2021.12.09-01.53.57:116][  0]LogCook:Display: Max memory allowance for cook 16384mb min free memory 0mb
[2021.12.09-01.53.57:116][  0]LogCook:Display: Mobile HDR setting 1
[2021.12.09-01.53.57:856][  0]LogFileCache: Scanning file cache for directory 'C:/Users/erica/BlackBoxAudioRoom 4.15/Content/' took 0.01s
[2021.12.09-01.53.59:055][  0]SourceControl: Info Source control is disabled
[2021.12.09-01.53.59:055][  0]Cmd: MAP LOAD FILE="../../../../../BlackBoxAudioRoom 4.15/Content/CustomContent/tworoomsmultisource.umap" TEMPLATE=0 SHOWPROGRESS=1 FEATURELEVEL=3
[2021.12.09-01.53.59:055][  0]LightingResults: New page: Lighting Build
[2021.12.09-01.53.59:129][  0]LogNvAudioFn:Display: FNvAcousticRayTracer::OnFWorldCleanupEvent

[2021.12.09-01.53.59:129][  0]MapCheck: New page: Map Check
[2021.12.09-01.53.59:129][  0]LightingResults: New page: Lighting Build
[2021.12.09-01.53.59:336][  0]LogEnum:Warning: In asset '/Game/StarterContent/Materials/M_Basic_Wall.M_Basic_Wall', there is an enum property of type 'NvarPredefinedMaterial' with an invalid value of 'NvarPredefinedMaterial::UE4_NVAR_PREDEFINED_MATERIAL_CONCRETE'
[2021.12.09-01.53.59:445][  0]LogAIModule: Creating AISystem for world tworoomsmultisource
[2021.12.09-01.53.59:464][  0]LogEditorServer: Finished looking for orphan Actors (0.000 secs)
[2021.12.09-01.53.59:465][  0]Cmd: MAP CHECKDEP NOCLEARLOG
[2021.12.09-01.53.59:552][  0]MapCheck: Info Map check complete: 0 Error(s), 0 Warning(s), took 87.473ms to complete.
[2021.12.09-01.53.59:552][  0]LogFileHelpers: Loading map 'tworoomsmultisource' took 0.497
[2021.12.09-01.53.59:731][  0]LogCollectionManager: Loaded 0 collections in 0.000709 seconds
[2021.12.09-01.53.59:842][  0]LogFileCache: Scanning file cache for directory 'C:/Users/erica/BlackBoxAudioRoom 4.15/Saved/Collections/' took 0.01s
[2021.12.09-01.53.59:842][  0]LogFileCache: Scanning file cache for directory 'C:/Users/erica/BlackBoxAudioRoom 4.15/Content/Developers/erica/Collections/' took 0.01s
[2021.12.09-01.53.59:842][  0]LogFileCache: Scanning file cache for directory 'C:/Users/erica/BlackBoxAudioRoom 4.15/Content/Collections/' took 0.01s
[2021.12.09-01.53.59:842][  0]LogCollectionManager: Rebuilt the GUID cache for 0 collections in 0.000002 seconds
[2021.12.09-01.53.59:849][  0]LogContentBrowser: Native class hierarchy populated in 0.0061 seconds. Added 2244 classes and 451 folders.
[2021.12.09-01.53.59:851][  0]LogStats: UGameplayTagsManager::ConstructGameplayTagTree: Construct from data asset -  0.000 s
[2021.12.09-01.53.59:851][  0]LogStats: UGameplayTagsManager::ConstructGameplayTagTree: GameplayTagTreeChangedEvent.Broadcast -  0.000 s
[2021.12.09-01.53.59:967][  0]LogContentBrowser: Native class hierarchy updated for 'WidgetCarousel' in 0.0004 seconds. Added 0 classes and 0 folders.
[2021.12.09-01.54.00:020][  0]LogContentBrowser: Native class hierarchy updated for 'AddContentDialog' in 0.0004 seconds. Added 0 classes and 0 folders.
[2021.12.09-01.54.00:096][  0]LogContentBrowser: Native class hierarchy updated for 'SceneOutliner' in 0.0004 seconds. Added 1 classes and 2 folders.
[2021.12.09-01.54.00:157][  0]LogCrashTracker: Crashtracker disabled due to settings.
[2021.12.09-01.54.00:165][  0]LogUObjectGlobals:Warning: Failed to find object 'Class None.'
[2021.12.09-01.54.00:264][  0]LogContentBrowser: Native class hierarchy updated for 'HierarchicalLODOutliner' in 0.0004 seconds. Added 1 classes and 2 folders.
[2021.12.09-01.54.00:265][  0]LogLoad: (Engine Initialization) Total time: 23.67 seconds
[2021.12.09-01.54.00:265][  0]LogLoad: (Engine Initialization) Total Blueprint compile time: 0.18 seconds
[2021.12.09-01.54.00:265][  0]LogExternalProfiler: No external profilers were discovered.  External profiling features will not be available.
[2021.12.09-01.54.00:274][  0]LogOcInput: OculusInput pre-init called
[2021.12.09-01.54.00:286][  0]LogAssetRegistry: Asset discovery search completed in 15.0274 seconds
[2021.12.09-01.54.00:286][  0]LogCollectionManager: Rebuilt the object cache for 0 collections in 0.000000 seconds (found 0 objects)
[2021.12.09-01.54.00:286][  0]LogCollectionManager: Fixed up redirectors for 0 collections in 0.000013 seconds (updated 0 objects)
[2021.12.09-01.54.00:288][  0]LogContentStreaming: Texture pool size now 1000 MB
[2021.12.09-01.54.00:295][  0]LogSlate: Took 0.000339 seconds to synchronously load lazily loaded font '../../../Engine/Content/Slate/Fonts/Roboto-Regular.ttf' (155K)
[2021.12.09-01.54.00:297][  0]LogSlate: Took 0.000465 seconds to synchronously load lazily loaded font '../../../Engine/Content/Slate/Fonts/Roboto-Bold.ttf' (160K)
[2021.12.09-01.54.00:301][  0]LogSlate: Took 0.000328 seconds to synchronously load lazily loaded font '../../../Engine/Content/Editor/Slate/Fonts/FontAwesome.ttf' (139K)
[2021.12.09-01.54.00:399][  0]LogRenderer: Reallocating scene render targets to support 1072x576 NumSamples 1 (Frame:2).
[2021.12.09-01.54.11:177][267]LogEditorViewport: Clicking on Actor (LMB): TextRenderActor (AmbientAudioSource3)
[2021.12.09-01.54.23:125][684]LogEditorViewport: Clicking on Actor (LMB): TextRenderActor (AmbientAudioSource3)
[2021.12.09-01.54.24:317][824]Cmd: EDIT COPY
[2021.12.09-01.54.24:688][867]Cmd: EDIT PASTE
[2021.12.09-01.54.38:311][493]LogEditorViewport: Clicking on Actor (LMB): BP_Sky_Sphere_C (BP_Sky_Sphere)
[2021.12.09-01.54.39:759][662]LogEditorViewport: Clicking on Actor (LMB): BP_Sky_Sphere_C (BP_Sky_Sphere)
[2021.12.09-01.54.40:189][713]LogEditorViewport: Clicking on Actor (LMB): BP_Sky_Sphere_C (BP_Sky_Sphere)
[2021.12.09-01.54.40:877][795]LogEditorViewport: Clicking on Actor (LMB): TextRenderActor (AmbientAudioSource4)
[2021.12.09-01.54.58:919][946]LogEditorViewport: Clicking on Actor (LMB): BP_Sky_Sphere_C (BP_Sky_Sphere)
[2021.12.09-01.55.03:587][487]LogEditorViewport: Clicking on Actor (LMB): TextRenderActor (AmbientAudioSource4)
[2021.12.09-01.55.07:995][  8]LogEditorViewport: Clicking on Actor (LMB): TextRenderActor (AmbientAudioSource1)
[2021.12.09-01.55.10:879][349]Cmd: EDIT COPY
[2021.12.09-01.55.11:191][386]Cmd: EDIT PASTE
[2021.12.09-01.55.14:926][831]LogEditorViewport: Clicking on Actor (LMB): BP_Sky_Sphere_C (BP_Sky_Sphere)
[2021.12.09-01.55.14:986][834]LogEditorViewport: Clicking on Component (LMB): StaticMeshComponent (Sky Sphere mesh)
[2021.12.09-01.55.15:901][940]LogEditorViewport: Clicking on Component (LMB): StaticMeshComponent (Sky Sphere mesh)
[2021.12.09-01.55.15:988][950]LogEditorViewport: Clicking on Actor (double click): BP_Sky_Sphere_C (BP_Sky_Sphere)
[2021.12.09-01.55.16:890][ 56]LogEditorViewport: Clicking on Actor (LMB): TextRenderActor (AmbientAudioSource5)
[2021.12.09-01.55.16:975][ 62]LogEditorViewport: Clicking on Component (LMB): TextRenderComponent (NewTextRenderComponent)
[2021.12.09-01.55.18:288][214]LogSlate: Took 0.000421 seconds to synchronously load lazily loaded font '../../../Engine/Content/Editor/Slate/Fonts/Roboto-Italic.ttf' (157K)
[2021.12.09-01.55.25:507][ 76]LogEditorViewport: Clicking on Actor (LMB): BP_Sky_Sphere_C (BP_Sky_Sphere)
[2021.12.09-01.55.26:284][165]LogEditorViewport: Clicking on Actor (LMB): BP_Sky_Sphere_C (BP_Sky_Sphere)
[2021.12.09-01.55.27:040][254]LogEditorViewport: Clicking on Actor (LMB): TextRenderActor (AmbientAudioSource5)
[2021.12.09-01.55.35:597][275]LogEditorViewport: Clicking on Actor (LMB): BP_Sky_Sphere_C (BP_Sky_Sphere)
[2021.12.09-01.55.36:459][374]LogEditorViewport: Clicking on Actor (context menu): BP_Sky_Sphere_C (BP_Sky_Sphere)
[2021.12.09-01.55.37:066][443]LogEditorViewport: Clicking on Actor (LMB): BP_Sky_Sphere_C (BP_Sky_Sphere)
[2021.12.09-01.55.44:327][298]LogEditorViewport: Clicking on Actor (LMB): BP_Sky_Sphere_C (BP_Sky_Sphere)
[2021.12.09-01.55.44:817][356]LogEditorViewport: Clicking on Actor (LMB): BP_Sky_Sphere_C (BP_Sky_Sphere)
[2021.12.09-01.55.46:247][518]LogEditorViewport: Clicking on Actor (LMB): TextRenderActor (AmbientAudioSource2)
[2021.12.09-01.55.52:031][203]Cmd: EDIT COPY
[2021.12.09-01.55.52:294][234]Cmd: EDIT PASTE
[2021.12.09-01.56.05:939][865]LogEditorViewport: Clicking on Actor (LMB): BP_Sky_Sphere_C (BP_Sky_Sphere)
[2021.12.09-01.56.06:814][966]LogEditorViewport: Clicking on Actor (LMB): TextRenderActor (AmbientAudioSource6)
[2021.12.09-01.56.15:011][935]LogEditorViewport: Clicking on Actor (LMB): BP_Sky_Sphere_C (BP_Sky_Sphere)
[2021.12.09-01.56.22:680][845]LogEditorViewport: Clicking on Actor (LMB): TextRenderActor (AmbientAudioSource6)
[2021.12.09-01.56.24:772][ 87]LogEditorViewport: Clicking on Actor (LMB): BP_Sky_Sphere_C (BP_Sky_Sphere)
[2021.12.09-01.56.29:281][609]LogEditorViewport: Clicking on Actor (LMB): TextRenderActor (Room1Text2)
[2021.12.09-01.56.32:354][970]Cmd: EDIT COPY
[2021.12.09-01.56.32:939][ 39]Cmd: EDIT PASTE
[2021.12.09-01.56.53:322][477]LogEditorViewport: Clicking on Actor (LMB): BP_Sky_Sphere_C (BP_Sky_Sphere)
[2021.12.09-01.56.57:127][925]LogEditorViewport: Clicking on Actor (LMB): StaticMeshActor (Wall_Door_400x402)
[2021.12.09-01.56.58:058][ 28]LogEditorViewport: Clicking on Actor (LMB): TextRenderActor (Room3Text2)
[2021.12.09-01.57.00:352][299]Cmd: EDIT COPY
[2021.12.09-01.57.00:659][335]Cmd: EDIT PASTE
[2021.12.09-01.57.11:679][653]LogEditorViewport: Clicking on Actor (LMB): BP_Sky_Sphere_C (BP_Sky_Sphere)
[2021.12.09-01.57.15:205][ 67]LogEditorViewport: Clicking on Actor (LMB): StaticMeshActor (Wall_Door_400x401)
[2021.12.09-01.57.15:788][129]LogEditorViewport: Clicking on Actor (LMB): TextRenderActor (Room2Text2)
[2021.12.09-01.57.17:643][347]Cmd: EDIT COPY
[2021.12.09-01.57.17:864][373]Cmd: EDIT PASTE
[2021.12.09-01.57.28:863][689]LogEditorViewport: Clicking on Actor (LMB): StaticMeshActor (Wall_Door_400x401)
[2021.12.09-01.57.29:827][799]LogEditorViewport: Clicking on Actor (LMB): BP_Sky_Sphere_C (BP_Sky_Sphere)
[2021.12.09-01.57.31:192][954]LogTemp: Repeting last play command: Selected Viewport
[2021.12.09-01.57.31:200][954]LogBlueprintUserMessages: Early PlayInEditor Detection: Level '/Game/CustomContent/tworoomsmultisource.tworoomsmultisource:PersistentLevel' has LevelScriptBlueprint '/Game/CustomContent/tworoomsmultisource.tworoomsmultisource:PersistentLevel.tworoomsmultisource' with GeneratedClass '/Game/CustomContent/tworoomsmultisource.tworoomsmultisource_C' with ClassGeneratedBy '/Game/CustomContent/tworoomsmultisource.tworoomsmultisource:PersistentLevel.tworoomsmultisource'
[2021.12.09-01.57.31:200][954]LogPlayLevel: PlayLevel: No blueprints needed recompiling
[2021.12.09-01.57.31:200][954]PIE: New page: PIE session: tworoomsmultisource (Dec 8, 2021, 3:57:31 PM)
[2021.12.09-01.57.31:200][954]LogPlayLevel: Creating play world package: /Game/CustomContent/UEDPIE_0_tworoomsmultisource
[2021.12.09-01.57.31:209][954]LogPlayLevel: PIE: StaticDuplicateObject took: (0.008380s)
[2021.12.09-01.57.31:209][954]LogAIModule: Creating AISystem for world tworoomsmultisource
[2021.12.09-01.57.31:209][954]LogNvAudio:Display: NVAR Version: 1000

[2021.12.09-01.57.31:209][954]LogNvAudio:Display: Creating NVAR. Preset: 0

[2021.12.09-01.57.31:209][954]LogNvAudio:Display: nvarCreate success. nvar handle: 000002233C704FB0

[2021.12.09-01.57.31:209][954]LogNvAudio:Display: ReverbLength: 1.000000

[2021.12.09-01.57.31:209][954]LogNvAudioMeshLoad:Display: PreCreateMaterials(8 count)

[2021.12.09-01.57.31:209][954]LogNvAudio:Display: UnitsPerMeter: 100.000000

[2021.12.09-01.57.31:210][954]LogNvAudio:Display: nvarGetSourceFilterArraySize: 384000

[2021.12.09-01.57.31:210][954]LogPlayLevel: PIE: World Init took: (0.000772s)
[2021.12.09-01.57.31:210][954]LogPlayLevel: PIE: Created PIE world by copying editor world from /Game/CustomContent/tworoomsmultisource.tworoomsmultisource to /Game/CustomContent/UEDPIE_0_tworoomsmultisource.tworoomsmultisource (0.009323s)
[2021.12.09-01.57.31:278][954]LogInit: XAudio2 using 'Headset Earphone (SteelSeries Arctis Pro Chat)' : 2 channels at 48 kHz using 16 bits per sample (channel mask 0x3)
[2021.12.09-01.57.31:293][954]LogNvXAudio2Fn:Display: FSpatializationPlugin::Initialize

[2021.12.09-01.57.31:293][954]LogNvXAudio2Fn:Display: FSpatializationPlugin::GetNewSpatializationAlgorithm

[2021.12.09-01.57.31:293][954]LogNvXAudio2Fn:Display: FHrtfSpatializationAlgorithmXAudio2::FHrtfSpatializationAlgorithmXAudio2

[2021.12.09-01.57.31:293][954]LogInit: FAudioDevice initialized.
[2021.12.09-01.57.31:336][954]LogLoad: Game class is 'GameModeBase'
[2021.12.09-01.57.31:338][954]LogWorld: Bringing World /Game/CustomContent/UEDPIE_0_tworoomsmultisource.tworoomsmultisource up for play (max tick rate 0) at 2021.12.08-20.57.31
[2021.12.09-01.57.31:338][954]LogNvAudioFn:Display: FNvAcousticRayTracer::OnPostActorsInitialization

[2021.12.09-01.57.31:338][954]LogNvAudioFn:Display: FNvAcousticRayTracerScene::CommitWorldGeometry (RENDERSTATE)

[2021.12.09-01.57.31:338][954]LogNvAudioMeshLoad:Display: Actor count: 81

[2021.12.09-01.57.31:338][954]LogNvAudioMeshLoad:Display: Actor Wall_400x400_2 Movable 0, components: 1

[2021.12.09-01.57.31:338][954]LogNvAudioMeshLoad:Display: Loading static mesh Wall_400x400_2.StaticMeshComponent0 Wall_400x400 to nvar: 24 verts 12 faces, SImulatePhysics = 0,  staticMeshComponent = 000002233F399600

[2021.12.09-01.57.31:338][954]LogNvAudioMeshLoad:Warning: Unknown material 9 passed. Using NVAR_PREDEFINED_MATERIAL_CONCRETE

[2021.12.09-01.57.31:338][954]LogNvAudioMeshLoad:Display: Material: 0

[2021.12.09-01.57.31:338][954]LogNvAudioMeshLoad:Display: Actor Wall_400x401 Movable 0, components: 1

[2021.12.09-01.57.31:338][954]LogNvAudioMeshLoad:Display: Loading static mesh Wall_400x401.StaticMeshComponent0 Wall_400x400 to nvar: 24 verts 12 faces, SImulatePhysics = 0,  staticMeshComponent = 000002233F398100

[2021.12.09-01.57.31:338][954]LogNvAudioMeshLoad:Warning: Unknown material 9 passed. Using NVAR_PREDEFINED_MATERIAL_CONCRETE

[2021.12.09-01.57.31:338][954]LogNvAudioMeshLoad:Display: Material: 0

[2021.12.09-01.57.31:338][954]LogNvAudioMeshLoad:Display: Actor Wall_Door_400x400_6 Movable 0, components: 1

[2021.12.09-01.57.31:338][954]LogNvAudioMeshLoad:Display: Loading static mesh Wall_Door_400x400_6.StaticMeshComponent0 Wall_Door_400x400 to nvar: 64 verts 44 faces, SImulatePhysics = 0,  staticMeshComponent = 000002233F39A080

[2021.12.09-01.57.31:338][954]LogNvAudioMeshLoad:Warning: Unknown material 9 passed. Using NVAR_PREDEFINED_MATERIAL_CONCRETE

[2021.12.09-01.57.31:338][954]LogNvAudioMeshLoad:Display: Material: 0

[2021.12.09-01.57.31:338][954]LogNvAudioMeshLoad:Display: Actor Wall_400x402 Movable 0, components: 1

[2021.12.09-01.57.31:338][954]LogNvAudioMeshLoad:Display: Loading static mesh Wall_400x402.StaticMeshComponent0 Wall_400x400 to nvar: 24 verts 12 faces, SImulatePhysics = 0,  staticMeshComponent = 0000022385430100

[2021.12.09-01.57.31:338][954]LogNvAudioMeshLoad:Warning: Unknown material 9 passed. Using NVAR_PREDEFINED_MATERIAL_CONCRETE

[2021.12.09-01.57.31:338][954]LogNvAudioMeshLoad:Display: Material: 0

[2021.12.09-01.57.31:338][954]LogNvAudioMeshLoad:Display: Actor Wall_400x403 Movable 0, components: 1

[2021.12.09-01.57.31:338][954]LogNvAudioMeshLoad:Display: Loading static mesh Wall_400x403.StaticMeshComponent0 Wall_400x400 to nvar: 24 verts 12 faces, SImulatePhysics = 0,  staticMeshComponent = 0000022385432B00

[2021.12.09-01.57.31:338][954]LogNvAudioMeshLoad:Warning: Unknown material 9 passed. Using NVAR_PREDEFINED_MATERIAL_CONCRETE

[2021.12.09-01.57.31:338][954]LogNvAudioMeshLoad:Display: Material: 0

[2021.12.09-01.57.31:338][954]LogNvAudioMeshLoad:Display: Actor Wall_400x404 Movable 0, components: 1

[2021.12.09-01.57.31:338][954]LogNvAudioMeshLoad:Display: Loading static mesh Wall_400x404.StaticMeshComponent0 Wall_400x400 to nvar: 24 verts 12 faces, SImulatePhysics = 0,  staticMeshComponent = 000002231D713580

[2021.12.09-01.57.31:338][954]LogNvAudioMeshLoad:Warning: Unknown material 9 passed. Using NVAR_PREDEFINED_MATERIAL_CONCRETE

[2021.12.09-01.57.31:338][954]LogNvAudioMeshLoad:Display: Material: 0

[2021.12.09-01.57.31:338][954]LogNvAudioMeshLoad:Display: Actor Sphere_12 Movable 0, components: 1

[2021.12.09-01.57.31:338][954]LogNvAudioMeshLoad:Display: NOT LOADING Mesh Sphere_12 to NVAR

[2021.12.09-01.57.31:338][954]LogNvAudioMeshLoad:Display: Actor Wall_400x405 Movable 0, components: 1

[2021.12.09-01.57.31:338][954]LogNvAudioMeshLoad:Display: Loading static mesh Wall_400x405.StaticMeshComponent0 Wall_400x400 to nvar: 24 verts 12 faces, SImulatePhysics = 0,  staticMeshComponent = 000002231D710100

[2021.12.09-01.57.31:338][954]LogNvAudioMeshLoad:Warning: Unknown material 9 passed. Using NVAR_PREDEFINED_MATERIAL_CONCRETE

[2021.12.09-01.57.31:338][954]LogNvAudioMeshLoad:Display: Material: 0

[2021.12.09-01.57.31:338][954]LogNvAudioMeshLoad:Display: Actor Wall_400x406 Movable 0, components: 1

[2021.12.09-01.57.31:338][954]LogNvAudioMeshLoad:Display: Loading static mesh Wall_400x406.StaticMeshComponent0 Wall_400x400 to nvar: 24 verts 12 faces, SImulatePhysics = 0,  staticMeshComponent = 000002231D712B00

[2021.12.09-01.57.31:338][954]LogNvAudioMeshLoad:Warning: Unknown material 9 passed. Using NVAR_PREDEFINED_MATERIAL_CONCRETE

[2021.12.09-01.57.31:338][954]LogNvAudioMeshLoad:Display: Material: 0

[2021.12.09-01.57.31:338][954]LogNvAudioMeshLoad:Display: Actor Wall_Door_400x401 Movable 0, components: 1

[2021.12.09-01.57.31:338][954]LogNvAudioMeshLoad:Display: Loading static mesh Wall_Door_400x401.StaticMeshComponent0 Wall_Door_400x400 to nvar: 64 verts 44 faces, SImulatePhysics = 0,  staticMeshComponent = 000002231D712080

[2021.12.09-01.57.31:338][954]LogNvAudioMeshLoad:Warning: Unknown material 9 passed. Using NVAR_PREDEFINED_MATERIAL_CONCRETE

[2021.12.09-01.57.31:338][954]LogNvAudioMeshLoad:Display: Material: 0

[2021.12.09-01.57.31:338][954]LogNvAudioMeshLoad:Display: Actor Wall_400x407 Movable 0, components: 1

[2021.12.09-01.57.31:338][954]LogNvAudioMeshLoad:Display: Loading static mesh Wall_400x407.StaticMeshComponent0 Wall_400x400 to nvar: 24 verts 12 faces, SImulatePhysics = 0,  staticMeshComponent = 000002238583CB80

[2021.12.09-01.57.31:338][954]LogNvAudioMeshLoad:Warning: Unknown material 9 passed. Using NVAR_PREDEFINED_MATERIAL_CONCRETE

[2021.12.09-01.57.31:338][954]LogNvAudioMeshLoad:Display: Material: 0

[2021.12.09-01.57.31:339][954]LogNvAudioMeshLoad:Display: Actor Wall_400x408 Movable 0, components: 1

[2021.12.09-01.57.31:339][954]LogNvAudioMeshLoad:Display: Loading static mesh Wall_400x408.StaticMeshComponent0 Wall_400x400 to nvar: 24 verts 12 faces, SImulatePhysics = 0,  staticMeshComponent = 000002238583EB00

[2021.12.09-01.57.31:339][954]LogNvAudioMeshLoad:Warning: Unknown material 9 passed. Using NVAR_PREDEFINED_MATERIAL_CONCRETE

[2021.12.09-01.57.31:339][954]LogNvAudioMeshLoad:Display: Material: 0

[2021.12.09-01.57.31:339][954]LogNvAudioMeshLoad:Display: Actor Wall_400x409 Movable 0, components: 1

[2021.12.09-01.57.31:339][954]LogNvAudioMeshLoad:Display: Loading static mesh Wall_400x409.StaticMeshComponent0 Wall_400x400 to nvar: 24 verts 12 faces, SImulatePhysics = 0,  staticMeshComponent = 000002231E1BEB00

[2021.12.09-01.57.31:339][954]LogNvAudioMeshLoad:Warning: Unknown material 9 passed. Using NVAR_PREDEFINED_MATERIAL_CONCRETE

[2021.12.09-01.57.31:339][954]LogNvAudioMeshLoad:Display: Material: 0

[2021.12.09-01.57.31:339][954]LogNvAudioMeshLoad:Display: Actor Sphere2 Movable 0, components: 1

[2021.12.09-01.57.31:339][954]LogNvAudioMeshLoad:Display: NOT LOADING Mesh Sphere2 to NVAR

[2021.12.09-01.57.31:339][954]LogNvAudioMeshLoad:Display: Actor Sphere3_2 Movable 0, components: 1

[2021.12.09-01.57.31:339][954]LogNvAudioMeshLoad:Display: NOT LOADING Mesh Sphere3_2 to NVAR

[2021.12.09-01.57.31:339][954]LogNvAudioMeshLoad:Display: Actor Sphere4 Movable 0, components: 1

[2021.12.09-01.57.31:339][954]LogNvAudioMeshLoad:Display: NOT LOADING Mesh Sphere4 to NVAR

[2021.12.09-01.57.31:339][954]LogNvAudioMeshLoad:Display: Actor Wall_400x410 Movable 0, components: 1

[2021.12.09-01.57.31:339][954]LogNvAudioMeshLoad:Display: Loading static mesh Wall_400x410.StaticMeshComponent0 Wall_400x400 to nvar: 24 verts 12 faces, SImulatePhysics = 0,  staticMeshComponent = 000002231E535600

[2021.12.09-01.57.31:339][954]LogNvAudioMeshLoad:Warning: Unknown material 9 passed. Using NVAR_PREDEFINED_MATERIAL_CONCRETE

[2021.12.09-01.57.31:339][954]LogNvAudioMeshLoad:Display: Material: 0

[2021.12.09-01.57.31:339][954]LogNvAudioMeshLoad:Display: Actor Wall_400x411 Movable 0, components: 1

[2021.12.09-01.57.31:339][954]LogNvAudioMeshLoad:Display: Loading static mesh Wall_400x411.StaticMeshComponent0 Wall_400x400 to nvar: 24 verts 12 faces, SImulatePhysics = 0,  staticMeshComponent = 000002231E536080

[2021.12.09-01.57.31:339][954]LogNvAudioMeshLoad:Warning: Unknown material 9 passed. Using NVAR_PREDEFINED_MATERIAL_CONCRETE

[2021.12.09-01.57.31:339][954]LogNvAudioMeshLoad:Display: Material: 0

[2021.12.09-01.57.31:339][954]LogNvAudioMeshLoad:Display: Actor Wall_Door_400x402 Movable 0, components: 1

[2021.12.09-01.57.31:339][954]LogNvAudioMeshLoad:Display: Loading static mesh Wall_Door_400x402.StaticMeshComponent0 Wall_Door_400x400 to nvar: 64 verts 44 faces, SImulatePhysics = 0,  staticMeshComponent = 000002231E537580

[2021.12.09-01.57.31:339][954]LogNvAudioMeshLoad:Warning: Unknown material 9 passed. Using NVAR_PREDEFINED_MATERIAL_CONCRETE

[2021.12.09-01.57.31:339][954]LogNvAudioMeshLoad:Display: Material: 0

[2021.12.09-01.57.31:339][954]LogNvAudioMeshLoad:Display: Actor Wall_400x412 Movable 0, components: 1

[2021.12.09-01.57.31:339][954]LogNvAudioMeshLoad:Display: Loading static mesh Wall_400x412.StaticMeshComponent0 Wall_400x400 to nvar: 24 verts 12 faces, SImulatePhysics = 0,  staticMeshComponent = 000002231E4EF580

[2021.12.09-01.57.31:339][954]LogNvAudioMeshLoad:Warning: Unknown material 9 passed. Using NVAR_PREDEFINED_MATERIAL_CONCRETE

[2021.12.09-01.57.31:339][954]LogNvAudioMeshLoad:Display: Material: 0

[2021.12.09-01.57.31:339][954]LogNvAudioMeshLoad:Display: Actor Wall_400x413 Movable 0, components: 1

[2021.12.09-01.57.31:339][954]LogNvAudioMeshLoad:Display: Loading static mesh Wall_400x413.StaticMeshComponent0 Wall_400x400 to nvar: 24 verts 12 faces, SImulatePhysics = 0,  staticMeshComponent = 000002231E4EC100

[2021.12.09-01.57.31:339][954]LogNvAudioMeshLoad:Warning: Unknown material 9 passed. Using NVAR_PREDEFINED_MATERIAL_CONCRETE

[2021.12.09-01.57.31:339][954]LogNvAudioMeshLoad:Display: Material: 0

[2021.12.09-01.57.31:339][954]LogNvAudioMeshLoad:Display: Actor Wall_400x414 Movable 0, components: 1

[2021.12.09-01.57.31:339][954]LogNvAudioMeshLoad:Display: Loading static mesh Wall_400x414.StaticMeshComponent0 Wall_400x400 to nvar: 24 verts 12 faces, SImulatePhysics = 0,  staticMeshComponent = 00000223208A8100

[2021.12.09-01.57.31:339][954]LogNvAudioMeshLoad:Warning: Unknown material 9 passed. Using NVAR_PREDEFINED_MATERIAL_CONCRETE

[2021.12.09-01.57.31:339][954]LogNvAudioMeshLoad:Display: Material: 0

[2021.12.09-01.57.31:339][954]LogNvAudioMeshLoad:Display: Actor Sphere5 Movable 0, components: 1

[2021.12.09-01.57.31:339][954]LogNvAudioMeshLoad:Display: NOT LOADING Mesh Sphere5 to NVAR

[2021.12.09-01.57.31:339][954]LogNvAudioMeshLoad:Display: Actor Cube_19 Movable 0, components: 1

[2021.12.09-01.57.31:339][954]LogNvAudioMeshLoad:Display: Loading static mesh Cube_19.StaticMeshComponent0 Cube to nvar: 54 verts 48 faces, SImulatePhysics = 0,  staticMeshComponent = 000002238560B580

[2021.12.09-01.57.31:339][954]LogNvAudioMeshLoad:Display: Material: 0

[2021.12.09-01.57.31:339][954]LogNvAudioMeshLoad:Display: Actor Cube2 Movable 0, components: 1

[2021.12.09-01.57.31:339][954]LogNvAudioMeshLoad:Display: Loading static mesh Cube2.StaticMeshComponent0 Cube to nvar: 54 verts 48 faces, SImulatePhysics = 0,  staticMeshComponent = 000002238560AB00

[2021.12.09-01.57.31:339][954]LogNvAudioMeshLoad:Display: Material: 0

[2021.12.09-01.57.31:339][954]LogNvAudioMeshLoad:Display: Actor Floor_400x400_2 Movable 0, components: 1

[2021.12.09-01.57.31:339][954]LogNvAudioMeshLoad:Display: NOT LOADING Mesh Floor_400x400_2 to NVAR

[2021.12.09-01.57.31:339][954]LogNvAudioMeshLoad:Display: Actor Sphere6 Movable 0, components: 1

[2021.12.09-01.57.31:339][954]LogNvAudioMeshLoad:Display: NOT LOADING Mesh Sphere6 to NVAR

[2021.12.09-01.57.31:339][954]LogNvAudioMeshLoad:Display: Actor Room1SlidingDoor Movable 1, components: 1

[2021.12.09-01.57.31:339][954]LogNvAudioMeshLoad:Display: Loading static mesh Room1SlidingDoor.StaticMeshComponent0 Cube to nvar: 54 verts 48 faces, SImulatePhysics = 0,  staticMeshComponent = 000002231E1BF580

[2021.12.09-01.57.31:339][954]LogNvAudioMeshLoad:Display: Material: 0

[2021.12.09-01.57.31:339][954]LogNvAudioMeshLoad:Display: Actor Room2SlidingDoor_6 Movable 1, components: 1

[2021.12.09-01.57.31:339][954]LogNvAudioMeshLoad:Display: Loading static mesh Room2SlidingDoor_6.StaticMeshComponent0 Cube to nvar: 54 verts 48 faces, SImulatePhysics = 0,  staticMeshComponent = 000002233F356080

[2021.12.09-01.57.31:339][954]LogNvAudioMeshLoad:Display: Material: 0

[2021.12.09-01.57.31:339][954]LogNvAudioMeshLoad:Display: Actor SlidingDoor3_2 Movable 1, components: 1

[2021.12.09-01.57.31:339][954]LogNvAudioMeshLoad:Display: Loading static mesh SlidingDoor3_2.StaticMeshComponent0 Cube to nvar: 54 verts 48 faces, SImulatePhysics = 0,  staticMeshComponent = 000002238560A080

[2021.12.09-01.57.31:339][954]LogNvAudioMeshLoad:Display: Material: 0

[2021.12.09-01.57.31:339][954]LogWorld: Bringing up level for play took: 0.002459
[2021.12.09-01.57.31:415][954]LogContentBrowser: Native class hierarchy updated for 'MovieSceneCapture' in 0.0005 seconds. Added 11 classes and 0 folders.
[2021.12.09-01.57.31:416][954]PIE: Info Play in editor start time for /Game/CustomContent/UEDPIE_0_tworoomsmultisource 0.747
[2021.12.09-01.57.31:416][954]LogBlueprintUserMessages: Late PlayInEditor Detection: Level '/Game/CustomContent/tworoomsmultisource.tworoomsmultisource:PersistentLevel' has LevelScriptBlueprint '/Game/CustomContent/tworoomsmultisource.tworoomsmultisource:PersistentLevel.tworoomsmultisource' with GeneratedClass '/Game/CustomContent/tworoomsmultisource.tworoomsmultisource_C' with ClassGeneratedBy '/Game/CustomContent/tworoomsmultisource.tworoomsmultisource:PersistentLevel.tworoomsmultisource'
[2021.12.09-01.57.35:871][483]LogNvXAudio2:Display: Creating nvar source. Effect Preset: 1

[2021.12.09-01.57.35:871][483]LogNvXAudio2:Display: nvarSetSourceDirectPathGain(): 5.000000

[2021.12.09-01.57.35:871][483]LogNvXAudio2:Display: nvarSetSourceIndirectPathGain(): 5.000000

[2021.12.09-01.57.36:190][522]LogNvAudio:Display: Audio FPS: 112

[2021.12.09-01.57.36:362][542]LogNvXAudio2:Display: Creating nvar source. Effect Preset: 1

[2021.12.09-01.57.36:362][542]LogNvXAudio2:Display: nvarSetSourceDirectPathGain(): 5.000000

[2021.12.09-01.57.36:362][542]LogNvXAudio2:Display: nvarSetSourceIndirectPathGain(): 5.000000

[2021.12.09-01.57.36:878][604]LogNvXAudio2:Display: Destroying nvar source 0000022390F95200

[2021.12.09-01.57.36:881][604]LogNvXAudio2:Display: Creating nvar source. Effect Preset: 1

[2021.12.09-01.57.36:881][604]LogNvXAudio2:Display: nvarSetSourceDirectPathGain(): 5.000000

[2021.12.09-01.57.36:881][604]LogNvXAudio2:Display: nvarSetSourceIndirectPathGain(): 5.000000

[2021.12.09-01.57.37:370][663]LogNvXAudio2:Display: Destroying nvar source 0000022390F95290

[2021.12.09-01.57.37:373][663]LogNvXAudio2:Display: Creating nvar source. Effect Preset: 1

[2021.12.09-01.57.37:373][663]LogNvXAudio2:Display: nvarSetSourceDirectPathGain(): 5.000000

[2021.12.09-01.57.37:373][663]LogNvXAudio2:Display: nvarSetSourceIndirectPathGain(): 5.000000

[2021.12.09-01.57.37:894][726]LogNvXAudio2:Display: Destroying nvar source 0000022390F95200

[2021.12.09-01.57.38:103][751]LogBlueprintUserMessages: Early EndPlayMap Detection: Level '/Game/CustomContent/tworoomsmultisource.tworoomsmultisource:PersistentLevel' has LevelScriptBlueprint '/Game/CustomContent/tworoomsmultisource.tworoomsmultisource:PersistentLevel.tworoomsmultisource' with GeneratedClass '/Game/CustomContent/tworoomsmultisource.tworoomsmultisource_C' with ClassGeneratedBy '/Game/CustomContent/tworoomsmultisource.tworoomsmultisource:PersistentLevel.tworoomsmultisource'
[2021.12.09-01.57.38:107][751]LogNvXAudio2:Display: Destroying nvar source 0000022321FC81C0

[2021.12.09-01.57.38:109][751]LogNvAudioFn:Display: FNvAcousticRayTracer::OnFWorldCleanupEvent

[2021.12.09-01.57.38:145][751]LogBlueprintUserMessages: Late EndPlayMap Detection: Level '/Game/CustomContent/tworoomsmultisource.tworoomsmultisource:PersistentLevel' has LevelScriptBlueprint '/Game/CustomContent/tworoomsmultisource.tworoomsmultisource:PersistentLevel.tworoomsmultisource' with GeneratedClass '/Game/CustomContent/tworoomsmultisource.tworoomsmultisource_C' with ClassGeneratedBy '/Game/CustomContent/tworoomsmultisource.tworoomsmultisource:PersistentLevel.tworoomsmultisource'
[2021.12.09-01.57.38:154][751]LogNvXAudio2Fn:Display: FHrtfSpatializationAlgorithmXAudio2::~FHrtfSpatializationAlgorithmXAudio2

[2021.12.09-01.57.38:154][751]LogNvXAudio2Fn:Display: FSpatializationPlugin::Shutdown

[2021.12.09-01.57.40:569][ 37]LogEditorViewport: Clicking on Actor (LMB): StaticMeshActor (Wall_Door_400x402)
[2021.12.09-02.00.58:471][807]LogRenderer: Reallocating scene render targets to support 1076x576 NumSamples 1 (Frame:16850).
[2021.12.09-02.00.58:534][807]LogRenderer: Reallocating scene render targets to support 1096x576 NumSamples 1 (Frame:16851).
[2021.12.09-02.00.58:589][807]LogRenderer: Reallocating scene render targets to support 1100x576 NumSamples 1 (Frame:16852).
[2021.12.09-02.00.58:644][807]LogRenderer: Reallocating scene render targets to support 1112x576 NumSamples 1 (Frame:16853).
[2021.12.09-02.00.58:692][807]LogRenderer: Reallocating scene render targets to support 1124x576 NumSamples 1 (Frame:16854).
[2021.12.09-02.00.58:747][807]LogRenderer: Reallocating scene render targets to support 1132x576 NumSamples 1 (Frame:16855).
[2021.12.09-02.01.02:806][268]Cmd: ACTOR CREATE_BV_CONVEXVOLUME NORMALTOLERANCE=0.01 SnapToGrid=1
[2021.12.09-02.01.02:807][268]Cmd: BRUSH ADDVOLUME CLASS=BlockingVolume
[2021.12.09-02.01.04:065][418]Cmd: ACTOR CREATE_BV_CONVEXVOLUME NORMALTOLERANCE=0.01 SnapToGrid=1
[2021.12.09-02.01.04:066][418]Cmd: BRUSH ADDVOLUME CLASS=BlockingVolume
[2021.12.09-02.01.05:256][560]Cmd: ACTOR CREATE_BV_BOUNDINGBOX SnapToGrid=1
[2021.12.09-02.01.05:256][560]Cmd: BRUSH ADDVOLUME CLASS=BlockingVolume
[2021.12.09-02.03.32:449][749]LogActorFactory: Actor Factory created Cube
[2021.12.09-02.03.32:766][786]LogActorFactory: Actor Factory created Cube
[2021.12.09-02.03.45:515][290]LogEditorViewport: Clicking on Actor (LMB): StaticMeshActor (Cube3)
[2021.12.09-02.03.46:357][390]Cmd: DELETE
[2021.12.09-02.03.46:357][390]Cmd: ACTOR DELETE
[2021.12.09-02.03.46:358][390]LogEditorActor: Deleted Actor: StaticMeshActor
[2021.12.09-02.03.46:365][390]LogEditorActor: Deleted 1 Actors (0.008 secs)
[2021.12.09-02.03.47:597][538]LogEditorViewport: Clicking on Actor (LMB): StaticMeshActor (Wall_Door_400x402)
[2021.12.09-02.04.04:875][729]LogSlate: Took 0.004393 seconds to synchronously load lazily loaded font '../../../Engine/Content/Slate/Fonts/Roboto-Light.ttf' (159K)
[2021.12.09-02.04.13:873][756]LogSlate: Took 0.000318 seconds to synchronously load lazily loaded font '../../../Engine/Content/Slate/Fonts/Roboto-Light.ttf' (159K)
[2021.12.09-02.04.14:106][756]LogSavePackage: Save=180.68ms
[2021.12.09-02.04.14:106][756]LogSavePackage: Moving '../../../../../BlackBoxAudioRoom 4.15/Saved/tworoomsmultisource_Auto12B4885A54193EA3835C309970471C447.tmp' to '../../../../../BlackBoxAudioRoom 4.15/Saved/Autosaves/Game/CustomContent/tworoomsmultisource_Auto1.umap'
[2021.12.09-02.04.14:109][756]LogSavePackage:Display: Finished SavePackage ../../../../../BlackBoxAudioRoom 4.15/Saved/Autosaves/Game/CustomContent/tworoomsmultisource_Auto1.umap
[2021.12.09-02.04.14:113][756]LogFileHelpers: Editor autosave (incl. sublevels) for '/Game/CustomContent/tworoomsmultisource' took 0.213
[2021.12.09-02.04.14:113][756]LogFileHelpers: Editor autosave (incl. sublevels) for all levels took 0.213
[2021.12.09-02.04.54:579][ 73]LogEditorViewport: Clicking on Actor (LMB): StaticMeshActor (Wall_400x410)
[2021.12.09-02.06.19:076][611]LogEditorViewport: Clicking on Actor (LMB): BP_Sky_Sphere_C (BP_Sky_Sphere)
[2021.12.09-02.06.21:067][834]LogEditorViewport: Clicking on Actor (LMB): StaticMeshActor (Wall_Door_400x400)
[2021.12.09-02.06.30:650][959]LogTexture:Display: Building textures: T_Wood_Walnut_N (BC5, 2048X2048) - 112 MB total VRAM
[2021.12.09-02.06.30:994][959]LogTexture:Display: Building textures: T_Wood_Walnut_D (AutoDXT, 2048X2048) - 112 MB total VRAM
[2021.12.09-02.06.32:437][959]LogMaterial: Missing cached shader map for material M_Wood_Walnut, compiling. 
[2021.12.09-02.06.32:439][959]LogTemp:Display: Added material ShaderMap 0x0000022304BA6E80 with Material 0x0000022362B62080 to ShaderMapsBeingCompiled
[2021.12.09-02.06.32:468][959]LogTemp:Display: Kicking off shader compilation for M_Wood_Walnut, GameThreadShaderMap 0x0000022304BA6E80
[2021.12.09-02.06.34:661][175]LogTemp:Display: Finished compile of shader map 0x0000022304BA6E80
[2021.12.09-02.06.34:661][175]LogTemp:Display: Shader map M_Wood_Walnut complete, GameThreadShaderMap 0x0000022304BA6E80, marking material M_Wood_Walnut as finished
[2021.12.09-02.06.34:661][175]LogTemp:Display: Marking material as finished 0x0000022362B62080
[2021.12.09-02.08.47:634][950]LogEditorViewport: Clicking on Actor (LMB): BP_Sky_Sphere_C (BP_Sky_Sphere)
[2021.12.09-02.08.55:711][804]LogEditorViewport: Clicking on Actor (LMB): BP_Sky_Sphere_C (BP_Sky_Sphere)
[2021.12.09-02.08.58:356][116]LogEditorViewport: Clicking on Actor (LMB): BP_Sky_Sphere_C (BP_Sky_Sphere)
[2021.12.09-02.08.58:955][186]Cmd: TRANSACTION UNDO
[2021.12.09-02.08.58:955][186]LogEditorTransaction: Undo Clicking on Actors
[2021.12.09-02.08.59:367][232]Cmd: TRANSACTION UNDO
[2021.12.09-02.08.59:367][232]LogEditorTransaction: Undo Clicking on Actors
[2021.12.09-02.09.00:404][351]LogEditorViewport: Clicking on Actor (LMB): BP_Sky_Sphere_C (BP_Sky_Sphere)
[2021.12.09-02.09.00:805][398]LogEditorViewport: Clicking on Actor (context menu): BP_Sky_Sphere_C (BP_Sky_Sphere)
[2021.12.09-02.09.01:466][474]LogEditorViewport: Clicking on Actor (LMB): BP_Sky_Sphere_C (BP_Sky_Sphere)
[2021.12.09-02.09.01:896][524]LogEditorViewport: Clicking on Actor (LMB): StaticMeshActor (Wall_Door_400x402)
[2021.12.09-02.10.44:350][299]Cmd: TRANSACTION UNDO
[2021.12.09-02.10.44:350][299]LogEditorTransaction: Undo Add Component
[2021.12.09-02.11.11:757][290]LogEditorViewport: Clicking on Actor (LMB): BP_Sky_Sphere_C (BP_Sky_Sphere)
[2021.12.09-02.11.18:800][127]LogEditorViewport: Clicking on Actor (LMB): StaticMeshActor (Wall_Door_400x402)
[2021.12.09-02.12.05:347][212]Cmd: QUIT_EDITOR
[2021.12.09-02.12.05:374][212]LogNvXAudio2Fn:Display: FHrtfSpatializationAlgorithmXAudio2::~FHrtfSpatializationAlgorithmXAudio2

[2021.12.09-02.12.05:374][212]LogNvXAudio2Fn:Display: FSpatializationPlugin::Shutdown

[2021.12.09-02.12.05:374][212]LogNvXAudio2:Display: Destroying nvar context: 000002233C704FB0

[2021.12.09-02.12.05:386][212]LogNvXAudio2Fn:Display: FSpatializationPlugin::ReleaseModule

[2021.12.09-02.12.05:617][212]LogWindowsTextInputMethodSystem:Display: IME system now deactivated.
[2021.12.09-02.12.05:638][212]LogExit: Preparing to exit.
[2021.12.09-02.12.05:638][212]LogNvAudioFn:Display: FNvAcousticRayTracer::PreExit

[2021.12.09-02.12.05:894][212]LogNvAudioFn:Display: FNvAcousticRayTracer::OnFWorldCleanupEvent

[2021.12.09-02.12.05:894][212]LogNvAudioFn:Display: FNvAcousticRayTracer::OnFWorldCleanupEvent

[2021.12.09-02.12.05:894][212]LogNvAudioFn:Display: FNvAcousticRayTracer::OnFWorldCleanupEvent

[2021.12.09-02.12.05:894][212]LogNvAudioFn:Display: FNvAcousticRayTracer::OnFWorldCleanupEvent

[2021.12.09-02.12.05:894][212]LogNvAudioFn:Display: FNvAcousticRayTracer::OnFWorldCleanupEvent

[2021.12.09-02.12.05:901][212]LogDirectoryWatcher: A directory notification for 'C:/Users/erica/BlackBoxAudioRoom 4.15/Content/' was aborted.
[2021.12.09-02.12.05:916][212]LogNvAudioFn:Display: FNvAcousticRayTracer::OnFWorldCleanupEvent

[2021.12.09-02.12.05:916][212]LogExit: Editor shut down
[2021.12.09-02.12.05:916][212]LogExit: Transaction tracking system shut down
[2021.12.09-02.12.05:963][212]LogObj: Freed 0b from 0 cluster array pools.
[2021.12.09-02.12.05:963][212]LogExit: Object subsystem successfully closed.
[2021.12.09-02.12.05:975][212]LogD3D11RHI: Shutdown
[2021.12.09-02.12.05:975][212]LogD3D11RHI: CleanupD3DDevice
[2021.12.09-02.12.06:037][212]LogD3D11RHI: ~FD3D11DynamicRHI
[2021.12.09-02.12.06:055][212]LogModuleManager: Shutting down and abandoning module MovieSceneCapture (488)
[2021.12.09-02.12.06:055][212]LogModuleManager: Shutting down and abandoning module HierarchicalLODOutliner (486)
[2021.12.09-02.12.06:055][212]LogModuleManager: Shutting down and abandoning module CrashTracker (484)
[2021.12.09-02.12.06:055][212]LogModuleManager: Shutting down and abandoning module SceneOutliner (482)
[2021.12.09-02.12.06:055][212]LogModuleManager: Shutting down and abandoning module AddContentDialog (480)
[2021.12.09-02.12.06:055][212]LogDirectoryWatcher: A directory notification for 'C:/Users/erica/Thesis/UE-Aud-4.15.1/FeaturePacks/' was aborted.
[2021.12.09-02.12.06:056][212]LogModuleManager: Shutting down and abandoning module WidgetCarousel (479)
[2021.12.09-02.12.06:056][212]LogModuleManager: Shutting down and abandoning module EditorWidgets (476)
[2021.12.09-02.12.06:056][212]LogModuleManager: Shutting down and abandoning module CollectionManager (474)
[2021.12.09-02.12.06:056][212]LogDirectoryWatcher: A directory notification for 'C:/Users/erica/BlackBoxAudioRoom 4.15/Content/Collections/' was aborted.
[2021.12.09-02.12.06:056][212]LogDirectoryWatcher: A directory notification for 'C:/Users/erica/BlackBoxAudioRoom 4.15/Content/Developers/erica/Collections/' was aborted.
[2021.12.09-02.12.06:056][212]LogDirectoryWatcher: A directory notification for 'C:/Users/erica/BlackBoxAudioRoom 4.15/Saved/Collections/' was aborted.
[2021.12.09-02.12.06:056][212]LogModuleManager: Shutting down and abandoning module StatsViewer (472)
[2021.12.09-02.12.06:056][212]LogModuleManager: Shutting down and abandoning module FoliageEdit (470)
[2021.12.09-02.12.06:056][212]LogModuleManager: Shutting down and abandoning module LandscapeEditor (468)
[2021.12.09-02.12.06:056][212]LogModuleManager: Shutting down and abandoning module SceneDepthPickerMode (466)
[2021.12.09-02.12.06:056][212]LogModuleManager: Shutting down and abandoning module ActorPickerMode (464)
[2021.12.09-02.12.06:056][212]LogModuleManager: Shutting down and abandoning module GeometryMode (462)
[2021.12.09-02.12.06:056][212]LogModuleManager: Shutting down and abandoning module TextureAlignMode (460)
[2021.12.09-02.12.06:056][212]LogModuleManager: Shutting down and abandoning module BspMode (458)
[2021.12.09-02.12.06:056][212]LogModuleManager: Shutting down and abandoning module HardwareSurvey (456)
[2021.12.09-02.12.06:056][212]LogModuleManager: Shutting down and abandoning module SequenceRecorderSections (454)
[2021.12.09-02.12.06:056][212]LogModuleManager: Shutting down and abandoning module AutomationWorker (452)
[2021.12.09-02.12.06:056][212]LogModuleManager: Shutting down and abandoning module MatineeToLevelSequence (450)
[2021.12.09-02.12.06:056][212]LogModuleManager: Shutting down and abandoning module LevelSequenceEditor (448)
[2021.12.09-02.12.06:056][212]LogModuleManager: Shutting down and abandoning module PlacementMode (447)
[2021.12.09-02.12.06:056][212]LogModuleManager: Shutting down and abandoning module WmfMediaFactory (444)
[2021.12.09-02.12.06:056][212]LogModuleManager: Shutting down and abandoning module WmfMediaEditor (442)
[2021.12.09-02.12.06:056][212]LogModuleManager: Shutting down and abandoning module MfMediaFactory (440)
[2021.12.09-02.12.06:056][212]LogModuleManager: Shutting down and abandoning module MfMediaEditor (438)
[2021.12.09-02.12.06:056][212]LogModuleManager: Shutting down and abandoning module AvfMediaFactory (436)
[2021.12.09-02.12.06:056][212]LogModuleManager: Shutting down and abandoning module AvfMediaEditor (434)
[2021.12.09-02.12.06:056][212]LogModuleManager: Shutting down and abandoning module AndroidMediaFactory (432)
[2021.12.09-02.12.06:056][212]LogModuleManager: Shutting down and abandoning module Media (431)
[2021.12.09-02.12.06:056][212]LogModuleManager: Shutting down and abandoning module AndroidMediaEditor (428)
[2021.12.09-02.12.06:056][212]LogModuleManager: Shutting down and abandoning module CharacterAI (426)
[2021.12.09-02.12.06:056][212]LogModuleManager: Shutting down and abandoning module AudioCapture (424)
[2021.12.09-02.12.06:056][212]LogModuleManager: Shutting down and abandoning module SequenceRecorder (423)
[2021.12.09-02.12.06:056][212]LogModuleManager: Shutting down and abandoning module SmartSnapping (420)
[2021.12.09-02.12.06:056][212]LogModuleManager: Shutting down and abandoning module SessionServices (418)
[2021.12.09-02.12.06:056][212]LogModuleManager: Shutting down and abandoning module ViewportSnapping (416)
[2021.12.09-02.12.06:056][212]LogModuleManager: Shutting down and abandoning module ViewportInteraction (414)
[2021.12.09-02.12.06:056][212]LogModuleManager: Shutting down and abandoning module LogVisualizer (412)
[2021.12.09-02.12.06:056][212]LogModuleManager: Shutting down and abandoning module IntroTutorials (410)
[2021.12.09-02.12.06:056][212]LogModuleManager: Shutting down and abandoning module GameProjectGeneration (409)
[2021.12.09-02.12.06:056][212]LogModuleManager: Shutting down and abandoning module EditorLiveStreaming (406)
[2021.12.09-02.12.06:056][212]LogModuleManager: Shutting down and abandoning module IOSPlatformEditor (404)
[2021.12.09-02.12.06:056][212]LogModuleManager: Shutting down and abandoning module HTML5PlatformEditor (402)
[2021.12.09-02.12.06:056][212]LogModuleManager: Shutting down and abandoning module AndroidPlatformEditor (400)
[2021.12.09-02.12.06:056][212]LogModuleManager: Shutting down and abandoning module AndroidDeviceDetection (399)
[2021.12.09-02.12.06:115][212]LogModuleManager: Shutting down and abandoning module IOSRuntimeSettings (396)
[2021.12.09-02.12.06:115][212]LogModuleManager: Shutting down and abandoning module AndroidRuntimeSettings (394)
[2021.12.09-02.12.06:115][212]LogModuleManager: Shutting down and abandoning module InputBindingEditor (392)
[2021.12.09-02.12.06:115][212]LogModuleManager: Shutting down and abandoning module NiagaraEditor (390)
[2021.12.09-02.12.06:115][212]LogModuleManager: Shutting down and abandoning module MergeActors (388)
[2021.12.09-02.12.06:115][212]LogModuleManager: Shutting down and abandoning module SizeMap (386)
[2021.12.09-02.12.06:115][212]LogModuleManager: Shutting down and abandoning module TreeMap (384)
[2021.12.09-02.12.06:115][212]LogModuleManager: Shutting down and abandoning module ReferenceViewer (382)
[2021.12.09-02.12.06:115][212]LogModuleManager: Shutting down and abandoning module LocalizationDashboard (380)
[2021.12.09-02.12.06:115][212]LogModuleManager: Shutting down and abandoning module LocalizationService (379)
[2021.12.09-02.12.06:115][212]LogModuleManager: Shutting down and abandoning module HardwareTargeting (376)
[2021.12.09-02.12.06:115][212]LogModuleManager: Shutting down and abandoning module DeviceProfileEditor (374)
[2021.12.09-02.12.06:115][212]LogModuleManager: Shutting down and abandoning module UndoHistory (372)
[2021.12.09-02.12.06:115][212]LogModuleManager: Shutting down and abandoning module UserFeedback (370)
[2021.12.09-02.12.06:115][212]LogModuleManager: Shutting down and abandoning module XmlParser (368)
[2021.12.09-02.12.06:115][212]LogModuleManager: Shutting down and abandoning module Blutility (366)
[2021.12.09-02.12.06:115][212]LogModuleManager: Shutting down and abandoning module ProjectSettingsViewer (364)
[2021.12.09-02.12.06:115][212]LogModuleManager: Shutting down and abandoning module ProjectTargetPlatformEditor (363)
[2021.12.09-02.12.06:115][212]LogModuleManager: Shutting down and abandoning module EditorSettingsViewer (360)
[2021.12.09-02.12.06:115][212]LogModuleManager: Shutting down and abandoning module SettingsEditor (358)
[2021.12.09-02.12.06:115][212]LogModuleManager: Shutting down and abandoning module ProjectLauncher (356)
[2021.12.09-02.12.06:115][212]LogModuleManager: Shutting down and abandoning module SessionFrontend (354)
[2021.12.09-02.12.06:115][212]LogModuleManager: Shutting down and abandoning module ProfilerClient (352)
[2021.12.09-02.12.06:115][212]LogModuleManager: Shutting down and abandoning module DeviceManager (350)
[2021.12.09-02.12.06:115][212]LogModuleManager: Shutting down and abandoning module TargetDeviceServices (349)
[2021.12.09-02.12.06:170][212]LogModuleManager: Shutting down and abandoning module AutomationController (346)
[2021.12.09-02.12.06:170][212]LogModuleManager: Shutting down and abandoning module AutomationWindow (344)
[2021.12.09-02.12.06:170][212]LogModuleManager: Shutting down and abandoning module Layers (342)
[2021.12.09-02.12.06:170][212]LogModuleManager: Shutting down and abandoning module ComponentVisualizers (340)
[2021.12.09-02.12.06:170][212]LogModuleManager: Shutting down and abandoning module DetailCustomizations (338)
[2021.12.09-02.12.06:170][212]LogModuleManager: Shutting down and abandoning module PackagesDialog (336)
[2021.12.09-02.12.06:170][212]LogModuleManager: Shutting down and abandoning module Persona (334)
[2021.12.09-02.12.06:170][212]LogModuleManager: Shutting down and abandoning module AnimGraph (333)
[2021.12.09-02.12.06:170][212]LogModuleManager: Shutting down and abandoning module Kismet (330)
[2021.12.09-02.12.06:171][212]LogModuleManager: Shutting down and abandoning module GraphEditor (328)
[2021.12.09-02.12.06:171][212]LogModuleManager: Shutting down and abandoning module ClassViewer (326)
[2021.12.09-02.12.06:171][212]LogModuleManager: Shutting down and abandoning module Toolbox (324)
[2021.12.09-02.12.06:171][212]LogModuleManager: Shutting down and abandoning module ModuleUI (322)
[2021.12.09-02.12.06:171][212]LogModuleManager: Shutting down and abandoning module MovieSceneTools (320)
[2021.12.09-02.12.06:171][212]LogModuleManager: Shutting down and abandoning module OutputLog (318)
[2021.12.09-02.12.06:171][212]LogModuleManager: Shutting down and abandoning module GammaUI (316)
[2021.12.09-02.12.06:171][212]LogModuleManager: Shutting down and abandoning module Documentation (314)
[2021.12.09-02.12.06:171][212]LogModuleManager: Shutting down and abandoning module Niagara (312)
[2021.12.09-02.12.06:171][212]LogModuleManager: Shutting down and abandoning module StreamingPauseRendering (310)
[2021.12.09-02.12.06:171][212]LogModuleManager: Shutting down and abandoning module AnalyticsET (308)
[2021.12.09-02.12.06:171][212]LogModuleManager: Shutting down and abandoning module PortalServices (306)
[2021.12.09-02.12.06:171][212]LogModuleManager: Shutting down and abandoning module PortalRpc (304)
[2021.12.09-02.12.06:171][212]LogModuleManager: Shutting down and abandoning module MessagingRpc (302)
[2021.12.09-02.12.06:171][212]LogModuleManager: Shutting down and abandoning module AIModule (300)
[2021.12.09-02.12.06:171][212]LogModuleManager: Shutting down and abandoning module GameplayDebugger (299)
[2021.12.09-02.12.06:171][212]LogModuleManager: Shutting down and abandoning module AITestSuite (297)
[2021.12.09-02.12.06:171][212]LogModuleManager: Shutting down and abandoning module ProfilerService (294)
[2021.12.09-02.12.06:280][212]LogModuleManager: Shutting down and abandoning module TaskGraph (292)
[2021.12.09-02.12.06:280][212]LogModuleManager: Shutting down and abandoning module SteamVRController (290)
[2021.12.09-02.12.06:280][212]LogModuleManager: Shutting down and abandoning module SteamVR (288)
[2021.12.09-02.12.06:280][212]LogModuleManager: Shutting down and abandoning module ProceduralMeshComponentEditor (286)
[2021.12.09-02.12.06:280][212]LogModuleManager: Shutting down and abandoning module ProceduralMeshComponent (284)
[2021.12.09-02.12.06:280][212]LogModuleManager: Shutting down and abandoning module OculusLibrary (282)
[2021.12.09-02.12.06:280][212]LogModuleManager: Shutting down and abandoning module OculusInput (280)
[2021.12.09-02.12.06:280][212]LogModuleManager: Shutting down and abandoning module MobilePatchingUtils (278)
[2021.12.09-02.12.06:280][212]LogModuleManager: Shutting down and abandoning module CustomMeshComponent (276)
[2021.12.09-02.12.06:280][212]LogModuleManager: Shutting down and abandoning module CableComponent (274)
[2021.12.09-02.12.06:280][212]LogModuleManager: Shutting down and abandoning module ArchVisCharacter (272)
[2021.12.09-02.12.06:280][212]LogModuleManager: Shutting down and abandoning module MediaPlayerEditor (268)
[2021.12.09-02.12.06:280][212]LogModuleManager: Shutting down and abandoning module HTML5Networking (266)
[2021.12.09-02.12.06:280][212]LogModuleManager: Shutting down and abandoning module AlembicImporter (264)
[2021.12.09-02.12.06:280][212]LogModuleManager: Shutting down and abandoning module AlembicLibrary (263)
[2021.12.09-02.12.06:280][212]LogModuleManager: Shutting down and abandoning module GeometryCache (262)
[2021.12.09-02.12.06:280][212]LogModuleManager: Shutting down and abandoning module GeometryCacheEd (261)
[2021.12.09-02.12.06:280][212]LogModuleManager: Shutting down and abandoning module SuperSearchEditor (256)
[2021.12.09-02.12.06:280][212]LogModuleManager: Shutting down and abandoning module SuperSearch (255)
[2021.12.09-02.12.06:280][212]LogModuleManager: Shutting down and abandoning module SpeedTreeImporter (252)
[2021.12.09-02.12.06:280][212]LogModuleManager: Shutting down and abandoning module PluginBrowser (250)
[2021.12.09-02.12.06:280][212]LogModuleManager: Shutting down and abandoning module MobileLauncherProfileWizard (248)
[2021.12.09-02.12.06:280][212]LogModuleManager: Shutting down and abandoning module EpicSurvey (246)
[2021.12.09-02.12.06:281][212]LogModuleManager: Shutting down and abandoning module VisualStudioSourceCodeAccess (244)
[2021.12.09-02.12.06:281][212]LogModuleManager: Shutting down and abandoning module DesktopPlatform (243)
[2021.12.09-02.12.06:281][212]LogModuleManager: Shutting down and abandoning module UObjectPlugin (240)
[2021.12.09-02.12.06:281][212]LogModuleManager: Shutting down and abandoning module SubversionSourceControl (238)
[2021.12.09-02.12.06:281][212]LogModuleManager: Shutting down and abandoning module PerforceSourceControl (236)
[2021.12.09-02.12.06:281][212]LogModuleManager: Shutting down and abandoning module GitSourceControl (234)
[2021.12.09-02.12.06:281][212]LogModuleManager: Shutting down and abandoning module SourceControl (233)
[2021.12.09-02.12.06:281][212]LogModuleManager: Shutting down and abandoning module LightPropagationVolumeEditor (230)
[2021.12.09-02.12.06:281][212]LogModuleManager: Shutting down and abandoning module PaperTiledImporter (228)
[2021.12.09-02.12.06:281][212]LogModuleManager: Shutting down and abandoning module PaperSpriteSheetImporter (226)
[2021.12.09-02.12.06:281][212]LogModuleManager: Shutting down and abandoning module Paper2DEditor (224)
[2021.12.09-02.12.06:281][212]LogModuleManager: Shutting down and abandoning module MeshPaint (223)
[2021.12.09-02.12.06:281][212]LogModuleManager: Shutting down and abandoning module LevelEditor (221)
[2021.12.09-02.12.06:281][212]LogModuleManager: Shutting down and abandoning module PixelInspectorModule (220)
[2021.12.09-02.12.06:281][212]LogModuleManager: Shutting down and abandoning module MainFrame (218)
[2021.12.09-02.12.06:281][212]LogModuleManager: Shutting down and abandoning module HotReload (217)
[2021.12.09-02.12.06:282][212]LogModuleManager: Shutting down and abandoning module ContentBrowser (213)
[2021.12.09-02.12.06:282][212]LogModuleManager: Shutting down and abandoning module PhysXVehiclesEditor (210)
[2021.12.09-02.12.06:282][212]LogModuleManager: Shutting down and abandoning module PhysXVehicles (208)
[2021.12.09-02.12.06:282][212]LogModuleManager: Shutting down and abandoning module Spatialization (206)
[2021.12.09-02.12.06:282][212]LogModuleManager: Shutting down and abandoning module AcousticRayTracer (204)
[2021.12.09-02.12.06:282][212]LogNvAudioFn:Display: FNvAcousticRayTracer::ShutdownModule

[2021.12.09-02.12.06:283][212]LogModuleManager: Shutting down and abandoning module LocationServicesBPLibrary (202)
[2021.12.09-02.12.06:283][212]LogModuleManager: Shutting down and abandoning module UdpMessaging (200)
[2021.12.09-02.12.06:384][212]LogModuleManager: Shutting down and abandoning module TcpMessaging (198)
[2021.12.09-02.12.06:789][212]LogModuleManager: Shutting down and abandoning module GameplayTagsEditor (196)
[2021.12.09-02.12.06:789][212]LogModuleManager: Shutting down and abandoning module FacialAnimationEditor (194)
[2021.12.09-02.12.06:789][212]LogModuleManager: Shutting down and abandoning module FacialAnimation (192)
[2021.12.09-02.12.06:789][212]LogModuleManager: Shutting down and abandoning module LightPropagationVolumeRuntime (190)
[2021.12.09-02.12.06:789][212]LogModuleManager: Shutting down and abandoning module Paper2D (188)
[2021.12.09-02.12.06:789][212]LogModuleManager: Shutting down and abandoning module WindowsMoviePlayer (186)
[2021.12.09-02.12.06:789][212]LogModuleManager: Shutting down and abandoning module WmfMedia (184)
[2021.12.09-02.12.06:793][212]LogModuleManager: Shutting down and abandoning module MfMedia (182)
[2021.12.09-02.12.06:793][212]LogModuleManager: Shutting down and abandoning module MediaAssets (180)
[2021.12.09-02.12.06:793][212]LogModuleManager: Shutting down and abandoning module GameLiveStreaming (178)
[2021.12.09-02.12.06:793][212]LogModuleManager: Shutting down and abandoning module VREditor (176)
[2021.12.09-02.12.06:793][212]LogModuleManager: Shutting down and abandoning module GameplayTasksEditor (174)
[2021.12.09-02.12.06:793][212]LogModuleManager: Shutting down and abandoning module BehaviorTreeEditor (172)
[2021.12.09-02.12.06:793][212]LogModuleManager: Shutting down and abandoning module FunctionalTesting (170)
[2021.12.09-02.12.06:793][212]LogModuleManager: Shutting down and abandoning module CollisionAnalyzer (168)
[2021.12.09-02.12.06:793][212]LogModuleManager: Shutting down and abandoning module UMG (166)
[2021.12.09-02.12.06:793][212]LogModuleManager: Shutting down and abandoning module UMGEditor (165)
[2021.12.09-02.12.06:793][212]LogModuleManager: Shutting down and abandoning module Sequencer (164)
[2021.12.09-02.12.06:794][212]LogModuleManager: Shutting down and abandoning module AssetTools (162)
[2021.12.09-02.12.06:794][212]LogModuleManager: Shutting down and abandoning module MessageLog (161)
[2021.12.09-02.12.06:794][212]LogModuleManager: Shutting down and abandoning module WorkspaceMenuStructure (160)
[2021.12.09-02.12.06:794][212]LogModuleManager: Shutting down and abandoning module SlateReflector (154)
[2021.12.09-02.12.06:794][212]LogModuleManager: Shutting down and abandoning module Slate (152)
[2021.12.09-02.12.06:794][212]LogModuleManager: Shutting down and abandoning module EditorStyle (150)
[2021.12.09-02.12.06:796][212]LogModuleManager: Shutting down and abandoning module SourceCodeAccess (148)
[2021.12.09-02.12.06:796][212]LogModuleManager: Shutting down and abandoning module HeadMountedDisplay (146)
[2021.12.09-02.12.06:796][212]LogModuleManager: Shutting down and abandoning module XAudio2 (144)
[2021.12.09-02.12.06:796][212]LogModuleManager: Shutting down and abandoning module Networking (142)
[2021.12.09-02.12.06:796][212]LogModuleManager: Shutting down and abandoning module Core (138)
[2021.12.09-02.12.06:796][212]LogModuleManager: Shutting down and abandoning module AssetRegistry (136)
[2021.12.09-02.12.06:949][212]LogDirectoryWatcher: A directory notification for '../../../Engine/Content/' was aborted.
[2021.12.09-02.12.06:949][212]LogDirectoryWatcher: A directory notification for '../../../../../BlackBoxAudioRoom 4.15/Content/' was aborted.
[2021.12.09-02.12.06:949][212]LogDirectoryWatcher: A directory notification for '../../../Engine/Plugins/2D/Paper2D/Content/' was aborted.
[2021.12.09-02.12.06:949][212]LogModuleManager: Shutting down and abandoning module DirectoryWatcher (135)
[2021.12.09-02.12.06:949][212]LogModuleManager: Shutting down and abandoning module KismetCompiler (132)
[2021.12.09-02.12.06:949][212]LogModuleManager: Shutting down and abandoning module PhysXFormats (130)
[2021.12.09-02.12.06:949][212]LogModuleManager: Shutting down and abandoning module MeshUtilities (128)
[2021.12.09-02.12.06:949][212]LogModuleManager: Shutting down and abandoning module QuadricMeshReduction (127)
[2021.12.09-02.12.06:949][212]LogModuleManager: Shutting down and abandoning module PropertyEditor (125)
[2021.12.09-02.12.06:949][212]LogModuleManager: Shutting down and abandoning module DerivedDataCache (122)
[2021.12.09-02.12.07:038][212]LogDerivedDataCache: Shutdown
[2021.12.09-02.12.07:038][212]LogModuleManager: Shutting down and abandoning module TargetPlatform (120)
[2021.12.09-02.12.07:038][212]LogModuleManager: Shutting down and abandoning module VulkanShaderFormat (119)
[2021.12.09-02.12.07:038][212]LogModuleManager: Shutting down and abandoning module MetalShaderFormat (117)
[2021.12.09-02.12.07:038][212]LogModuleManager: Shutting down and abandoning module ShaderFormatD3D (115)
[2021.12.09-02.12.07:038][212]LogModuleManager: Shutting down and abandoning module ShaderFormatOpenGL (113)
[2021.12.09-02.12.07:038][212]LogModuleManager: Shutting down and abandoning module TextureFormatUncompressed (111)
[2021.12.09-02.12.07:038][212]LogModuleManager: Shutting down and abandoning module TextureFormatASTC (109)
[2021.12.09-02.12.07:038][212]LogModuleManager: Shutting down and abandoning module ImageWrapper (108)
[2021.12.09-02.12.07:038][212]LogModuleManager: Shutting down and abandoning module TextureFormatPVR (105)
[2021.12.09-02.12.07:038][212]LogModuleManager: Shutting down and abandoning module TextureFormatDXT (103)
[2021.12.09-02.12.07:038][212]LogModuleManager: Shutting down and abandoning module TextureFormatIntelISPCTexComp (101)
[2021.12.09-02.12.07:038][212]LogModuleManager: Shutting down and abandoning module AudioFormatOpus (99)
[2021.12.09-02.12.07:038][212]LogModuleManager: Shutting down and abandoning module AudioFormatOgg (97)
[2021.12.09-02.12.07:038][212]LogModuleManager: Shutting down and abandoning module AudioFormatADPCM (95)
[2021.12.09-02.12.07:038][212]LogModuleManager: Shutting down and abandoning module TVOSTargetPlatform (93)
[2021.12.09-02.12.07:038][212]LogModuleManager: Shutting down and abandoning module Messaging (91)
[2021.12.09-02.12.07:038][212]LogModuleManager: Shutting down and abandoning module IOSTargetPlatform (89)
[2021.12.09-02.12.07:038][212]LogModuleManager: Shutting down and abandoning module HTML5TargetPlatform (87)
[2021.12.09-02.12.07:038][212]LogModuleManager: Shutting down and abandoning module Android_MultiTargetPlatform (85)
[2021.12.09-02.12.07:038][212]LogModuleManager: Shutting down and abandoning module Android_ASTCTargetPlatform (83)
[2021.12.09-02.12.07:038][212]LogModuleManager: Shutting down and abandoning module Android_ETC2TargetPlatform (81)
[2021.12.09-02.12.07:038][212]LogModuleManager: Shutting down and abandoning module Android_ETC1TargetPlatform (79)
[2021.12.09-02.12.07:038][212]LogModuleManager: Shutting down and abandoning module Android_DXTTargetPlatform (77)
[2021.12.09-02.12.07:038][212]LogModuleManager: Shutting down and abandoning module Android_ATCTargetPlatform (75)
[2021.12.09-02.12.07:038][212]LogModuleManager: Shutting down and abandoning module Android_PVRTCTargetPlatform (73)
[2021.12.09-02.12.07:038][212]LogModuleManager: Shutting down and abandoning module AndroidTargetPlatform (71)
[2021.12.09-02.12.07:038][212]LogModuleManager: Shutting down and abandoning module AllDesktopTargetPlatform (69)
[2021.12.09-02.12.07:038][212]LogModuleManager: Shutting down and abandoning module WindowsClientTargetPlatform (67)
[2021.12.09-02.12.07:038][212]LogModuleManager: Shutting down and abandoning module WindowsServerTargetPlatform (65)
[2021.12.09-02.12.07:038][212]LogModuleManager: Shutting down and abandoning module WindowsNoEditorTargetPlatform (63)
[2021.12.09-02.12.07:038][212]LogModuleManager: Shutting down and abandoning module WindowsTargetPlatform (61)
[2021.12.09-02.12.07:038][212]LogModuleManager: Shutting down and abandoning module MacClientTargetPlatform (59)
[2021.12.09-02.12.07:038][212]LogModuleManager: Shutting down and abandoning module MacServerTargetPlatform (57)
[2021.12.09-02.12.07:038][212]LogModuleManager: Shutting down and abandoning module MacNoEditorTargetPlatform (55)
[2021.12.09-02.12.07:038][212]LogModuleManager: Shutting down and abandoning module MacTargetPlatform (53)
[2021.12.09-02.12.07:038][212]LogModuleManager: Shutting down and abandoning module InputCore (50)
[2021.12.09-02.12.07:038][212]LogModuleManager: Shutting down and abandoning module Settings (48)
[2021.12.09-02.12.07:038][212]LogModuleManager: Shutting down and abandoning module OculusRift (46)
[2021.12.09-02.12.07:038][212]LogModuleManager: Shutting down and abandoning module GearVR (44)
[2021.12.09-02.12.07:038][212]LogModuleManager: Shutting down and abandoning module ExampleDeviceProfileSelector (42)
[2021.12.09-02.12.07:038][212]LogModuleManager: Shutting down and abandoning module OnlineBlueprintSupport (40)
[2021.12.09-02.12.07:038][212]LogModuleManager: Shutting down and abandoning module OnlineSubsystem (36)
[2021.12.09-02.12.07:038][212]LogOnline:Display: Unloading online subsystem: NULL
[2021.12.09-02.12.07:039][212]LogModuleManager: Shutting down and abandoning module HTTP (35)
[2021.12.09-02.12.07:039][212]LogHttp:Display: Http module shutting down, but needs to wait on 1 outstanding Http requests:
[2021.12.09-02.12.07:039][212]LogHttp:Display: 	verb=[POST] url=[https://datarouter.ol.epicgames.com/datarouter/api/v1/public/data?SessionID=%7BBD00EC84-499A-DB20-C0F8-FC866F83D895%7D&AppID=UEEditor.UnrealEngine.Release&AppVersion=4.15.1-0%2B%2B%2BUE4%2BRelease-4.15&UserID=b5f17bbd405697261a06edad71bc6c5e%7Cf4ebde72fd134f808a2c6866fa8daec7%7C13eb4d9e-83c8-40c0-ad2b-99ac3c2f0f4a&AppEnvironment=datacollector-source&UploadType=eteventstream] status=Processing
[2021.12.09-02.12.07:062][212]LogModuleManager: Shutting down and abandoning module SSL (34)
[2021.12.09-02.12.07:062][212]LogModuleManager: Shutting down and abandoning module AudioEditor (30)
[2021.12.09-02.12.07:062][212]LogModuleManager: Shutting down and abandoning module TextureCompressor (28)
[2021.12.09-02.12.07:062][212]LogModuleManager: Shutting down and abandoning module ShaderCore (26)
[2021.12.09-02.12.07:062][212]LogModuleManager: Shutting down and abandoning module Landscape (24)
[2021.12.09-02.12.07:062][212]LogModuleManager: Shutting down and abandoning module SlateRHIRenderer (22)
[2021.12.09-02.12.07:063][212]LogModuleManager: Shutting down and abandoning module OpenGLDrv (20)
[2021.12.09-02.12.07:063][212]LogModuleManager: Shutting down and abandoning module D3D11RHI (18)
[2021.12.09-02.12.07:063][212]LogModuleManager: Shutting down and abandoning module AnimGraphRuntime (16)
[2021.12.09-02.12.07:063][212]LogModuleManager: Shutting down and abandoning module Renderer (14)
[2021.12.09-02.12.07:063][212]LogModuleManager: Shutting down and abandoning module Engine (12)
[2021.12.09-02.12.07:063][212]LogModuleManager: Shutting down and abandoning module CoreUObject (10)
[2021.12.09-02.12.07:063][212]LogModuleManager: Shutting down and abandoning module NetworkFile (8)
[2021.12.09-02.12.07:063][212]LogModuleManager: Shutting down and abandoning module StreamingFile (6)
[2021.12.09-02.12.07:063][212]LogModuleManager: Shutting down and abandoning module SandboxFile (4)
[2021.12.09-02.12.07:063][212]LogModuleManager: Shutting down and abandoning module PakFile (2)
[2021.12.09-02.12.07:064][212]LogExit: Exiting.
[2021.12.09-02.12.07:065][212]Log file closed, 12/08/21 21:12:07
